Copyright 1986-2018 Xilinx, Inc. All Rights Reserved.
------------------------------------------------------------------------------------
| Tool Version : Vivado v.2018.3 (win64) Build 2405991 Thu Dec  6 23:38:27 MST 2018
| Date         : Thu Dec 18 16:07:20 2025
| Host         : LAPTOP-DHS056N6 running 64-bit major release  (build 9200)
| Command      : upgrade_ip
| Device       : xc7z020clg400-1
------------------------------------------------------------------------------------

Upgrade Log for IP 'img_rot_design_axi_image_rotator_0_0'

1. Summary
----------

SUCCESS in the upgrade of img_rot_design_axi_image_rotator_0_0 (xilinx.com:user:axi_image_rotator:1.0) from (Rev. 21) to (Rev. 22)






Copyright 1986-2018 Xilinx, Inc. All Rights Reserved.
------------------------------------------------------------------------------------
| Tool Version : Vivado v.2018.3 (win64) Build 2405991 Thu Dec  6 23:38:27 MST 2018
| Date         : Thu Dec 18 16:02:20 2025
| Host         : LAPTOP-DHS056N6 running 64-bit major release  (build 9200)
| Command      : upgrade_ip
| Device       : xc7z020clg400-1
------------------------------------------------------------------------------------

Upgrade Log for IP 'img_rot_design_axi_image_rotator_0_0'

1. Summary
----------

SUCCESS in the upgrade of img_rot_design_axi_image_rotator_0_0 (xilinx.com:user:axi_image_rotator:1.0) from (Rev. 20) to (Rev. 21)






Copyright 1986-2018 Xilinx, Inc. All Rights Reserved.
------------------------------------------------------------------------------------
| Tool Version : Vivado v.2018.3 (win64) Build 2405991 Thu Dec  6 23:38:27 MST 2018
| Date         : Thu Dec 18 15:35:38 2025
| Host         : LAPTOP-DHS056N6 running 64-bit major release  (build 9200)
| Command      : upgrade_ip
| Device       : xc7z020clg400-1
------------------------------------------------------------------------------------

Upgrade Log for IP 'img_rot_design_axi_image_rotator_0_0'

1. Summary
----------

SUCCESS in the upgrade of img_rot_design_axi_image_rotator_0_0 (xilinx.com:user:axi_image_rotator:1.0) from (Rev. 19) to (Rev. 20)






Copyright 1986-2018 Xilinx, Inc. All Rights Reserved.
------------------------------------------------------------------------------------
| Tool Version : Vivado v.2018.3 (win64) Build 2405991 Thu Dec  6 23:38:27 MST 2018
| Date         : Thu Dec 18 15:10:54 2025
| Host         : LAPTOP-DHS056N6 running 64-bit major release  (build 9200)
| Command      : upgrade_ip
| Device       : xc7z020clg400-1
------------------------------------------------------------------------------------

Upgrade Log for IP 'img_rot_design_axi_image_rotator_0_0'

1. Summary
----------

SUCCESS in the upgrade of img_rot_design_axi_image_rotator_0_0 (xilinx.com:user:axi_image_rotator:1.0) from (Rev. 18) to (Rev. 19)






Copyright 1986-2018 Xilinx, Inc. All Rights Reserved.
------------------------------------------------------------------------------------
| Tool Version : Vivado v.2018.3 (win64) Build 2405991 Thu Dec  6 23:38:27 MST 2018
| Date         : Thu Dec 18 14:31:04 2025
| Host         : LAPTOP-DHS056N6 running 64-bit major release  (build 9200)
| Command      : upgrade_ip
| Device       : xc7z020clg400-1
------------------------------------------------------------------------------------

Upgrade Log for IP 'img_rot_design_axi_image_rotator_0_0'

1. Summary
----------

SUCCESS in the upgrade of img_rot_design_axi_image_rotator_0_0 (xilinx.com:user:axi_image_rotator:1.0) from (Rev. 16) to (Rev. 18)






Copyright 1986-2018 Xilinx, Inc. All Rights Reserved.
------------------------------------------------------------------------------------
| Tool Version : Vivado v.2018.3 (win64) Build 2405991 Thu Dec  6 23:38:27 MST 2018
| Date         : Thu Dec 18 14:17:51 2025
| Host         : LAPTOP-DHS056N6 running 64-bit major release  (build 9200)
| Command      : upgrade_ip
| Device       : xc7z020clg400-1
------------------------------------------------------------------------------------

Upgrade Log for IP 'img_rot_design_axi_image_rotator_0_0'

1. Summary
----------

SUCCESS in the conversion of img_rot_design_axi_image_rotator_0_0 (xilinx.com:user:axi_image_rotator:1.0 (Rev. 16)) to Vivado generation flows.






Copyright 1986-2018 Xilinx, Inc. All Rights Reserved.
------------------------------------------------------------------------------------
| Tool Version : Vivado v.2018.3 (win64) Build 2405991 Thu Dec  6 23:38:27 MST 2018
| Date         : Thu Dec 18 14:11:14 2025
| Host         : LAPTOP-DHS056N6 running 64-bit major release  (build 9200)
| Command      : upgrade_ip
| Device       : xc7z020clg400-1
------------------------------------------------------------------------------------

Upgrade Log for IP 'img_rot_design_axi_image_rotator_0_0'

1. Summary
----------

SUCCESS in the conversion of img_rot_design_axi_image_rotator_0_0 (xilinx.com:user:axi_image_rotator:1.0 (Rev. 16)) to Vivado generation flows.






Copyright 1986-2018 Xilinx, Inc. All Rights Reserved.
------------------------------------------------------------------------------------
| Tool Version : Vivado v.2018.3 (win64) Build 2405991 Thu Dec  6 23:38:27 MST 2018
| Date         : Thu Dec 18 13:44:38 2025
| Host         : LAPTOP-DHS056N6 running 64-bit major release  (build 9200)
| Command      : upgrade_ip
| Device       : xc7z020clg400-1
------------------------------------------------------------------------------------

Upgrade Log for IP 'img_rot_design_axi_image_rotator_0_0'

1. Summary
----------

SUCCESS in the upgrade of img_rot_design_axi_image_rotator_0_0 (xilinx.com:user:axi_image_rotator:1.0) from (Rev. 15) to (Rev. 16)






Copyright 1986-2018 Xilinx, Inc. All Rights Reserved.
------------------------------------------------------------------------------------
| Tool Version : Vivado v.2018.3 (win64) Build 2405991 Thu Dec  6 23:38:27 MST 2018
| Date         : Thu Dec 18 13:42:47 2025
| Host         : LAPTOP-DHS056N6 running 64-bit major release  (build 9200)
| Command      : upgrade_ip
| Device       : xc7z020clg400-1
------------------------------------------------------------------------------------

Upgrade Log for IP 'img_rot_design_axi_image_rotator_0_0'

1. Summary
----------

SUCCESS in the upgrade of img_rot_design_axi_image_rotator_0_0 (xilinx.com:user:axi_image_rotator:1.0) from (Rev. 14) to (Rev. 15)






Copyright 1986-2018 Xilinx, Inc. All Rights Reserved.
------------------------------------------------------------------------------------
| Tool Version : Vivado v.2018.3 (win64) Build 2405991 Thu Dec  6 23:38:27 MST 2018
| Date         : Thu Dec 18 13:25:58 2025
| Host         : LAPTOP-DHS056N6 running 64-bit major release  (build 9200)
| Command      : upgrade_ip
| Device       : xc7z020clg400-1
------------------------------------------------------------------------------------

Upgrade Log for IP 'img_rot_design_axi_image_rotator_0_0'

1. Summary
----------

SUCCESS in the upgrade of img_rot_design_axi_image_rotator_0_0 (xilinx.com:user:axi_image_rotator:1.0) from (Rev. 13) to (Rev. 14)






Copyright 1986-2018 Xilinx, Inc. All Rights Reserved.
------------------------------------------------------------------------------------
| Tool Version : Vivado v.2018.3 (win64) Build 2405991 Thu Dec  6 23:38:27 MST 2018
| Date         : Thu Dec 18 13:24:50 2025
| Host         : LAPTOP-DHS056N6 running 64-bit major release  (build 9200)
| Command      : upgrade_ip
| Device       : xc7z020clg400-1
------------------------------------------------------------------------------------

Upgrade Log for IP 'img_rot_design_axi_image_rotator_0_0'

1. Summary
----------

SUCCESS in the conversion of img_rot_design_axi_image_rotator_0_0 (xilinx.com:user:axi_image_rotator:1.0 (Rev. 13)) to Vivado generation flows.






Copyright 1986-2018 Xilinx, Inc. All Rights Reserved.
------------------------------------------------------------------------------------
| Tool Version : Vivado v.2018.3 (win64) Build 2405991 Thu Dec  6 23:38:27 MST 2018
| Date         : Thu Dec 18 13:18:51 2025
| Host         : LAPTOP-DHS056N6 running 64-bit major release  (build 9200)
| Command      : upgrade_ip
| Device       : xc7z020clg400-1
------------------------------------------------------------------------------------

Upgrade Log for IP 'img_rot_design_axi_image_rotator_0_0'

1. Summary
----------

SUCCESS in the conversion of img_rot_design_axi_image_rotator_0_0 (xilinx.com:user:axi_image_rotator:1.0 (Rev. 13)) to Vivado generation flows.






Copyright 1986-2018 Xilinx, Inc. All Rights Reserved.
------------------------------------------------------------------------------------
| Tool Version : Vivado v.2018.3 (win64) Build 2405991 Thu Dec  6 23:38:27 MST 2018
| Date         : Thu Dec 18 12:14:23 2025
| Host         : LAPTOP-DHS056N6 running 64-bit major release  (build 9200)
| Command      : upgrade_ip
| Device       : xc7z020clg400-1
------------------------------------------------------------------------------------

Upgrade Log for IP 'img_rot_design_axi_image_rotator_0_0'

1. Summary
----------

SUCCESS in the upgrade of img_rot_design_axi_image_rotator_0_0 (xilinx.com:user:axi_image_rotator:1.0) from (Rev. 12) to (Rev. 13)






Copyright 1986-2018 Xilinx, Inc. All Rights Reserved.
------------------------------------------------------------------------------------
| Tool Version : Vivado v.2018.3 (win64) Build 2405991 Thu Dec  6 23:38:27 MST 2018
| Date         : Thu Dec 18 12:03:56 2025
| Host         : LAPTOP-DHS056N6 running 64-bit major release  (build 9200)
| Command      : upgrade_ip
| Device       : xc7z020clg400-1
------------------------------------------------------------------------------------

Upgrade Log for IP 'img_rot_design_axi_image_rotator_0_0'

1. Summary
----------

SUCCESS in the upgrade of img_rot_design_axi_image_rotator_0_0 (xilinx.com:user:axi_image_rotator:1.0) from (Rev. 11) to (Rev. 12)






Copyright 1986-2018 Xilinx, Inc. All Rights Reserved.
------------------------------------------------------------------------------------
| Tool Version : Vivado v.2018.3 (win64) Build 2405991 Thu Dec  6 23:38:27 MST 2018
| Date         : Thu Dec 18 11:40:16 2025
| Host         : LAPTOP-DHS056N6 running 64-bit major release  (build 9200)
| Command      : upgrade_ip
| Device       : xc7z020clg400-1
------------------------------------------------------------------------------------

Upgrade Log for IP 'img_rot_design_axi_image_rotator_0_0'

1. Summary
----------

SUCCESS in the upgrade of img_rot_design_axi_image_rotator_0_0 (xilinx.com:user:axi_image_rotator:1.0) from (Rev. 10) to (Rev. 11)






Copyright 1986-2018 Xilinx, Inc. All Rights Reserved.
------------------------------------------------------------------------------------
| Tool Version : Vivado v.2018.3 (win64) Build 2405991 Thu Dec  6 23:38:27 MST 2018
| Date         : Thu Dec 18 11:22:00 2025
| Host         : LAPTOP-DHS056N6 running 64-bit major release  (build 9200)
| Command      : upgrade_ip
| Device       : xc7z020clg400-1
------------------------------------------------------------------------------------

Upgrade Log for IP 'img_rot_design_axi_image_rotator_0_0'

1. Summary
----------

SUCCESS in the upgrade of img_rot_design_axi_image_rotator_0_0 (xilinx.com:user:axi_image_rotator:1.0) from (Rev. 6) to (Rev. 10)






Copyright 1986-2018 Xilinx, Inc. All Rights Reserved.
------------------------------------------------------------------------------------
| Tool Version : Vivado v.2018.3 (win64) Build 2405991 Thu Dec  6 23:38:27 MST 2018
| Date         : Thu Dec 18 10:05:07 2025
| Host         : LAPTOP-DHS056N6 running 64-bit major release  (build 9200)
| Command      : upgrade_ip
| Device       : xc7z020clg400-1
------------------------------------------------------------------------------------

Upgrade Log for IP 'img_rot_design_axi_image_rotator_0_0'

1. Summary
----------

SUCCESS in the upgrade of img_rot_design_axi_image_rotator_0_0 (xilinx.com:user:axi_image_rotator:1.0) from (Rev. 5) to (Rev. 6)






Copyright 1986-2018 Xilinx, Inc. All Rights Reserved.
------------------------------------------------------------------------------------
| Tool Version : Vivado v.2018.3 (win64) Build 2405991 Thu Dec  6 23:38:27 MST 2018
| Date         : Wed Dec 17 22:05:55 2025
| Host         : LAPTOP-DHS056N6 running 64-bit major release  (build 9200)
| Command      : upgrade_ip
| Device       : xc7z020clg400-1
------------------------------------------------------------------------------------

Upgrade Log for IP 'img_rot_design_axi_image_rotator_0_0'

1. Summary
----------

SUCCESS in the upgrade of img_rot_design_axi_image_rotator_0_0 (xilinx.com:user:axi_image_rotator:1.0) from (Rev. 4) to (Rev. 5)






Copyright 1986-2018 Xilinx, Inc. All Rights Reserved.
------------------------------------------------------------------------------------
| Tool Version : Vivado v.2018.3 (win64) Build 2405991 Thu Dec  6 23:38:27 MST 2018
| Date         : Wed Dec 17 21:59:03 2025
| Host         : LAPTOP-DHS056N6 running 64-bit major release  (build 9200)
| Command      : upgrade_ip
| Device       : xc7z020clg400-1
------------------------------------------------------------------------------------

Upgrade Log for IP 'img_rot_design_axi_image_rotator_0_0'

1. Summary
----------

SUCCESS in the upgrade of img_rot_design_axi_image_rotator_0_0 (xilinx.com:user:axi_image_rotator:1.0) from (Rev. 2) to (Rev. 4)

