17:22:54 INFO  : Registering command handlers for SDK TCF services
17:22:55 INFO  : Launching XSCT server: xsct.bat -interactive D:\SingleDGH\ComputerEngineering\img_rot_project\img_rot_project.sdk\temp_xsdb_launch_script.tcl
17:22:58 INFO  : XSCT server has started successfully.
17:23:07 INFO  : Successfully done setting XSCT server connection channel  
17:23:07 INFO  : Processing command line option -hwspec D:/SingleDGH/ComputerEngineering/img_rot_project/img_rot_project.sdk/image_rotator_design_wrapper.hdf.
17:23:07 INFO  : Successfully done setting SDK workspace  
17:24:42 INFO  : Connected to target on host '127.0.0.1' and port '3121'.
17:24:42 INFO  : 'targets -set -filter {jtag_cable_name =~ "Digilent Arty Z7 003017B3FA32A" && level==0} -index 1' command is executed.
17:24:44 INFO  : FPGA configured successfully with bitstream "D:/SingleDGH/ComputerEngineering/img_rot_project/img_rot_project.sdk/image_rotator_design_wrapper_hw_platform_0/image_rotator_design_wrapper.bit"
17:24:53 INFO  : 'targets -set -filter {jtag_cable_name =~ "Digilent Arty Z7 003017B3FA32A" && level==0} -index 1' command is executed.
17:24:53 INFO  : 'fpga -state' command is executed.
17:24:53 INFO  : Connected to target on host '127.0.0.1' and port '3121'.
17:24:53 INFO  : Jtag cable 'Digilent Arty Z7 003017B3FA32A' is selected.
17:24:53 INFO  : 'jtag frequency' command is executed.
17:24:53 INFO  : Sourcing of 'D:/SingleDGH/ComputerEngineering/img_rot_project/img_rot_project.sdk/image_rotator_design_wrapper_hw_platform_0/ps7_init.tcl' is done.
17:24:53 INFO  : Context for 'APU' is selected.
17:24:53 INFO  : Hardware design information is loaded from 'D:/SingleDGH/ComputerEngineering/img_rot_project/img_rot_project.sdk/image_rotator_design_wrapper_hw_platform_0/system.hdf'.
17:24:53 INFO  : 'configparams force-mem-access 1' command is executed.
17:24:53 INFO  : Context for 'APU' is selected.
17:24:53 INFO  : 'stop' command is executed.
17:24:54 INFO  : 'ps7_init' command is executed.
17:24:54 INFO  : 'ps7_post_config' command is executed.
17:24:54 INFO  : Context for processor 'ps7_cortexa9_0' is selected.
17:24:54 INFO  : Processor reset is completed for 'ps7_cortexa9_0'.
17:24:54 INFO  : Context for processor 'ps7_cortexa9_0' is selected.
17:24:54 INFO  : The application 'D:/SingleDGH/ComputerEngineering/img_rot_project/img_rot_project.sdk/image_rot_app/Debug/image_rot_app.elf' is downloaded to processor 'ps7_cortexa9_0'.
17:24:54 INFO  : 'configparams force-mem-access 0' command is executed.
17:24:54 INFO  : ----------------XSDB Script----------------
connect -url tcp:127.0.0.1:3121
source D:/SingleDGH/ComputerEngineering/img_rot_project/img_rot_project.sdk/image_rotator_design_wrapper_hw_platform_0/ps7_init.tcl
targets -set -nocase -filter {name =~"APU*" && jtag_cable_name =~ "Digilent Arty Z7 003017B3FA32A"} -index 0
loadhw -hw D:/SingleDGH/ComputerEngineering/img_rot_project/img_rot_project.sdk/image_rotator_design_wrapper_hw_platform_0/system.hdf -mem-ranges [list {0x40000000 0xbfffffff}]
configparams force-mem-access 1
targets -set -nocase -filter {name =~"APU*" && jtag_cable_name =~ "Digilent Arty Z7 003017B3FA32A"} -index 0
stop
ps7_init
ps7_post_config
targets -set -nocase -filter {name =~ "ARM*#0" && jtag_cable_name =~ "Digilent Arty Z7 003017B3FA32A"} -index 0
rst -processor
targets -set -nocase -filter {name =~ "ARM*#0" && jtag_cable_name =~ "Digilent Arty Z7 003017B3FA32A"} -index 0
dow D:/SingleDGH/ComputerEngineering/img_rot_project/img_rot_project.sdk/image_rot_app/Debug/image_rot_app.elf
configparams force-mem-access 0
----------------End of Script----------------

17:24:54 INFO  : Memory regions updated for context APU
17:24:54 INFO  : Context for processor 'ps7_cortexa9_0' is selected.
17:24:54 INFO  : 'con' command is executed.
17:24:54 INFO  : ----------------XSDB Script (After Launch)----------------
targets -set -nocase -filter {name =~ "ARM*#0" && jtag_cable_name =~ "Digilent Arty Z7 003017B3FA32A"} -index 0
con
----------------End of Script----------------

17:24:54 INFO  : Launch script is exported to file 'D:\SingleDGH\ComputerEngineering\img_rot_project\img_rot_project.sdk\.sdk\launch_scripts\xilinx_c-c++_application_(system_debugger)\system_debugger_using_debug_image_rot_app.elf_on_local.tcl'
19:14:18 INFO  : SDK has detected change in the last modified timestamps for source hardware specification file Source:1766146210147,  Project:1766139699090
19:14:18 INFO  : Project image_rotator_design_wrapper_hw_platform_0's source hardware specification located at D:/SingleDGH/ComputerEngineering/img_rot_project/img_rot_project.sdk/image_rotator_design_wrapper.hdf is now different from the local copy.
		 The local copy will be replaced with the source specification and your workspace will be updated.
19:14:22 INFO  : Copied contents of D:/SingleDGH/ComputerEngineering/img_rot_project/img_rot_project.sdk/image_rotator_design_wrapper.hdf into \image_rotator_design_wrapper_hw_platform_0\system.hdf.
19:14:29 INFO  : Synchronizing projects in the workspace with the hardware platform specification changes.
19:14:32 INFO  : 
19:14:33 INFO  : Updating hardware inferred compiler options for image_rot_app.
19:14:33 INFO  : Clearing existing target manager status.
19:14:33 INFO  : Closing and re-opening the MSS file of ther project image_rot_app_bsp
19:14:33 INFO  : Closing and re-opening the MSS file of ther project image_rot_app_bsp
19:14:34 INFO  : Workspace synchronized with the new hardware specification file. Cleaning dependent projects...
19:14:35 WARN  : Linker script will not be updated automatically. Users need to update it manually.
19:14:49 INFO  : Connected to target on host '127.0.0.1' and port '3121'.
19:14:49 INFO  : 'targets -set -filter {jtag_cable_name =~ "Digilent Arty Z7 003017B3FA32A" && level==0} -index 1' command is executed.
19:14:52 INFO  : FPGA configured successfully with bitstream "D:/SingleDGH/ComputerEngineering/img_rot_project/img_rot_project.sdk/image_rotator_design_wrapper_hw_platform_0/image_rotator_design_wrapper.bit"
19:15:20 INFO  : Connected to target on host '127.0.0.1' and port '3121'.
19:15:20 INFO  : 'targets -set -filter {jtag_cable_name =~ "Digilent Arty Z7 003017B3FA32A" && level==0} -index 1' command is executed.
19:15:23 INFO  : FPGA configured successfully with bitstream "D:/SingleDGH/ComputerEngineering/img_rot_project/img_rot_project.sdk/image_rotator_design_wrapper_hw_platform_0/image_rotator_design_wrapper.bit"
19:15:33 INFO  : Disconnected from the channel tcfchan#1.
19:15:34 INFO  : 'targets -set -filter {jtag_cable_name =~ "Digilent Arty Z7 003017B3FA32A" && level==0} -index 1' command is executed.
19:15:34 INFO  : 'fpga -state' command is executed.
19:15:34 INFO  : Connected to target on host '127.0.0.1' and port '3121'.
19:15:35 INFO  : Jtag cable 'Digilent Arty Z7 003017B3FA32A' is selected.
19:15:35 INFO  : 'jtag frequency' command is executed.
19:15:35 INFO  : Sourcing of 'D:/SingleDGH/ComputerEngineering/img_rot_project/img_rot_project.sdk/image_rotator_design_wrapper_hw_platform_0/ps7_init.tcl' is done.
19:15:35 INFO  : Context for 'APU' is selected.
19:15:35 INFO  : Hardware design information is loaded from 'D:/SingleDGH/ComputerEngineering/img_rot_project/img_rot_project.sdk/image_rotator_design_wrapper_hw_platform_0/system.hdf'.
19:15:35 INFO  : 'configparams force-mem-access 1' command is executed.
19:15:35 INFO  : Context for 'APU' is selected.
19:15:35 INFO  : 'stop' command is executed.
19:15:35 INFO  : 'ps7_init' command is executed.
19:15:35 INFO  : 'ps7_post_config' command is executed.
19:15:35 INFO  : Context for processor 'ps7_cortexa9_0' is selected.
19:15:35 INFO  : Processor reset is completed for 'ps7_cortexa9_0'.
19:15:35 INFO  : Context for processor 'ps7_cortexa9_0' is selected.
19:15:35 INFO  : The application 'D:/SingleDGH/ComputerEngineering/img_rot_project/img_rot_project.sdk/image_rot_app/Debug/image_rot_app.elf' is downloaded to processor 'ps7_cortexa9_0'.
19:15:35 INFO  : 'configparams force-mem-access 0' command is executed.
19:15:35 INFO  : ----------------XSDB Script----------------
connect -url tcp:127.0.0.1:3121
source D:/SingleDGH/ComputerEngineering/img_rot_project/img_rot_project.sdk/image_rotator_design_wrapper_hw_platform_0/ps7_init.tcl
targets -set -nocase -filter {name =~"APU*" && jtag_cable_name =~ "Digilent Arty Z7 003017B3FA32A"} -index 0
loadhw -hw D:/SingleDGH/ComputerEngineering/img_rot_project/img_rot_project.sdk/image_rotator_design_wrapper_hw_platform_0/system.hdf -mem-ranges [list {0x40000000 0xbfffffff}]
configparams force-mem-access 1
targets -set -nocase -filter {name =~"APU*" && jtag_cable_name =~ "Digilent Arty Z7 003017B3FA32A"} -index 0
stop
ps7_init
ps7_post_config
targets -set -nocase -filter {name =~ "ARM*#0" && jtag_cable_name =~ "Digilent Arty Z7 003017B3FA32A"} -index 0
rst -processor
targets -set -nocase -filter {name =~ "ARM*#0" && jtag_cable_name =~ "Digilent Arty Z7 003017B3FA32A"} -index 0
dow D:/SingleDGH/ComputerEngineering/img_rot_project/img_rot_project.sdk/image_rot_app/Debug/image_rot_app.elf
configparams force-mem-access 0
----------------End of Script----------------

19:15:35 INFO  : Memory regions updated for context APU
19:15:35 INFO  : Context for processor 'ps7_cortexa9_0' is selected.
19:15:35 INFO  : 'con' command is executed.
19:15:35 INFO  : ----------------XSDB Script (After Launch)----------------
targets -set -nocase -filter {name =~ "ARM*#0" && jtag_cable_name =~ "Digilent Arty Z7 003017B3FA32A"} -index 0
con
----------------End of Script----------------

19:15:35 INFO  : Launch script is exported to file 'D:\SingleDGH\ComputerEngineering\img_rot_project\img_rot_project.sdk\.sdk\launch_scripts\xilinx_c-c++_application_(system_debugger)\system_debugger_using_debug_image_rot_app.elf_on_local.tcl'
19:19:20 INFO  : Disconnected from the channel tcfchan#2.
12:27:51 INFO  : Registering command handlers for SDK TCF services
12:27:52 INFO  : Launching XSCT server: xsct.bat -interactive D:\SingleDGH\ComputerEngineering\LogicDesign\img_rot_project\img_rot_project.sdk\temp_xsdb_launch_script.tcl
12:27:54 INFO  : XSCT server has started successfully.
12:27:57 INFO  : Successfully done setting XSCT server connection channel  
12:27:57 INFO  : Successfully done setting SDK workspace  
12:27:57 INFO  : Processing command line option -hwspec D:/SingleDGH/ComputerEngineering/LogicDesign/img_rot_project/img_rot_project.sdk/image_rotator_design_wrapper.hdf.
12:29:53 INFO  : Connected to target on host '127.0.0.1' and port '3121'.
12:29:53 INFO  : 'targets -set -filter {jtag_cable_name =~ "Digilent Arty Z7 003017B3FA32A" && level==0} -index 1' command is executed.
12:29:55 INFO  : FPGA configured successfully with bitstream "D:/SingleDGH/ComputerEngineering/LogicDesign/img_rot_project/img_rot_project.sdk/image_rotator_design_wrapper_hw_platform_0/image_rotator_design_wrapper.bit"
12:30:05 INFO  : 'targets -set -filter {jtag_cable_name =~ "Digilent Arty Z7 003017B3FA32A" && level==0} -index 1' command is executed.
12:30:05 INFO  : 'fpga -state' command is executed.
12:30:05 INFO  : Connected to target on host '127.0.0.1' and port '3121'.
12:30:05 INFO  : Jtag cable 'Digilent Arty Z7 003017B3FA32A' is selected.
12:30:05 INFO  : 'jtag frequency' command is executed.
12:30:05 INFO  : Sourcing of 'D:/SingleDGH/ComputerEngineering/LogicDesign/img_rot_project/img_rot_project.sdk/image_rotator_design_wrapper_hw_platform_0/ps7_init.tcl' is done.
12:30:05 INFO  : Context for 'APU' is selected.
12:30:05 INFO  : Hardware design information is loaded from 'D:/SingleDGH/ComputerEngineering/LogicDesign/img_rot_project/img_rot_project.sdk/image_rotator_design_wrapper_hw_platform_0/system.hdf'.
12:30:05 INFO  : 'configparams force-mem-access 1' command is executed.
12:30:05 INFO  : Context for 'APU' is selected.
12:30:05 INFO  : 'stop' command is executed.
12:30:06 INFO  : 'ps7_init' command is executed.
12:30:06 INFO  : 'ps7_post_config' command is executed.
12:30:06 INFO  : Context for processor 'ps7_cortexa9_0' is selected.
12:30:06 INFO  : Processor reset is completed for 'ps7_cortexa9_0'.
12:30:06 INFO  : Context for processor 'ps7_cortexa9_0' is selected.
12:30:06 INFO  : The application 'D:/SingleDGH/ComputerEngineering/LogicDesign/img_rot_project/img_rot_project.sdk/image_rot_app/Debug/image_rot_app.elf' is downloaded to processor 'ps7_cortexa9_0'.
12:30:06 INFO  : 'configparams force-mem-access 0' command is executed.
12:30:06 INFO  : ----------------XSDB Script----------------
connect -url tcp:127.0.0.1:3121
source D:/SingleDGH/ComputerEngineering/LogicDesign/img_rot_project/img_rot_project.sdk/image_rotator_design_wrapper_hw_platform_0/ps7_init.tcl
targets -set -nocase -filter {name =~"APU*" && jtag_cable_name =~ "Digilent Arty Z7 003017B3FA32A"} -index 0
loadhw -hw D:/SingleDGH/ComputerEngineering/LogicDesign/img_rot_project/img_rot_project.sdk/image_rotator_design_wrapper_hw_platform_0/system.hdf -mem-ranges [list {0x40000000 0xbfffffff}]
configparams force-mem-access 1
targets -set -nocase -filter {name =~"APU*" && jtag_cable_name =~ "Digilent Arty Z7 003017B3FA32A"} -index 0
stop
ps7_init
ps7_post_config
targets -set -nocase -filter {name =~ "ARM*#0" && jtag_cable_name =~ "Digilent Arty Z7 003017B3FA32A"} -index 0
rst -processor
targets -set -nocase -filter {name =~ "ARM*#0" && jtag_cable_name =~ "Digilent Arty Z7 003017B3FA32A"} -index 0
dow D:/SingleDGH/ComputerEngineering/LogicDesign/img_rot_project/img_rot_project.sdk/image_rot_app/Debug/image_rot_app.elf
configparams force-mem-access 0
----------------End of Script----------------

12:30:06 INFO  : Memory regions updated for context APU
12:30:06 INFO  : Context for processor 'ps7_cortexa9_0' is selected.
12:30:06 INFO  : 'con' command is executed.
12:30:06 INFO  : ----------------XSDB Script (After Launch)----------------
targets -set -nocase -filter {name =~ "ARM*#0" && jtag_cable_name =~ "Digilent Arty Z7 003017B3FA32A"} -index 0
con
----------------End of Script----------------

12:30:06 INFO  : Launch script is exported to file 'D:\SingleDGH\ComputerEngineering\LogicDesign\img_rot_project\img_rot_project.sdk\.sdk\launch_scripts\xilinx_c-c++_application_(system_debugger)\system_debugger_using_debug_image_rot_app.elf_on_local.tcl'
12:41:02 INFO  : Disconnected from the channel tcfchan#1.
12:41:03 INFO  : 'targets -set -filter {jtag_cable_name =~ "Digilent Arty Z7 003017B3FA32A" && level==0} -index 1' command is executed.
12:41:03 INFO  : 'fpga -state' command is executed.
12:41:03 INFO  : Connected to target on host '127.0.0.1' and port '3121'.
12:41:03 INFO  : Jtag cable 'Digilent Arty Z7 003017B3FA32A' is selected.
12:41:03 INFO  : 'jtag frequency' command is executed.
12:41:03 INFO  : Sourcing of 'D:/SingleDGH/ComputerEngineering/LogicDesign/img_rot_project/img_rot_project.sdk/image_rotator_design_wrapper_hw_platform_0/ps7_init.tcl' is done.
12:41:03 INFO  : Context for 'APU' is selected.
12:41:04 INFO  : Hardware design information is loaded from 'D:/SingleDGH/ComputerEngineering/LogicDesign/img_rot_project/img_rot_project.sdk/image_rotator_design_wrapper_hw_platform_0/system.hdf'.
12:41:04 INFO  : 'configparams force-mem-access 1' command is executed.
12:41:04 INFO  : Context for 'APU' is selected.
12:41:04 INFO  : 'stop' command is executed.
12:41:04 INFO  : 'ps7_init' command is executed.
12:41:04 INFO  : 'ps7_post_config' command is executed.
12:41:04 INFO  : Context for processor 'ps7_cortexa9_0' is selected.
12:41:04 INFO  : Processor reset is completed for 'ps7_cortexa9_0'.
12:41:04 INFO  : Context for processor 'ps7_cortexa9_0' is selected.
12:41:04 INFO  : The application 'D:/SingleDGH/ComputerEngineering/LogicDesign/img_rot_project/img_rot_project.sdk/image_rot_app/Debug/image_rot_app.elf' is downloaded to processor 'ps7_cortexa9_0'.
12:41:04 INFO  : 'configparams force-mem-access 0' command is executed.
12:41:04 INFO  : ----------------XSDB Script----------------
connect -url tcp:127.0.0.1:3121
source D:/SingleDGH/ComputerEngineering/LogicDesign/img_rot_project/img_rot_project.sdk/image_rotator_design_wrapper_hw_platform_0/ps7_init.tcl
targets -set -nocase -filter {name =~"APU*" && jtag_cable_name =~ "Digilent Arty Z7 003017B3FA32A"} -index 0
loadhw -hw D:/SingleDGH/ComputerEngineering/LogicDesign/img_rot_project/img_rot_project.sdk/image_rotator_design_wrapper_hw_platform_0/system.hdf -mem-ranges [list {0x40000000 0xbfffffff}]
configparams force-mem-access 1
targets -set -nocase -filter {name =~"APU*" && jtag_cable_name =~ "Digilent Arty Z7 003017B3FA32A"} -index 0
stop
ps7_init
ps7_post_config
targets -set -nocase -filter {name =~ "ARM*#0" && jtag_cable_name =~ "Digilent Arty Z7 003017B3FA32A"} -index 0
rst -processor
targets -set -nocase -filter {name =~ "ARM*#0" && jtag_cable_name =~ "Digilent Arty Z7 003017B3FA32A"} -index 0
dow D:/SingleDGH/ComputerEngineering/LogicDesign/img_rot_project/img_rot_project.sdk/image_rot_app/Debug/image_rot_app.elf
configparams force-mem-access 0
----------------End of Script----------------

12:41:05 INFO  : Memory regions updated for context APU
12:41:05 INFO  : Context for processor 'ps7_cortexa9_0' is selected.
12:41:05 INFO  : 'con' command is executed.
12:41:05 INFO  : ----------------XSDB Script (After Launch)----------------
targets -set -nocase -filter {name =~ "ARM*#0" && jtag_cable_name =~ "Digilent Arty Z7 003017B3FA32A"} -index 0
con
----------------End of Script----------------

12:41:05 INFO  : Launch script is exported to file 'D:\SingleDGH\ComputerEngineering\LogicDesign\img_rot_project\img_rot_project.sdk\.sdk\launch_scripts\xilinx_c-c++_application_(system_debugger)\system_debugger_using_debug_image_rot_app.elf_on_local.tcl'
12:42:11 INFO  : Disconnected from the channel tcfchan#2.
12:42:13 INFO  : 'targets -set -filter {jtag_cable_name =~ "Digilent Arty Z7 003017B3FA32A" && level==0} -index 1' command is executed.
12:42:13 INFO  : 'fpga -state' command is executed.
12:42:13 INFO  : Connected to target on host '127.0.0.1' and port '3121'.
12:42:13 INFO  : Jtag cable 'Digilent Arty Z7 003017B3FA32A' is selected.
12:42:13 INFO  : 'jtag frequency' command is executed.
12:42:13 INFO  : Sourcing of 'D:/SingleDGH/ComputerEngineering/LogicDesign/img_rot_project/img_rot_project.sdk/image_rotator_design_wrapper_hw_platform_0/ps7_init.tcl' is done.
12:42:13 INFO  : Context for 'APU' is selected.
12:42:13 INFO  : Hardware design information is loaded from 'D:/SingleDGH/ComputerEngineering/LogicDesign/img_rot_project/img_rot_project.sdk/image_rotator_design_wrapper_hw_platform_0/system.hdf'.
12:42:13 INFO  : 'configparams force-mem-access 1' command is executed.
12:42:13 INFO  : Context for 'APU' is selected.
12:42:13 INFO  : 'stop' command is executed.
12:42:13 INFO  : 'ps7_init' command is executed.
12:42:13 INFO  : 'ps7_post_config' command is executed.
12:42:13 INFO  : Context for processor 'ps7_cortexa9_0' is selected.
12:42:13 INFO  : Processor reset is completed for 'ps7_cortexa9_0'.
12:42:13 INFO  : Context for processor 'ps7_cortexa9_0' is selected.
12:42:13 INFO  : The application 'D:/SingleDGH/ComputerEngineering/LogicDesign/img_rot_project/img_rot_project.sdk/image_rot_app/Debug/image_rot_app.elf' is downloaded to processor 'ps7_cortexa9_0'.
12:42:13 INFO  : 'configparams force-mem-access 0' command is executed.
12:42:13 INFO  : ----------------XSDB Script----------------
connect -url tcp:127.0.0.1:3121
source D:/SingleDGH/ComputerEngineering/LogicDesign/img_rot_project/img_rot_project.sdk/image_rotator_design_wrapper_hw_platform_0/ps7_init.tcl
targets -set -nocase -filter {name =~"APU*" && jtag_cable_name =~ "Digilent Arty Z7 003017B3FA32A"} -index 0
loadhw -hw D:/SingleDGH/ComputerEngineering/LogicDesign/img_rot_project/img_rot_project.sdk/image_rotator_design_wrapper_hw_platform_0/system.hdf -mem-ranges [list {0x40000000 0xbfffffff}]
configparams force-mem-access 1
targets -set -nocase -filter {name =~"APU*" && jtag_cable_name =~ "Digilent Arty Z7 003017B3FA32A"} -index 0
stop
ps7_init
ps7_post_config
targets -set -nocase -filter {name =~ "ARM*#0" && jtag_cable_name =~ "Digilent Arty Z7 003017B3FA32A"} -index 0
rst -processor
targets -set -nocase -filter {name =~ "ARM*#0" && jtag_cable_name =~ "Digilent Arty Z7 003017B3FA32A"} -index 0
dow D:/SingleDGH/ComputerEngineering/LogicDesign/img_rot_project/img_rot_project.sdk/image_rot_app/Debug/image_rot_app.elf
configparams force-mem-access 0
----------------End of Script----------------

12:42:13 INFO  : Memory regions updated for context APU
12:42:13 INFO  : Context for processor 'ps7_cortexa9_0' is selected.
12:42:13 INFO  : 'con' command is executed.
12:42:13 INFO  : ----------------XSDB Script (After Launch)----------------
targets -set -nocase -filter {name =~ "ARM*#0" && jtag_cable_name =~ "Digilent Arty Z7 003017B3FA32A"} -index 0
con
----------------End of Script----------------

12:42:13 INFO  : Launch script is exported to file 'D:\SingleDGH\ComputerEngineering\LogicDesign\img_rot_project\img_rot_project.sdk\.sdk\launch_scripts\xilinx_c-c++_application_(system_debugger)\system_debugger_using_debug_image_rot_app.elf_on_local.tcl'
12:43:57 INFO  : Disconnected from the channel tcfchan#3.
12:43:58 INFO  : 'targets -set -filter {jtag_cable_name =~ "Digilent Arty Z7 003017B3FA32A" && level==0} -index 1' command is executed.
12:43:58 INFO  : 'fpga -state' command is executed.
12:43:58 INFO  : Connected to target on host '127.0.0.1' and port '3121'.
12:43:58 INFO  : Jtag cable 'Digilent Arty Z7 003017B3FA32A' is selected.
12:43:58 INFO  : 'jtag frequency' command is executed.
12:43:58 INFO  : Sourcing of 'D:/SingleDGH/ComputerEngineering/LogicDesign/img_rot_project/img_rot_project.sdk/image_rotator_design_wrapper_hw_platform_0/ps7_init.tcl' is done.
12:43:58 INFO  : Context for 'APU' is selected.
12:43:58 INFO  : Hardware design information is loaded from 'D:/SingleDGH/ComputerEngineering/LogicDesign/img_rot_project/img_rot_project.sdk/image_rotator_design_wrapper_hw_platform_0/system.hdf'.
12:43:58 INFO  : 'configparams force-mem-access 1' command is executed.
12:43:58 INFO  : Context for 'APU' is selected.
12:43:58 INFO  : 'stop' command is executed.
12:43:58 INFO  : 'ps7_init' command is executed.
12:43:58 INFO  : 'ps7_post_config' command is executed.
12:43:58 INFO  : Context for processor 'ps7_cortexa9_0' is selected.
12:43:58 INFO  : Processor reset is completed for 'ps7_cortexa9_0'.
12:43:58 INFO  : Context for processor 'ps7_cortexa9_0' is selected.
12:43:58 INFO  : The application 'D:/SingleDGH/ComputerEngineering/LogicDesign/img_rot_project/img_rot_project.sdk/image_rot_app/Debug/image_rot_app.elf' is downloaded to processor 'ps7_cortexa9_0'.
12:43:58 INFO  : 'configparams force-mem-access 0' command is executed.
12:43:58 INFO  : ----------------XSDB Script----------------
connect -url tcp:127.0.0.1:3121
source D:/SingleDGH/ComputerEngineering/LogicDesign/img_rot_project/img_rot_project.sdk/image_rotator_design_wrapper_hw_platform_0/ps7_init.tcl
targets -set -nocase -filter {name =~"APU*" && jtag_cable_name =~ "Digilent Arty Z7 003017B3FA32A"} -index 0
loadhw -hw D:/SingleDGH/ComputerEngineering/LogicDesign/img_rot_project/img_rot_project.sdk/image_rotator_design_wrapper_hw_platform_0/system.hdf -mem-ranges [list {0x40000000 0xbfffffff}]
configparams force-mem-access 1
targets -set -nocase -filter {name =~"APU*" && jtag_cable_name =~ "Digilent Arty Z7 003017B3FA32A"} -index 0
stop
ps7_init
ps7_post_config
targets -set -nocase -filter {name =~ "ARM*#0" && jtag_cable_name =~ "Digilent Arty Z7 003017B3FA32A"} -index 0
rst -processor
targets -set -nocase -filter {name =~ "ARM*#0" && jtag_cable_name =~ "Digilent Arty Z7 003017B3FA32A"} -index 0
dow D:/SingleDGH/ComputerEngineering/LogicDesign/img_rot_project/img_rot_project.sdk/image_rot_app/Debug/image_rot_app.elf
configparams force-mem-access 0
----------------End of Script----------------

12:43:59 INFO  : Memory regions updated for context APU
12:43:59 INFO  : Context for processor 'ps7_cortexa9_0' is selected.
12:43:59 INFO  : 'con' command is executed.
12:43:59 INFO  : ----------------XSDB Script (After Launch)----------------
targets -set -nocase -filter {name =~ "ARM*#0" && jtag_cable_name =~ "Digilent Arty Z7 003017B3FA32A"} -index 0
con
----------------End of Script----------------

12:43:59 INFO  : Launch script is exported to file 'D:\SingleDGH\ComputerEngineering\LogicDesign\img_rot_project\img_rot_project.sdk\.sdk\launch_scripts\xilinx_c-c++_application_(system_debugger)\system_debugger_using_debug_image_rot_app.elf_on_local.tcl'
12:56:02 INFO  : Disconnected from the channel tcfchan#4.
12:56:03 INFO  : 'targets -set -filter {jtag_cable_name =~ "Digilent Arty Z7 003017B3FA32A" && level==0} -index 1' command is executed.
12:56:03 INFO  : 'fpga -state' command is executed.
12:56:03 INFO  : Connected to target on host '127.0.0.1' and port '3121'.
12:56:03 INFO  : Jtag cable 'Digilent Arty Z7 003017B3FA32A' is selected.
12:56:03 INFO  : 'jtag frequency' command is executed.
12:56:03 INFO  : Sourcing of 'D:/SingleDGH/ComputerEngineering/LogicDesign/img_rot_project/img_rot_project.sdk/image_rotator_design_wrapper_hw_platform_0/ps7_init.tcl' is done.
12:56:03 INFO  : Context for 'APU' is selected.
12:56:03 INFO  : Hardware design information is loaded from 'D:/SingleDGH/ComputerEngineering/LogicDesign/img_rot_project/img_rot_project.sdk/image_rotator_design_wrapper_hw_platform_0/system.hdf'.
12:56:03 INFO  : 'configparams force-mem-access 1' command is executed.
12:56:03 INFO  : Context for 'APU' is selected.
12:56:03 INFO  : 'stop' command is executed.
12:56:03 INFO  : 'ps7_init' command is executed.
12:56:03 INFO  : 'ps7_post_config' command is executed.
12:56:03 INFO  : Context for processor 'ps7_cortexa9_0' is selected.
12:56:04 INFO  : Processor reset is completed for 'ps7_cortexa9_0'.
12:56:04 INFO  : Context for processor 'ps7_cortexa9_0' is selected.
12:56:04 INFO  : The application 'D:/SingleDGH/ComputerEngineering/LogicDesign/img_rot_project/img_rot_project.sdk/image_rot_app/Debug/image_rot_app.elf' is downloaded to processor 'ps7_cortexa9_0'.
12:56:04 INFO  : 'configparams force-mem-access 0' command is executed.
12:56:04 INFO  : ----------------XSDB Script----------------
connect -url tcp:127.0.0.1:3121
source D:/SingleDGH/ComputerEngineering/LogicDesign/img_rot_project/img_rot_project.sdk/image_rotator_design_wrapper_hw_platform_0/ps7_init.tcl
targets -set -nocase -filter {name =~"APU*" && jtag_cable_name =~ "Digilent Arty Z7 003017B3FA32A"} -index 0
loadhw -hw D:/SingleDGH/ComputerEngineering/LogicDesign/img_rot_project/img_rot_project.sdk/image_rotator_design_wrapper_hw_platform_0/system.hdf -mem-ranges [list {0x40000000 0xbfffffff}]
configparams force-mem-access 1
targets -set -nocase -filter {name =~"APU*" && jtag_cable_name =~ "Digilent Arty Z7 003017B3FA32A"} -index 0
stop
ps7_init
ps7_post_config
targets -set -nocase -filter {name =~ "ARM*#0" && jtag_cable_name =~ "Digilent Arty Z7 003017B3FA32A"} -index 0
rst -processor
targets -set -nocase -filter {name =~ "ARM*#0" && jtag_cable_name =~ "Digilent Arty Z7 003017B3FA32A"} -index 0
dow D:/SingleDGH/ComputerEngineering/LogicDesign/img_rot_project/img_rot_project.sdk/image_rot_app/Debug/image_rot_app.elf
configparams force-mem-access 0
----------------End of Script----------------

12:56:04 INFO  : Memory regions updated for context APU
12:56:04 INFO  : Context for processor 'ps7_cortexa9_0' is selected.
12:56:04 INFO  : 'con' command is executed.
12:56:04 INFO  : ----------------XSDB Script (After Launch)----------------
targets -set -nocase -filter {name =~ "ARM*#0" && jtag_cable_name =~ "Digilent Arty Z7 003017B3FA32A"} -index 0
con
----------------End of Script----------------

12:56:04 INFO  : Launch script is exported to file 'D:\SingleDGH\ComputerEngineering\LogicDesign\img_rot_project\img_rot_project.sdk\.sdk\launch_scripts\xilinx_c-c++_application_(system_debugger)\system_debugger_using_debug_image_rot_app.elf_on_local.tcl'
13:21:07 INFO  : Disconnected from the channel tcfchan#5.
13:21:09 INFO  : 'targets -set -filter {jtag_cable_name =~ "Digilent Arty Z7 003017B3FA32A" && level==0} -index 1' command is executed.
13:21:09 INFO  : 'fpga -state' command is executed.
13:21:09 INFO  : Connected to target on host '127.0.0.1' and port '3121'.
13:21:09 INFO  : Jtag cable 'Digilent Arty Z7 003017B3FA32A' is selected.
13:21:09 INFO  : 'jtag frequency' command is executed.
13:21:09 INFO  : Sourcing of 'D:/SingleDGH/ComputerEngineering/LogicDesign/img_rot_project/img_rot_project.sdk/image_rotator_design_wrapper_hw_platform_0/ps7_init.tcl' is done.
13:21:09 INFO  : Context for 'APU' is selected.
13:21:09 INFO  : Hardware design information is loaded from 'D:/SingleDGH/ComputerEngineering/LogicDesign/img_rot_project/img_rot_project.sdk/image_rotator_design_wrapper_hw_platform_0/system.hdf'.
13:21:09 INFO  : 'configparams force-mem-access 1' command is executed.
13:21:09 INFO  : Context for 'APU' is selected.
13:21:09 INFO  : 'stop' command is executed.
13:21:09 INFO  : 'ps7_init' command is executed.
13:21:09 INFO  : 'ps7_post_config' command is executed.
13:21:09 INFO  : Context for processor 'ps7_cortexa9_0' is selected.
13:21:09 INFO  : Processor reset is completed for 'ps7_cortexa9_0'.
13:21:09 INFO  : Context for processor 'ps7_cortexa9_0' is selected.
13:21:09 INFO  : The application 'D:/SingleDGH/ComputerEngineering/LogicDesign/img_rot_project/img_rot_project.sdk/image_rot_app/Debug/image_rot_app.elf' is downloaded to processor 'ps7_cortexa9_0'.
13:21:09 INFO  : 'configparams force-mem-access 0' command is executed.
13:21:09 INFO  : ----------------XSDB Script----------------
connect -url tcp:127.0.0.1:3121
source D:/SingleDGH/ComputerEngineering/LogicDesign/img_rot_project/img_rot_project.sdk/image_rotator_design_wrapper_hw_platform_0/ps7_init.tcl
targets -set -nocase -filter {name =~"APU*" && jtag_cable_name =~ "Digilent Arty Z7 003017B3FA32A"} -index 0
loadhw -hw D:/SingleDGH/ComputerEngineering/LogicDesign/img_rot_project/img_rot_project.sdk/image_rotator_design_wrapper_hw_platform_0/system.hdf -mem-ranges [list {0x40000000 0xbfffffff}]
configparams force-mem-access 1
targets -set -nocase -filter {name =~"APU*" && jtag_cable_name =~ "Digilent Arty Z7 003017B3FA32A"} -index 0
stop
ps7_init
ps7_post_config
targets -set -nocase -filter {name =~ "ARM*#0" && jtag_cable_name =~ "Digilent Arty Z7 003017B3FA32A"} -index 0
rst -processor
targets -set -nocase -filter {name =~ "ARM*#0" && jtag_cable_name =~ "Digilent Arty Z7 003017B3FA32A"} -index 0
dow D:/SingleDGH/ComputerEngineering/LogicDesign/img_rot_project/img_rot_project.sdk/image_rot_app/Debug/image_rot_app.elf
configparams force-mem-access 0
----------------End of Script----------------

13:21:09 INFO  : Memory regions updated for context APU
13:21:09 INFO  : Context for processor 'ps7_cortexa9_0' is selected.
13:21:09 INFO  : 'con' command is executed.
13:21:09 INFO  : ----------------XSDB Script (After Launch)----------------
targets -set -nocase -filter {name =~ "ARM*#0" && jtag_cable_name =~ "Digilent Arty Z7 003017B3FA32A"} -index 0
con
----------------End of Script----------------

13:21:09 INFO  : Launch script is exported to file 'D:\SingleDGH\ComputerEngineering\LogicDesign\img_rot_project\img_rot_project.sdk\.sdk\launch_scripts\xilinx_c-c++_application_(system_debugger)\system_debugger_using_debug_image_rot_app.elf_on_local.tcl'
14:04:46 INFO  : Disconnected from the channel tcfchan#6.
14:04:47 INFO  : 'targets -set -filter {jtag_cable_name =~ "Digilent Arty Z7 003017B3FA32A" && level==0} -index 1' command is executed.
14:04:47 INFO  : 'fpga -state' command is executed.
14:04:47 INFO  : Connected to target on host '127.0.0.1' and port '3121'.
14:04:47 INFO  : Jtag cable 'Digilent Arty Z7 003017B3FA32A' is selected.
14:04:47 INFO  : 'jtag frequency' command is executed.
14:04:47 INFO  : Sourcing of 'D:/SingleDGH/ComputerEngineering/LogicDesign/img_rot_project/img_rot_project.sdk/image_rotator_design_wrapper_hw_platform_0/ps7_init.tcl' is done.
14:04:47 INFO  : Context for 'APU' is selected.
14:04:47 INFO  : Hardware design information is loaded from 'D:/SingleDGH/ComputerEngineering/LogicDesign/img_rot_project/img_rot_project.sdk/image_rotator_design_wrapper_hw_platform_0/system.hdf'.
14:04:47 INFO  : 'configparams force-mem-access 1' command is executed.
14:04:47 INFO  : Context for 'APU' is selected.
14:04:47 INFO  : 'stop' command is executed.
14:04:48 INFO  : 'ps7_init' command is executed.
14:04:48 INFO  : 'ps7_post_config' command is executed.
14:04:48 INFO  : Context for processor 'ps7_cortexa9_0' is selected.
14:04:48 INFO  : Processor reset is completed for 'ps7_cortexa9_0'.
14:04:48 INFO  : Context for processor 'ps7_cortexa9_0' is selected.
14:04:48 INFO  : The application 'D:/SingleDGH/ComputerEngineering/LogicDesign/img_rot_project/img_rot_project.sdk/image_rot_app/Debug/image_rot_app.elf' is downloaded to processor 'ps7_cortexa9_0'.
14:04:48 INFO  : 'configparams force-mem-access 0' command is executed.
14:04:48 INFO  : ----------------XSDB Script----------------
connect -url tcp:127.0.0.1:3121
source D:/SingleDGH/ComputerEngineering/LogicDesign/img_rot_project/img_rot_project.sdk/image_rotator_design_wrapper_hw_platform_0/ps7_init.tcl
targets -set -nocase -filter {name =~"APU*" && jtag_cable_name =~ "Digilent Arty Z7 003017B3FA32A"} -index 0
loadhw -hw D:/SingleDGH/ComputerEngineering/LogicDesign/img_rot_project/img_rot_project.sdk/image_rotator_design_wrapper_hw_platform_0/system.hdf -mem-ranges [list {0x40000000 0xbfffffff}]
configparams force-mem-access 1
targets -set -nocase -filter {name =~"APU*" && jtag_cable_name =~ "Digilent Arty Z7 003017B3FA32A"} -index 0
stop
ps7_init
ps7_post_config
targets -set -nocase -filter {name =~ "ARM*#0" && jtag_cable_name =~ "Digilent Arty Z7 003017B3FA32A"} -index 0
rst -processor
targets -set -nocase -filter {name =~ "ARM*#0" && jtag_cable_name =~ "Digilent Arty Z7 003017B3FA32A"} -index 0
dow D:/SingleDGH/ComputerEngineering/LogicDesign/img_rot_project/img_rot_project.sdk/image_rot_app/Debug/image_rot_app.elf
configparams force-mem-access 0
----------------End of Script----------------

14:04:48 INFO  : Memory regions updated for context APU
14:04:48 INFO  : Context for processor 'ps7_cortexa9_0' is selected.
14:04:48 INFO  : 'con' command is executed.
14:04:48 INFO  : ----------------XSDB Script (After Launch)----------------
targets -set -nocase -filter {name =~ "ARM*#0" && jtag_cable_name =~ "Digilent Arty Z7 003017B3FA32A"} -index 0
con
----------------End of Script----------------

14:04:48 INFO  : Launch script is exported to file 'D:\SingleDGH\ComputerEngineering\LogicDesign\img_rot_project\img_rot_project.sdk\.sdk\launch_scripts\xilinx_c-c++_application_(system_debugger)\system_debugger_using_debug_image_rot_app.elf_on_local.tcl'
14:05:02 INFO  : Disconnected from the channel tcfchan#7.
15:29:47 INFO  : Registering command handlers for SDK TCF services
15:29:48 INFO  : Launching XSCT server: xsct.bat -interactive D:\SingleDGH\ComputerEngineering\LogicDesign\img_rot_project\img_rot_project.sdk\temp_xsdb_launch_script.tcl
15:29:51 INFO  : XSCT server has started successfully.
15:29:56 INFO  : Processing command line option -hwspec D:/SingleDGH/ComputerEngineering/LogicDesign/img_rot_project/img_rot_project.sdk/image_rotator_design_wrapper.hdf.
15:29:56 INFO  : Successfully done setting XSCT server connection channel  
15:29:56 INFO  : Successfully done setting SDK workspace  
15:29:56 INFO  : Checking for hwspec changes in the project image_rotator_design_wrapper_hw_platform_1.
15:30:08 INFO  : SDK has detected change in the last modified timestamps for source hardware specification file Source:1766392126248,  Project:1766146210147
15:30:08 INFO  : The hardware specification for project 'image_rotator_design_wrapper_hw_platform_1' is different from D:/SingleDGH/ComputerEngineering/LogicDesign/img_rot_project/img_rot_project.sdk/image_rotator_design_wrapper.hdf.
15:30:08 INFO  : Copied contents of D:/SingleDGH/ComputerEngineering/LogicDesign/img_rot_project/img_rot_project.sdk/image_rotator_design_wrapper.hdf into \image_rotator_design_wrapper_hw_platform_1\system.hdf.
15:30:13 INFO  : Synchronizing projects in the workspace with the hardware platform specification changes.
15:30:13 INFO  : Clearing existing target manager status.
15:30:13 INFO  : Workspace synchronized with the new hardware specification file. Cleaning dependent projects...
15:30:13 WARN  : Linker script will not be updated automatically. Users need to update it manually.
15:30:50 INFO  : 'targets -set -filter {jtag_cable_name =~ "Digilent Arty Z7 003017B3FA32A" && level==0} -index 1' command is executed.
15:30:50 INFO  : 'fpga -state' command is executed.
15:30:50 INFO  : Connected to target on host '127.0.0.1' and port '3121'.
15:30:50 INFO  : Jtag cable 'Digilent Arty Z7 003017B3FA32A' is selected.
15:30:50 INFO  : 'jtag frequency' command is executed.
15:30:50 INFO  : Sourcing of 'D:/SingleDGH/ComputerEngineering/LogicDesign/img_rot_project/img_rot_project.sdk/image_rotator_design_wrapper_hw_platform_0/ps7_init.tcl' is done.
15:30:50 INFO  : Context for 'APU' is selected.
15:30:50 INFO  : Hardware design information is loaded from 'D:/SingleDGH/ComputerEngineering/LogicDesign/img_rot_project/img_rot_project.sdk/image_rotator_design_wrapper_hw_platform_0/system.hdf'.
15:30:50 INFO  : 'configparams force-mem-access 1' command is executed.
15:30:50 INFO  : Context for 'APU' is selected.
15:30:50 INFO  : 'stop' command is executed.
15:30:51 INFO  : 'ps7_init' command is executed.
15:30:51 INFO  : 'ps7_post_config' command is executed.
15:30:51 INFO  : Context for processor 'ps7_cortexa9_0' is selected.
15:30:51 INFO  : Processor reset is completed for 'ps7_cortexa9_0'.
15:30:51 INFO  : Context for processor 'ps7_cortexa9_0' is selected.
15:30:51 INFO  : The application 'D:/SingleDGH/ComputerEngineering/LogicDesign/img_rot_project/img_rot_project.sdk/image_rot_app/Debug/image_rot_app.elf' is downloaded to processor 'ps7_cortexa9_0'.
15:30:51 INFO  : 'configparams force-mem-access 0' command is executed.
15:30:51 INFO  : ----------------XSDB Script----------------
connect -url tcp:127.0.0.1:3121
source D:/SingleDGH/ComputerEngineering/LogicDesign/img_rot_project/img_rot_project.sdk/image_rotator_design_wrapper_hw_platform_0/ps7_init.tcl
targets -set -nocase -filter {name =~"APU*" && jtag_cable_name =~ "Digilent Arty Z7 003017B3FA32A"} -index 0
loadhw -hw D:/SingleDGH/ComputerEngineering/LogicDesign/img_rot_project/img_rot_project.sdk/image_rotator_design_wrapper_hw_platform_0/system.hdf -mem-ranges [list {0x40000000 0xbfffffff}]
configparams force-mem-access 1
targets -set -nocase -filter {name =~"APU*" && jtag_cable_name =~ "Digilent Arty Z7 003017B3FA32A"} -index 0
stop
ps7_init
ps7_post_config
targets -set -nocase -filter {name =~ "ARM*#0" && jtag_cable_name =~ "Digilent Arty Z7 003017B3FA32A"} -index 0
rst -processor
targets -set -nocase -filter {name =~ "ARM*#0" && jtag_cable_name =~ "Digilent Arty Z7 003017B3FA32A"} -index 0
dow D:/SingleDGH/ComputerEngineering/LogicDesign/img_rot_project/img_rot_project.sdk/image_rot_app/Debug/image_rot_app.elf
configparams force-mem-access 0
----------------End of Script----------------

15:30:51 INFO  : Memory regions updated for context APU
15:30:51 INFO  : Context for processor 'ps7_cortexa9_0' is selected.
15:30:51 INFO  : 'con' command is executed.
15:30:51 INFO  : ----------------XSDB Script (After Launch)----------------
targets -set -nocase -filter {name =~ "ARM*#0" && jtag_cable_name =~ "Digilent Arty Z7 003017B3FA32A"} -index 0
con
----------------End of Script----------------

15:30:51 INFO  : Launch script is exported to file 'D:\SingleDGH\ComputerEngineering\LogicDesign\img_rot_project\img_rot_project.sdk\.sdk\launch_scripts\xilinx_c-c++_application_(system_debugger)\system_debugger_using_debug_image_rot_app.elf_on_local.tcl'
15:33:16 INFO  : Disconnected from the channel tcfchan#1.
15:33:18 INFO  : 'targets -set -filter {jtag_cable_name =~ "Digilent Arty Z7 003017B3FA32A" && level==0} -index 1' command is executed.
15:33:18 INFO  : 'fpga -state' command is executed.
15:33:18 INFO  : Connected to target on host '127.0.0.1' and port '3121'.
15:33:18 INFO  : Jtag cable 'Digilent Arty Z7 003017B3FA32A' is selected.
15:33:18 INFO  : 'jtag frequency' command is executed.
15:33:18 INFO  : Sourcing of 'D:/SingleDGH/ComputerEngineering/LogicDesign/img_rot_project/img_rot_project.sdk/image_rotator_design_wrapper_hw_platform_0/ps7_init.tcl' is done.
15:33:18 INFO  : Context for 'APU' is selected.
15:33:19 INFO  : Hardware design information is loaded from 'D:/SingleDGH/ComputerEngineering/LogicDesign/img_rot_project/img_rot_project.sdk/image_rotator_design_wrapper_hw_platform_0/system.hdf'.
15:33:19 INFO  : 'configparams force-mem-access 1' command is executed.
15:33:19 INFO  : Context for 'APU' is selected.
15:33:19 INFO  : 'stop' command is executed.
15:33:20 INFO  : 'ps7_init' command is executed.
15:33:20 INFO  : 'ps7_post_config' command is executed.
15:33:20 INFO  : Context for processor 'ps7_cortexa9_0' is selected.
15:33:20 INFO  : Processor reset is completed for 'ps7_cortexa9_0'.
15:33:20 INFO  : Context for processor 'ps7_cortexa9_0' is selected.
15:33:20 INFO  : The application 'D:/SingleDGH/ComputerEngineering/LogicDesign/img_rot_project/img_rot_project.sdk/image_rot_app/Debug/image_rot_app.elf' is downloaded to processor 'ps7_cortexa9_0'.
15:33:20 INFO  : 'configparams force-mem-access 0' command is executed.
15:33:20 INFO  : ----------------XSDB Script----------------
connect -url tcp:127.0.0.1:3121
source D:/SingleDGH/ComputerEngineering/LogicDesign/img_rot_project/img_rot_project.sdk/image_rotator_design_wrapper_hw_platform_0/ps7_init.tcl
targets -set -nocase -filter {name =~"APU*" && jtag_cable_name =~ "Digilent Arty Z7 003017B3FA32A"} -index 0
loadhw -hw D:/SingleDGH/ComputerEngineering/LogicDesign/img_rot_project/img_rot_project.sdk/image_rotator_design_wrapper_hw_platform_0/system.hdf -mem-ranges [list {0x40000000 0xbfffffff}]
configparams force-mem-access 1
targets -set -nocase -filter {name =~"APU*" && jtag_cable_name =~ "Digilent Arty Z7 003017B3FA32A"} -index 0
stop
ps7_init
ps7_post_config
targets -set -nocase -filter {name =~ "ARM*#0" && jtag_cable_name =~ "Digilent Arty Z7 003017B3FA32A"} -index 0
rst -processor
targets -set -nocase -filter {name =~ "ARM*#0" && jtag_cable_name =~ "Digilent Arty Z7 003017B3FA32A"} -index 0
dow D:/SingleDGH/ComputerEngineering/LogicDesign/img_rot_project/img_rot_project.sdk/image_rot_app/Debug/image_rot_app.elf
configparams force-mem-access 0
----------------End of Script----------------

15:33:20 INFO  : Memory regions updated for context APU
15:33:20 INFO  : Context for processor 'ps7_cortexa9_0' is selected.
15:33:20 INFO  : 'con' command is executed.
15:33:20 INFO  : ----------------XSDB Script (After Launch)----------------
targets -set -nocase -filter {name =~ "ARM*#0" && jtag_cable_name =~ "Digilent Arty Z7 003017B3FA32A"} -index 0
con
----------------End of Script----------------

15:33:20 INFO  : Launch script is exported to file 'D:\SingleDGH\ComputerEngineering\LogicDesign\img_rot_project\img_rot_project.sdk\.sdk\launch_scripts\xilinx_c-c++_application_(system_debugger)\system_debugger_using_debug_image_rot_app.elf_on_local.tcl'
15:34:23 INFO  : Disconnected from the channel tcfchan#2.
15:34:24 INFO  : 'targets -set -filter {jtag_cable_name =~ "Digilent Arty Z7 003017B3FA32A" && level==0} -index 1' command is executed.
15:34:24 INFO  : 'fpga -state' command is executed.
15:34:24 INFO  : Connected to target on host '127.0.0.1' and port '3121'.
15:34:24 INFO  : Jtag cable 'Digilent Arty Z7 003017B3FA32A' is selected.
15:34:24 INFO  : 'jtag frequency' command is executed.
15:34:24 INFO  : Sourcing of 'D:/SingleDGH/ComputerEngineering/LogicDesign/img_rot_project/img_rot_project.sdk/image_rotator_design_wrapper_hw_platform_0/ps7_init.tcl' is done.
15:34:24 INFO  : Context for 'APU' is selected.
15:34:24 INFO  : Hardware design information is loaded from 'D:/SingleDGH/ComputerEngineering/LogicDesign/img_rot_project/img_rot_project.sdk/image_rotator_design_wrapper_hw_platform_0/system.hdf'.
15:34:24 INFO  : 'configparams force-mem-access 1' command is executed.
15:34:24 INFO  : Context for 'APU' is selected.
15:34:24 INFO  : 'stop' command is executed.
15:34:25 INFO  : 'ps7_init' command is executed.
15:34:25 INFO  : 'ps7_post_config' command is executed.
15:34:25 INFO  : Context for processor 'ps7_cortexa9_0' is selected.
15:34:25 INFO  : Processor reset is completed for 'ps7_cortexa9_0'.
15:34:25 INFO  : Context for processor 'ps7_cortexa9_0' is selected.
15:34:25 INFO  : The application 'D:/SingleDGH/ComputerEngineering/LogicDesign/img_rot_project/img_rot_project.sdk/image_rot_app/Debug/image_rot_app.elf' is downloaded to processor 'ps7_cortexa9_0'.
15:34:25 INFO  : 'configparams force-mem-access 0' command is executed.
15:34:25 INFO  : ----------------XSDB Script----------------
connect -url tcp:127.0.0.1:3121
source D:/SingleDGH/ComputerEngineering/LogicDesign/img_rot_project/img_rot_project.sdk/image_rotator_design_wrapper_hw_platform_0/ps7_init.tcl
targets -set -nocase -filter {name =~"APU*" && jtag_cable_name =~ "Digilent Arty Z7 003017B3FA32A"} -index 0
loadhw -hw D:/SingleDGH/ComputerEngineering/LogicDesign/img_rot_project/img_rot_project.sdk/image_rotator_design_wrapper_hw_platform_0/system.hdf -mem-ranges [list {0x40000000 0xbfffffff}]
configparams force-mem-access 1
targets -set -nocase -filter {name =~"APU*" && jtag_cable_name =~ "Digilent Arty Z7 003017B3FA32A"} -index 0
stop
ps7_init
ps7_post_config
targets -set -nocase -filter {name =~ "ARM*#0" && jtag_cable_name =~ "Digilent Arty Z7 003017B3FA32A"} -index 0
rst -processor
targets -set -nocase -filter {name =~ "ARM*#0" && jtag_cable_name =~ "Digilent Arty Z7 003017B3FA32A"} -index 0
dow D:/SingleDGH/ComputerEngineering/LogicDesign/img_rot_project/img_rot_project.sdk/image_rot_app/Debug/image_rot_app.elf
configparams force-mem-access 0
----------------End of Script----------------

15:34:25 INFO  : Memory regions updated for context APU
15:34:25 INFO  : Context for processor 'ps7_cortexa9_0' is selected.
15:34:25 INFO  : 'con' command is executed.
15:34:25 INFO  : ----------------XSDB Script (After Launch)----------------
targets -set -nocase -filter {name =~ "ARM*#0" && jtag_cable_name =~ "Digilent Arty Z7 003017B3FA32A"} -index 0
con
----------------End of Script----------------

15:34:25 INFO  : Launch script is exported to file 'D:\SingleDGH\ComputerEngineering\LogicDesign\img_rot_project\img_rot_project.sdk\.sdk\launch_scripts\xilinx_c-c++_application_(system_debugger)\system_debugger_using_debug_image_rot_app.elf_on_local.tcl'
15:39:14 INFO  : Disconnected from the channel tcfchan#3.
15:39:15 INFO  : 'targets -set -filter {jtag_cable_name =~ "Digilent Arty Z7 003017B3FA32A" && level==0} -index 1' command is executed.
15:39:15 INFO  : 'fpga -state' command is executed.
15:39:15 INFO  : Connected to target on host '127.0.0.1' and port '3121'.
15:39:15 INFO  : Jtag cable 'Digilent Arty Z7 003017B3FA32A' is selected.
15:39:15 INFO  : 'jtag frequency' command is executed.
15:39:15 INFO  : Sourcing of 'D:/SingleDGH/ComputerEngineering/LogicDesign/img_rot_project/img_rot_project.sdk/image_rotator_design_wrapper_hw_platform_0/ps7_init.tcl' is done.
15:39:15 INFO  : Context for 'APU' is selected.
15:39:15 INFO  : Hardware design information is loaded from 'D:/SingleDGH/ComputerEngineering/LogicDesign/img_rot_project/img_rot_project.sdk/image_rotator_design_wrapper_hw_platform_0/system.hdf'.
15:39:15 INFO  : 'configparams force-mem-access 1' command is executed.
15:39:15 INFO  : Context for 'APU' is selected.
15:39:15 INFO  : 'stop' command is executed.
15:39:16 INFO  : 'ps7_init' command is executed.
15:39:16 INFO  : 'ps7_post_config' command is executed.
15:39:16 INFO  : Context for processor 'ps7_cortexa9_0' is selected.
15:39:16 INFO  : Processor reset is completed for 'ps7_cortexa9_0'.
15:39:16 INFO  : Context for processor 'ps7_cortexa9_0' is selected.
15:39:16 INFO  : The application 'D:/SingleDGH/ComputerEngineering/LogicDesign/img_rot_project/img_rot_project.sdk/image_rot_app/Debug/image_rot_app.elf' is downloaded to processor 'ps7_cortexa9_0'.
15:39:16 INFO  : 'configparams force-mem-access 0' command is executed.
15:39:16 INFO  : ----------------XSDB Script----------------
connect -url tcp:127.0.0.1:3121
source D:/SingleDGH/ComputerEngineering/LogicDesign/img_rot_project/img_rot_project.sdk/image_rotator_design_wrapper_hw_platform_0/ps7_init.tcl
targets -set -nocase -filter {name =~"APU*" && jtag_cable_name =~ "Digilent Arty Z7 003017B3FA32A"} -index 0
loadhw -hw D:/SingleDGH/ComputerEngineering/LogicDesign/img_rot_project/img_rot_project.sdk/image_rotator_design_wrapper_hw_platform_0/system.hdf -mem-ranges [list {0x40000000 0xbfffffff}]
configparams force-mem-access 1
targets -set -nocase -filter {name =~"APU*" && jtag_cable_name =~ "Digilent Arty Z7 003017B3FA32A"} -index 0
stop
ps7_init
ps7_post_config
targets -set -nocase -filter {name =~ "ARM*#0" && jtag_cable_name =~ "Digilent Arty Z7 003017B3FA32A"} -index 0
rst -processor
targets -set -nocase -filter {name =~ "ARM*#0" && jtag_cable_name =~ "Digilent Arty Z7 003017B3FA32A"} -index 0
dow D:/SingleDGH/ComputerEngineering/LogicDesign/img_rot_project/img_rot_project.sdk/image_rot_app/Debug/image_rot_app.elf
configparams force-mem-access 0
----------------End of Script----------------

15:39:16 INFO  : Memory regions updated for context APU
15:39:16 INFO  : Context for processor 'ps7_cortexa9_0' is selected.
15:39:16 INFO  : 'con' command is executed.
15:39:16 INFO  : ----------------XSDB Script (After Launch)----------------
targets -set -nocase -filter {name =~ "ARM*#0" && jtag_cable_name =~ "Digilent Arty Z7 003017B3FA32A"} -index 0
con
----------------End of Script----------------

15:39:16 INFO  : Launch script is exported to file 'D:\SingleDGH\ComputerEngineering\LogicDesign\img_rot_project\img_rot_project.sdk\.sdk\launch_scripts\xilinx_c-c++_application_(system_debugger)\system_debugger_using_debug_image_rot_app.elf_on_local.tcl'
15:43:41 INFO  : Disconnected from the channel tcfchan#4.
15:43:42 INFO  : 'targets -set -filter {jtag_cable_name =~ "Digilent Arty Z7 003017B3FA32A" && level==0} -index 1' command is executed.
15:43:42 INFO  : 'fpga -state' command is executed.
15:43:42 INFO  : Connected to target on host '127.0.0.1' and port '3121'.
15:43:42 INFO  : Jtag cable 'Digilent Arty Z7 003017B3FA32A' is selected.
15:43:42 INFO  : 'jtag frequency' command is executed.
15:43:42 INFO  : Sourcing of 'D:/SingleDGH/ComputerEngineering/LogicDesign/img_rot_project/img_rot_project.sdk/image_rotator_design_wrapper_hw_platform_0/ps7_init.tcl' is done.
15:43:42 INFO  : Context for 'APU' is selected.
15:43:42 INFO  : Hardware design information is loaded from 'D:/SingleDGH/ComputerEngineering/LogicDesign/img_rot_project/img_rot_project.sdk/image_rotator_design_wrapper_hw_platform_0/system.hdf'.
15:43:42 INFO  : 'configparams force-mem-access 1' command is executed.
15:43:42 INFO  : Context for 'APU' is selected.
15:43:42 INFO  : 'stop' command is executed.
15:43:43 INFO  : 'ps7_init' command is executed.
15:43:43 INFO  : 'ps7_post_config' command is executed.
15:43:43 INFO  : Context for processor 'ps7_cortexa9_0' is selected.
15:43:43 INFO  : Processor reset is completed for 'ps7_cortexa9_0'.
15:43:43 INFO  : Context for processor 'ps7_cortexa9_0' is selected.
15:43:44 INFO  : The application 'D:/SingleDGH/ComputerEngineering/LogicDesign/img_rot_project/img_rot_project.sdk/image_rot_app/Debug/image_rot_app.elf' is downloaded to processor 'ps7_cortexa9_0'.
15:43:44 INFO  : 'configparams force-mem-access 0' command is executed.
15:43:44 INFO  : ----------------XSDB Script----------------
connect -url tcp:127.0.0.1:3121
source D:/SingleDGH/ComputerEngineering/LogicDesign/img_rot_project/img_rot_project.sdk/image_rotator_design_wrapper_hw_platform_0/ps7_init.tcl
targets -set -nocase -filter {name =~"APU*" && jtag_cable_name =~ "Digilent Arty Z7 003017B3FA32A"} -index 0
loadhw -hw D:/SingleDGH/ComputerEngineering/LogicDesign/img_rot_project/img_rot_project.sdk/image_rotator_design_wrapper_hw_platform_0/system.hdf -mem-ranges [list {0x40000000 0xbfffffff}]
configparams force-mem-access 1
targets -set -nocase -filter {name =~"APU*" && jtag_cable_name =~ "Digilent Arty Z7 003017B3FA32A"} -index 0
stop
ps7_init
ps7_post_config
targets -set -nocase -filter {name =~ "ARM*#0" && jtag_cable_name =~ "Digilent Arty Z7 003017B3FA32A"} -index 0
rst -processor
targets -set -nocase -filter {name =~ "ARM*#0" && jtag_cable_name =~ "Digilent Arty Z7 003017B3FA32A"} -index 0
dow D:/SingleDGH/ComputerEngineering/LogicDesign/img_rot_project/img_rot_project.sdk/image_rot_app/Debug/image_rot_app.elf
configparams force-mem-access 0
----------------End of Script----------------

15:43:44 INFO  : Memory regions updated for context APU
15:43:44 INFO  : Context for processor 'ps7_cortexa9_0' is selected.
15:43:44 INFO  : 'con' command is executed.
15:43:44 INFO  : ----------------XSDB Script (After Launch)----------------
targets -set -nocase -filter {name =~ "ARM*#0" && jtag_cable_name =~ "Digilent Arty Z7 003017B3FA32A"} -index 0
con
----------------End of Script----------------

15:43:44 INFO  : Launch script is exported to file 'D:\SingleDGH\ComputerEngineering\LogicDesign\img_rot_project\img_rot_project.sdk\.sdk\launch_scripts\xilinx_c-c++_application_(system_debugger)\system_debugger_using_debug_image_rot_app.elf_on_local.tcl'
15:44:43 INFO  : Disconnected from the channel tcfchan#5.
15:44:44 INFO  : 'targets -set -filter {jtag_cable_name =~ "Digilent Arty Z7 003017B3FA32A" && level==0} -index 1' command is executed.
15:44:44 INFO  : 'fpga -state' command is executed.
15:44:44 INFO  : Connected to target on host '127.0.0.1' and port '3121'.
15:44:44 INFO  : Jtag cable 'Digilent Arty Z7 003017B3FA32A' is selected.
15:44:44 INFO  : 'jtag frequency' command is executed.
15:44:44 INFO  : Sourcing of 'D:/SingleDGH/ComputerEngineering/LogicDesign/img_rot_project/img_rot_project.sdk/image_rotator_design_wrapper_hw_platform_0/ps7_init.tcl' is done.
15:44:44 INFO  : Context for 'APU' is selected.
15:44:44 INFO  : Hardware design information is loaded from 'D:/SingleDGH/ComputerEngineering/LogicDesign/img_rot_project/img_rot_project.sdk/image_rotator_design_wrapper_hw_platform_0/system.hdf'.
15:44:44 INFO  : 'configparams force-mem-access 1' command is executed.
15:44:44 INFO  : Context for 'APU' is selected.
15:44:44 INFO  : 'stop' command is executed.
15:44:45 INFO  : 'ps7_init' command is executed.
15:44:45 INFO  : 'ps7_post_config' command is executed.
15:44:45 INFO  : Context for processor 'ps7_cortexa9_0' is selected.
15:44:45 INFO  : Processor reset is completed for 'ps7_cortexa9_0'.
15:44:45 INFO  : Context for processor 'ps7_cortexa9_0' is selected.
15:44:46 INFO  : The application 'D:/SingleDGH/ComputerEngineering/LogicDesign/img_rot_project/img_rot_project.sdk/image_rot_app/Debug/image_rot_app.elf' is downloaded to processor 'ps7_cortexa9_0'.
15:44:46 INFO  : 'configparams force-mem-access 0' command is executed.
15:44:46 INFO  : ----------------XSDB Script----------------
connect -url tcp:127.0.0.1:3121
source D:/SingleDGH/ComputerEngineering/LogicDesign/img_rot_project/img_rot_project.sdk/image_rotator_design_wrapper_hw_platform_0/ps7_init.tcl
targets -set -nocase -filter {name =~"APU*" && jtag_cable_name =~ "Digilent Arty Z7 003017B3FA32A"} -index 0
loadhw -hw D:/SingleDGH/ComputerEngineering/LogicDesign/img_rot_project/img_rot_project.sdk/image_rotator_design_wrapper_hw_platform_0/system.hdf -mem-ranges [list {0x40000000 0xbfffffff}]
configparams force-mem-access 1
targets -set -nocase -filter {name =~"APU*" && jtag_cable_name =~ "Digilent Arty Z7 003017B3FA32A"} -index 0
stop
ps7_init
ps7_post_config
targets -set -nocase -filter {name =~ "ARM*#0" && jtag_cable_name =~ "Digilent Arty Z7 003017B3FA32A"} -index 0
rst -processor
targets -set -nocase -filter {name =~ "ARM*#0" && jtag_cable_name =~ "Digilent Arty Z7 003017B3FA32A"} -index 0
dow D:/SingleDGH/ComputerEngineering/LogicDesign/img_rot_project/img_rot_project.sdk/image_rot_app/Debug/image_rot_app.elf
configparams force-mem-access 0
----------------End of Script----------------

15:44:46 INFO  : Memory regions updated for context APU
15:44:46 INFO  : Context for processor 'ps7_cortexa9_0' is selected.
15:44:46 INFO  : 'con' command is executed.
15:44:46 INFO  : ----------------XSDB Script (After Launch)----------------
targets -set -nocase -filter {name =~ "ARM*#0" && jtag_cable_name =~ "Digilent Arty Z7 003017B3FA32A"} -index 0
con
----------------End of Script----------------

15:44:46 INFO  : Launch script is exported to file 'D:\SingleDGH\ComputerEngineering\LogicDesign\img_rot_project\img_rot_project.sdk\.sdk\launch_scripts\xilinx_c-c++_application_(system_debugger)\system_debugger_using_debug_image_rot_app.elf_on_local.tcl'
15:47:59 INFO  : Disconnected from the channel tcfchan#6.
