Vivado Simulator 2018.3
Time resolution is 1 ps
=== Sending 16 pixels ===
Sending pixel[0] = 1
Sending pixel[1] = 2
Sending pixel[2] = 3
Sending pixel[3] = 4
Sending pixel[4] = 5
Sending pixel[5] = 6
Sending pixel[6] = 7
Sending pixel[7] = 8
Sending pixel[8] = 9
Sending pixel[9] = 10
Sending pixel[10] = 11
Sending pixel[11] = 12
Sending pixel[12] = 13
Sending pixel[13] = 14
Sending pixel[14] = 15
Sending pixel[15] = 15
=== Receiving pixels ===
 13   9   5   1 
 14  10   6   2 
 15  11   7   3 
 15  12   8   4 
=== DONE, output_image.hex written ===
$finish called at time : 395 ns : File "D:/SingleDGH/ComputerEngineering/VivadoProject/img_rot_project.srcs/sources_1/new/tb_axi_img_rot.v" Line 82
