16:10:15 INFO  : Registering command handlers for SDK TCF services
16:10:15 INFO  : Launching XSCT server: xsct.bat -interactive D:\SingleDGH\ComputerEngineering\VivadoProject\img_rot_project.sdk\temp_xsdb_launch_script.tcl
16:10:16 INFO  : XSCT server has started successfully.
16:10:16 INFO  : Successfully done setting XSCT server connection channel  
16:10:16 INFO  : Successfully done setting SDK workspace  
16:10:16 INFO  : Processing command line option -hwspec D:/SingleDGH/ComputerEngineering/VivadoProject/img_rot_project.sdk/img_rot_design_wrapper.hdf.
16:11:22 INFO  : 'targets -set -filter {jtag_cable_name =~ "Digilent Arty Z7 003017B3FA32A" && level==0} -index 1' command is executed.
16:11:22 INFO  : 'fpga -state' command is executed.
16:11:22 INFO  : Connected to target on host '127.0.0.1' and port '3121'.
16:11:22 INFO  : Jtag cable 'Digilent Arty Z7 003017B3FA32A' is selected.
16:11:22 INFO  : 'jtag frequency' command is executed.
16:11:22 INFO  : Sourcing of 'D:/SingleDGH/ComputerEngineering/VivadoProject/img_rot_project.sdk/img_rot_design_wrapper_hw_platform_0/ps7_init.tcl' is done.
16:11:22 INFO  : Context for 'APU' is selected.
16:11:22 INFO  : Hardware design information is loaded from 'D:/SingleDGH/ComputerEngineering/VivadoProject/img_rot_project.sdk/img_rot_design_wrapper_hw_platform_0/system.hdf'.
16:11:22 INFO  : 'configparams force-mem-access 1' command is executed.
16:11:22 INFO  : Context for 'APU' is selected.
16:11:22 INFO  : 'stop' command is executed.
16:11:22 INFO  : 'ps7_init' command is executed.
16:11:22 INFO  : 'ps7_post_config' command is executed.
16:11:22 INFO  : Context for processor 'ps7_cortexa9_0' is selected.
16:11:22 INFO  : Processor reset is completed for 'ps7_cortexa9_0'.
16:11:22 INFO  : Context for processor 'ps7_cortexa9_0' is selected.
16:11:22 INFO  : The application 'D:/SingleDGH/ComputerEngineering/VivadoProject/img_rot_project.sdk/img_rot_app/Debug/img_rot_app.elf' is downloaded to processor 'ps7_cortexa9_0'.
16:11:22 INFO  : 'configparams force-mem-access 0' command is executed.
16:11:22 INFO  : ----------------XSDB Script----------------
connect -url tcp:127.0.0.1:3121
source D:/SingleDGH/ComputerEngineering/VivadoProject/img_rot_project.sdk/img_rot_design_wrapper_hw_platform_0/ps7_init.tcl
targets -set -nocase -filter {name =~"APU*" && jtag_cable_name =~ "Digilent Arty Z7 003017B3FA32A"} -index 0
loadhw -hw D:/SingleDGH/ComputerEngineering/VivadoProject/img_rot_project.sdk/img_rot_design_wrapper_hw_platform_0/system.hdf -mem-ranges [list {0x40000000 0xbfffffff}]
configparams force-mem-access 1
targets -set -nocase -filter {name =~"APU*" && jtag_cable_name =~ "Digilent Arty Z7 003017B3FA32A"} -index 0
stop
ps7_init
ps7_post_config
targets -set -nocase -filter {name =~ "ARM*#0" && jtag_cable_name =~ "Digilent Arty Z7 003017B3FA32A"} -index 0
rst -processor
targets -set -nocase -filter {name =~ "ARM*#0" && jtag_cable_name =~ "Digilent Arty Z7 003017B3FA32A"} -index 0
dow D:/SingleDGH/ComputerEngineering/VivadoProject/img_rot_project.sdk/img_rot_app/Debug/img_rot_app.elf
configparams force-mem-access 0
----------------End of Script----------------

16:11:22 INFO  : Memory regions updated for context APU
16:11:23 INFO  : Context for processor 'ps7_cortexa9_0' is selected.
16:11:23 INFO  : 'con' command is executed.
16:11:23 INFO  : ----------------XSDB Script (After Launch)----------------
targets -set -nocase -filter {name =~ "ARM*#0" && jtag_cable_name =~ "Digilent Arty Z7 003017B3FA32A"} -index 0
con
----------------End of Script----------------

16:11:23 INFO  : Launch script is exported to file 'D:\SingleDGH\ComputerEngineering\VivadoProject\img_rot_project.sdk\.sdk\launch_scripts\xilinx_c-c++_application_(system_debugger)\system_debugger_using_debug_img_rot_app.elf_on_local.tcl'
16:12:00 INFO  : Disconnected from the channel tcfchan#1.
