Time resolution is 1 ps
Image size: 3x4
=== Input Image (mem_in) ===
01 02 03 04 
05 06 07 08 
09 0a 0b 0c 
=== Applying: Rotate Clockwise (90 deg CW) ===
time=5000 | Pixel [0,0] (in) -> [2,0] (out), value=01
time=15000 | Pixel [0,0] (in) -> [2,0] (out), value=01
time=25000 | Pixel [1,0] (in) -> [2,1] (out), value=02
time=35000 | Pixel [2,0] (in) -> [2,2] (out), value=03
time=45000 | Pixel [3,0] (in) -> [2,3] (out), value=04
time=55000 | Pixel [0,1] (in) -> [1,0] (out), value=05
time=65000 | Pixel [1,1] (in) -> [1,1] (out), value=06
time=75000 | Pixel [2,1] (in) -> [1,2] (out), value=07
time=85000 | Pixel [3,1] (in) -> [1,3] (out), value=08
time=95000 | Pixel [0,2] (in) -> [0,0] (out), value=09
time=105000 | Pixel [1,2] (in) -> [0,1] (out), value=0a
time=115000 | Pixel [2,2] (in) -> [0,2] (out), value=0b
time=125000 | Pixel [3,2] (in) -> [0,3] (out), value=0c
=== Processing finished ===
=== Output Image (mem_out) ===
09 05 01 
0a 06 02 
0b 07 03 
0c 08 04 
=== Debug mem_out contents ===
Estimated mem_out_rotate[0][0] = 09
Estimated mem_out_rotate[0][1] = 05
Estimated mem_out_rotate[0][2] = 01
Estimated mem_out_rotate[1][0] = 0a
Estimated mem_out_rotate[1][1] = 06
Estimated mem_out_rotate[1][2] = 02
Estimated mem_out_rotate[2][0] = 0b
Estimated mem_out_rotate[2][1] = 07
Estimated mem_out_rotate[2][2] = 03
Estimated mem_out_rotate[3][0] = 0c
Estimated mem_out_rotate[3][1] = 08
Estimated mem_out_rotate[3][2] = 04
$finish called at time : 155 ns : File "C:/TKLL/HDL_image/HDL_image.srcs/sources_1/imports/HDLProject/top_module_tb.v" Line 234
