23:40:42 INFO  : Registering command handlers for SDK TCF services
23:40:42 INFO  : Launching XSCT server: xsct.bat -interactive D:\SingleDGH\ComputerEngineering\VivadoProject\image_rotation_project\image_rotation_project.sdk\temp_xsdb_launch_script.tcl
23:40:44 INFO  : XSCT server has started successfully.
23:40:44 INFO  : Successfully done setting XSCT server connection channel  
23:40:44 INFO  : Successfully done setting SDK workspace  
23:40:44 INFO  : Processing command line option -hwspec D:/SingleDGH/ComputerEngineering/VivadoProject/image_rotation_project/image_rotation_project.sdk/image_rotation_design_wrapper.hdf.
23:42:33 INFO  : Connected to target on host '127.0.0.1' and port '3121'.
23:42:33 INFO  : 'targets -set -filter {jtag_cable_name =~ "Digilent Arty Z7 003017B3FA32A" && level==0} -index 1' command is executed.
23:42:36 INFO  : FPGA configured successfully with bitstream "D:/SingleDGH/ComputerEngineering/VivadoProject/image_rotation_project/image_rotation_project.sdk/image_rotation_design_wrapper_hw_platform_0/image_rotation_design_wrapper.bit"
23:42:46 INFO  : 'targets -set -filter {jtag_cable_name =~ "Digilent Arty Z7 003017B3FA32A" && level==0} -index 1' command is executed.
23:42:46 INFO  : 'fpga -state' command is executed.
23:42:46 INFO  : Connected to target on host '127.0.0.1' and port '3121'.
23:42:47 INFO  : Jtag cable 'Digilent Arty Z7 003017B3FA32A' is selected.
23:42:47 INFO  : 'jtag frequency' command is executed.
23:42:47 INFO  : Sourcing of 'D:/SingleDGH/ComputerEngineering/VivadoProject/image_rotation_project/image_rotation_project.sdk/image_rotation_design_wrapper_hw_platform_0/ps7_init.tcl' is done.
23:42:47 INFO  : Context for 'APU' is selected.
23:42:47 INFO  : Hardware design information is loaded from 'D:/SingleDGH/ComputerEngineering/VivadoProject/image_rotation_project/image_rotation_project.sdk/image_rotation_design_wrapper_hw_platform_0/system.hdf'.
23:42:47 INFO  : 'configparams force-mem-access 1' command is executed.
23:42:47 INFO  : Context for 'APU' is selected.
23:42:47 INFO  : 'stop' command is executed.
23:42:47 INFO  : 'ps7_init' command is executed.
23:42:47 INFO  : 'ps7_post_config' command is executed.
23:42:47 INFO  : Context for processor 'ps7_cortexa9_0' is selected.
23:42:47 INFO  : Processor reset is completed for 'ps7_cortexa9_0'.
23:42:47 INFO  : Context for processor 'ps7_cortexa9_0' is selected.
23:42:47 INFO  : The application 'D:/SingleDGH/ComputerEngineering/VivadoProject/image_rotation_project/image_rotation_project.sdk/image_rotation_app/Debug/image_rotation_app.elf' is downloaded to processor 'ps7_cortexa9_0'.
23:42:47 INFO  : 'configparams force-mem-access 0' command is executed.
23:42:47 INFO  : ----------------XSDB Script----------------
connect -url tcp:127.0.0.1:3121
source D:/SingleDGH/ComputerEngineering/VivadoProject/image_rotation_project/image_rotation_project.sdk/image_rotation_design_wrapper_hw_platform_0/ps7_init.tcl
targets -set -nocase -filter {name =~"APU*" && jtag_cable_name =~ "Digilent Arty Z7 003017B3FA32A"} -index 0
loadhw -hw D:/SingleDGH/ComputerEngineering/VivadoProject/image_rotation_project/image_rotation_project.sdk/image_rotation_design_wrapper_hw_platform_0/system.hdf -mem-ranges [list {0x40000000 0xbfffffff}]
configparams force-mem-access 1
targets -set -nocase -filter {name =~"APU*" && jtag_cable_name =~ "Digilent Arty Z7 003017B3FA32A"} -index 0
stop
ps7_init
ps7_post_config
targets -set -nocase -filter {name =~ "ARM*#0" && jtag_cable_name =~ "Digilent Arty Z7 003017B3FA32A"} -index 0
rst -processor
targets -set -nocase -filter {name =~ "ARM*#0" && jtag_cable_name =~ "Digilent Arty Z7 003017B3FA32A"} -index 0
dow D:/SingleDGH/ComputerEngineering/VivadoProject/image_rotation_project/image_rotation_project.sdk/image_rotation_app/Debug/image_rotation_app.elf
configparams force-mem-access 0
----------------End of Script----------------

23:42:47 INFO  : Memory regions updated for context APU
23:42:47 INFO  : Context for processor 'ps7_cortexa9_0' is selected.
23:42:47 INFO  : 'con' command is executed.
23:42:47 INFO  : ----------------XSDB Script (After Launch)----------------
targets -set -nocase -filter {name =~ "ARM*#0" && jtag_cable_name =~ "Digilent Arty Z7 003017B3FA32A"} -index 0
con
----------------End of Script----------------

23:42:47 INFO  : Launch script is exported to file 'D:\SingleDGH\ComputerEngineering\VivadoProject\image_rotation_project\image_rotation_project.sdk\.sdk\launch_scripts\xilinx_c-c++_application_(system_debugger)\system_debugger_using_debug_image_rotation_app.elf_on_local.tcl'
23:44:52 INFO  : Disconnected from the channel tcfchan#1.
23:44:53 INFO  : 'targets -set -filter {jtag_cable_name =~ "Digilent Arty Z7 003017B3FA32A" && level==0} -index 1' command is executed.
23:44:54 INFO  : 'fpga -state' command is executed.
23:44:54 INFO  : Connected to target on host '127.0.0.1' and port '3121'.
23:44:54 INFO  : Jtag cable 'Digilent Arty Z7 003017B3FA32A' is selected.
23:44:54 INFO  : 'jtag frequency' command is executed.
23:44:54 INFO  : Sourcing of 'D:/SingleDGH/ComputerEngineering/VivadoProject/image_rotation_project/image_rotation_project.sdk/image_rotation_design_wrapper_hw_platform_0/ps7_init.tcl' is done.
23:44:54 INFO  : Context for 'APU' is selected.
23:44:55 INFO  : Hardware design information is loaded from 'D:/SingleDGH/ComputerEngineering/VivadoProject/image_rotation_project/image_rotation_project.sdk/image_rotation_design_wrapper_hw_platform_0/system.hdf'.
23:44:55 INFO  : 'configparams force-mem-access 1' command is executed.
23:44:55 INFO  : Context for 'APU' is selected.
23:44:55 INFO  : 'stop' command is executed.
23:44:55 INFO  : 'ps7_init' command is executed.
23:44:55 INFO  : 'ps7_post_config' command is executed.
23:44:55 INFO  : Context for processor 'ps7_cortexa9_0' is selected.
23:44:55 INFO  : Processor reset is completed for 'ps7_cortexa9_0'.
23:44:55 INFO  : Context for processor 'ps7_cortexa9_0' is selected.
23:44:56 INFO  : The application 'D:/SingleDGH/ComputerEngineering/VivadoProject/image_rotation_project/image_rotation_project.sdk/image_rotation_app/Debug/image_rotation_app.elf' is downloaded to processor 'ps7_cortexa9_0'.
23:44:56 INFO  : 'configparams force-mem-access 0' command is executed.
23:44:56 INFO  : ----------------XSDB Script----------------
connect -url tcp:127.0.0.1:3121
source D:/SingleDGH/ComputerEngineering/VivadoProject/image_rotation_project/image_rotation_project.sdk/image_rotation_design_wrapper_hw_platform_0/ps7_init.tcl
targets -set -nocase -filter {name =~"APU*" && jtag_cable_name =~ "Digilent Arty Z7 003017B3FA32A"} -index 0
loadhw -hw D:/SingleDGH/ComputerEngineering/VivadoProject/image_rotation_project/image_rotation_project.sdk/image_rotation_design_wrapper_hw_platform_0/system.hdf -mem-ranges [list {0x40000000 0xbfffffff}]
configparams force-mem-access 1
targets -set -nocase -filter {name =~"APU*" && jtag_cable_name =~ "Digilent Arty Z7 003017B3FA32A"} -index 0
stop
ps7_init
ps7_post_config
targets -set -nocase -filter {name =~ "ARM*#0" && jtag_cable_name =~ "Digilent Arty Z7 003017B3FA32A"} -index 0
rst -processor
targets -set -nocase -filter {name =~ "ARM*#0" && jtag_cable_name =~ "Digilent Arty Z7 003017B3FA32A"} -index 0
dow D:/SingleDGH/ComputerEngineering/VivadoProject/image_rotation_project/image_rotation_project.sdk/image_rotation_app/Debug/image_rotation_app.elf
configparams force-mem-access 0
----------------End of Script----------------

23:44:56 INFO  : Memory regions updated for context APU
23:44:56 INFO  : Context for processor 'ps7_cortexa9_0' is selected.
23:44:56 INFO  : 'con' command is executed.
23:44:56 INFO  : ----------------XSDB Script (After Launch)----------------
targets -set -nocase -filter {name =~ "ARM*#0" && jtag_cable_name =~ "Digilent Arty Z7 003017B3FA32A"} -index 0
con
----------------End of Script----------------

23:44:56 INFO  : Launch script is exported to file 'D:\SingleDGH\ComputerEngineering\VivadoProject\image_rotation_project\image_rotation_project.sdk\.sdk\launch_scripts\xilinx_c-c++_application_(system_debugger)\system_debugger_using_debug_image_rotation_app.elf_on_local.tcl'
23:46:21 INFO  : Disconnected from the channel tcfchan#2.
23:46:22 INFO  : 'targets -set -filter {jtag_cable_name =~ "Digilent Arty Z7 003017B3FA32A" && level==0} -index 1' command is executed.
23:46:22 INFO  : 'fpga -state' command is executed.
23:46:22 INFO  : Connected to target on host '127.0.0.1' and port '3121'.
23:46:22 INFO  : Jtag cable 'Digilent Arty Z7 003017B3FA32A' is selected.
23:46:22 INFO  : 'jtag frequency' command is executed.
23:46:22 INFO  : Sourcing of 'D:/SingleDGH/ComputerEngineering/VivadoProject/image_rotation_project/image_rotation_project.sdk/image_rotation_design_wrapper_hw_platform_0/ps7_init.tcl' is done.
23:46:22 INFO  : Context for 'APU' is selected.
23:46:23 INFO  : Hardware design information is loaded from 'D:/SingleDGH/ComputerEngineering/VivadoProject/image_rotation_project/image_rotation_project.sdk/image_rotation_design_wrapper_hw_platform_0/system.hdf'.
23:46:23 INFO  : 'configparams force-mem-access 1' command is executed.
23:46:23 INFO  : Context for 'APU' is selected.
23:46:23 INFO  : 'stop' command is executed.
23:46:23 INFO  : 'ps7_init' command is executed.
23:46:23 INFO  : 'ps7_post_config' command is executed.
23:46:23 INFO  : Context for processor 'ps7_cortexa9_0' is selected.
23:46:24 INFO  : Processor reset is completed for 'ps7_cortexa9_0'.
23:46:24 INFO  : Context for processor 'ps7_cortexa9_0' is selected.
23:46:24 INFO  : The application 'D:/SingleDGH/ComputerEngineering/VivadoProject/image_rotation_project/image_rotation_project.sdk/image_rotation_app/Debug/image_rotation_app.elf' is downloaded to processor 'ps7_cortexa9_0'.
23:46:24 INFO  : 'configparams force-mem-access 0' command is executed.
23:46:24 INFO  : ----------------XSDB Script----------------
connect -url tcp:127.0.0.1:3121
source D:/SingleDGH/ComputerEngineering/VivadoProject/image_rotation_project/image_rotation_project.sdk/image_rotation_design_wrapper_hw_platform_0/ps7_init.tcl
targets -set -nocase -filter {name =~"APU*" && jtag_cable_name =~ "Digilent Arty Z7 003017B3FA32A"} -index 0
loadhw -hw D:/SingleDGH/ComputerEngineering/VivadoProject/image_rotation_project/image_rotation_project.sdk/image_rotation_design_wrapper_hw_platform_0/system.hdf -mem-ranges [list {0x40000000 0xbfffffff}]
configparams force-mem-access 1
targets -set -nocase -filter {name =~"APU*" && jtag_cable_name =~ "Digilent Arty Z7 003017B3FA32A"} -index 0
stop
ps7_init
ps7_post_config
targets -set -nocase -filter {name =~ "ARM*#0" && jtag_cable_name =~ "Digilent Arty Z7 003017B3FA32A"} -index 0
rst -processor
targets -set -nocase -filter {name =~ "ARM*#0" && jtag_cable_name =~ "Digilent Arty Z7 003017B3FA32A"} -index 0
dow D:/SingleDGH/ComputerEngineering/VivadoProject/image_rotation_project/image_rotation_project.sdk/image_rotation_app/Debug/image_rotation_app.elf
configparams force-mem-access 0
----------------End of Script----------------

23:46:24 INFO  : Memory regions updated for context APU
23:46:24 INFO  : Context for processor 'ps7_cortexa9_0' is selected.
23:46:24 INFO  : 'con' command is executed.
23:46:24 INFO  : ----------------XSDB Script (After Launch)----------------
targets -set -nocase -filter {name =~ "ARM*#0" && jtag_cable_name =~ "Digilent Arty Z7 003017B3FA32A"} -index 0
con
----------------End of Script----------------

23:46:24 INFO  : Launch script is exported to file 'D:\SingleDGH\ComputerEngineering\VivadoProject\image_rotation_project\image_rotation_project.sdk\.sdk\launch_scripts\xilinx_c-c++_application_(system_debugger)\system_debugger_using_debug_image_rotation_app.elf_on_local.tcl'
23:47:46 INFO  : Disconnected from the channel tcfchan#3.
10:19:55 INFO  : Registering command handlers for SDK TCF services
10:19:56 INFO  : Launching XSCT server: xsct.bat -interactive D:\SingleDGH\ComputerEngineering\VivadoProject\image_rotation_project\image_rotation_project.sdk\temp_xsdb_launch_script.tcl
10:20:00 INFO  : XSCT server has started successfully.
10:20:04 INFO  : Processing command line option -hwspec D:/SingleDGH/ComputerEngineering/VivadoProject/image_rotation_project/image_rotation_project.sdk/image_rotation_design_wrapper.hdf.
10:20:04 INFO  : Successfully done setting XSCT server connection channel  
10:20:04 INFO  : Checking for hwspec changes in the project image_rotation_design_wrapper_hw_platform_0.
10:20:08 INFO  : SDK has detected change in the last modified timestamps for source hardware specification file Source:1765682269974,  Project:1765643560311
10:20:08 INFO  : The hardware specification for project 'image_rotation_design_wrapper_hw_platform_0' is different from D:/SingleDGH/ComputerEngineering/VivadoProject/image_rotation_project/image_rotation_project.sdk/image_rotation_design_wrapper.hdf.
10:20:08 INFO  : Successfully done setting SDK workspace  
10:20:08 INFO  : Copied contents of D:/SingleDGH/ComputerEngineering/VivadoProject/image_rotation_project/image_rotation_project.sdk/image_rotation_design_wrapper.hdf into \image_rotation_design_wrapper_hw_platform_0\system.hdf.
10:20:10 INFO  : Synchronizing projects in the workspace with the hardware platform specification changes.
10:20:13 INFO  : 
10:20:14 INFO  : Updating hardware inferred compiler options for image_rotation_app.
10:20:14 INFO  : Clearing existing target manager status.
10:20:32 INFO  : Connected to target on host '127.0.0.1' and port '3121'.
10:20:35 INFO  : 'targets -set -filter {jtag_cable_name =~ "Digilent Arty Z7 003017B3FA32A" && level==0} -index 1' command is executed.
10:20:37 INFO  : FPGA configured successfully with bitstream "D:/SingleDGH/ComputerEngineering/VivadoProject/image_rotation_project/image_rotation_project.sdk/image_rotation_design_wrapper_hw_platform_0/image_rotation_design_wrapper.bit"
10:24:50 INFO  : 'targets -set -filter {jtag_cable_name =~ "Digilent Arty Z7 003017B3FA32A" && level==0} -index 1' command is executed.
10:24:50 INFO  : 'fpga -state' command is executed.
10:24:50 INFO  : Connected to target on host '127.0.0.1' and port '3121'.
10:24:50 INFO  : Jtag cable 'Digilent Arty Z7 003017B3FA32A' is selected.
10:24:50 INFO  : 'jtag frequency' command is executed.
10:24:50 INFO  : Sourcing of 'D:/SingleDGH/ComputerEngineering/VivadoProject/image_rotation_project/image_rotation_project.sdk/image_rotation_design_wrapper_hw_platform_0/ps7_init.tcl' is done.
10:24:50 INFO  : Context for 'APU' is selected.
10:24:50 INFO  : Hardware design information is loaded from 'D:/SingleDGH/ComputerEngineering/VivadoProject/image_rotation_project/image_rotation_project.sdk/image_rotation_design_wrapper_hw_platform_0/system.hdf'.
10:24:50 INFO  : 'configparams force-mem-access 1' command is executed.
10:24:50 INFO  : Context for 'APU' is selected.
10:24:51 INFO  : 'stop' command is executed.
10:24:51 INFO  : 'ps7_init' command is executed.
10:24:51 INFO  : 'ps7_post_config' command is executed.
10:24:51 INFO  : Context for processor 'ps7_cortexa9_0' is selected.
10:24:51 INFO  : Processor reset is completed for 'ps7_cortexa9_0'.
10:24:51 INFO  : Context for processor 'ps7_cortexa9_0' is selected.
10:24:51 INFO  : The application 'D:/SingleDGH/ComputerEngineering/VivadoProject/image_rotation_project/image_rotation_project.sdk/image_rotation_app/Debug/image_rotation_app.elf' is downloaded to processor 'ps7_cortexa9_0'.
10:24:51 INFO  : 'configparams force-mem-access 0' command is executed.
10:24:51 INFO  : ----------------XSDB Script----------------
connect -url tcp:127.0.0.1:3121
source D:/SingleDGH/ComputerEngineering/VivadoProject/image_rotation_project/image_rotation_project.sdk/image_rotation_design_wrapper_hw_platform_0/ps7_init.tcl
targets -set -nocase -filter {name =~"APU*" && jtag_cable_name =~ "Digilent Arty Z7 003017B3FA32A"} -index 0
loadhw -hw D:/SingleDGH/ComputerEngineering/VivadoProject/image_rotation_project/image_rotation_project.sdk/image_rotation_design_wrapper_hw_platform_0/system.hdf -mem-ranges [list {0x40000000 0xbfffffff}]
configparams force-mem-access 1
targets -set -nocase -filter {name =~"APU*" && jtag_cable_name =~ "Digilent Arty Z7 003017B3FA32A"} -index 0
stop
ps7_init
ps7_post_config
targets -set -nocase -filter {name =~ "ARM*#0" && jtag_cable_name =~ "Digilent Arty Z7 003017B3FA32A"} -index 0
rst -processor
targets -set -nocase -filter {name =~ "ARM*#0" && jtag_cable_name =~ "Digilent Arty Z7 003017B3FA32A"} -index 0
dow D:/SingleDGH/ComputerEngineering/VivadoProject/image_rotation_project/image_rotation_project.sdk/image_rotation_app/Debug/image_rotation_app.elf
configparams force-mem-access 0
----------------End of Script----------------

10:24:51 INFO  : Memory regions updated for context APU
10:24:51 INFO  : Context for processor 'ps7_cortexa9_0' is selected.
10:24:51 INFO  : 'con' command is executed.
10:24:51 INFO  : ----------------XSDB Script (After Launch)----------------
targets -set -nocase -filter {name =~ "ARM*#0" && jtag_cable_name =~ "Digilent Arty Z7 003017B3FA32A"} -index 0
con
----------------End of Script----------------

10:24:51 INFO  : Launch script is exported to file 'D:\SingleDGH\ComputerEngineering\VivadoProject\image_rotation_project\image_rotation_project.sdk\.sdk\launch_scripts\xilinx_c-c++_application_(system_debugger)\system_debugger_using_debug_image_rotation_app.elf_on_local.tcl'
10:26:28 INFO  : Disconnected from the channel tcfchan#1.
10:26:29 INFO  : 'targets -set -filter {jtag_cable_name =~ "Digilent Arty Z7 003017B3FA32A" && level==0} -index 1' command is executed.
10:26:29 INFO  : 'fpga -state' command is executed.
10:26:29 INFO  : Connected to target on host '127.0.0.1' and port '3121'.
10:26:29 INFO  : Jtag cable 'Digilent Arty Z7 003017B3FA32A' is selected.
10:26:29 INFO  : 'jtag frequency' command is executed.
10:26:29 INFO  : Sourcing of 'D:/SingleDGH/ComputerEngineering/VivadoProject/image_rotation_project/image_rotation_project.sdk/image_rotation_design_wrapper_hw_platform_0/ps7_init.tcl' is done.
10:26:29 INFO  : Context for 'APU' is selected.
10:26:30 INFO  : Hardware design information is loaded from 'D:/SingleDGH/ComputerEngineering/VivadoProject/image_rotation_project/image_rotation_project.sdk/image_rotation_design_wrapper_hw_platform_0/system.hdf'.
10:26:30 INFO  : 'configparams force-mem-access 1' command is executed.
10:26:30 INFO  : Context for 'APU' is selected.
10:26:30 INFO  : 'stop' command is executed.
10:26:31 INFO  : 'ps7_init' command is executed.
10:26:31 INFO  : 'ps7_post_config' command is executed.
10:26:31 INFO  : Context for processor 'ps7_cortexa9_0' is selected.
10:26:31 INFO  : Processor reset is completed for 'ps7_cortexa9_0'.
10:26:31 INFO  : Context for processor 'ps7_cortexa9_0' is selected.
10:26:31 INFO  : The application 'D:/SingleDGH/ComputerEngineering/VivadoProject/image_rotation_project/image_rotation_project.sdk/image_rotation_app/Debug/image_rotation_app.elf' is downloaded to processor 'ps7_cortexa9_0'.
10:26:31 INFO  : 'configparams force-mem-access 0' command is executed.
10:26:31 INFO  : ----------------XSDB Script----------------
connect -url tcp:127.0.0.1:3121
source D:/SingleDGH/ComputerEngineering/VivadoProject/image_rotation_project/image_rotation_project.sdk/image_rotation_design_wrapper_hw_platform_0/ps7_init.tcl
targets -set -nocase -filter {name =~"APU*" && jtag_cable_name =~ "Digilent Arty Z7 003017B3FA32A"} -index 0
loadhw -hw D:/SingleDGH/ComputerEngineering/VivadoProject/image_rotation_project/image_rotation_project.sdk/image_rotation_design_wrapper_hw_platform_0/system.hdf -mem-ranges [list {0x40000000 0xbfffffff}]
configparams force-mem-access 1
targets -set -nocase -filter {name =~"APU*" && jtag_cable_name =~ "Digilent Arty Z7 003017B3FA32A"} -index 0
stop
ps7_init
ps7_post_config
targets -set -nocase -filter {name =~ "ARM*#0" && jtag_cable_name =~ "Digilent Arty Z7 003017B3FA32A"} -index 0
rst -processor
targets -set -nocase -filter {name =~ "ARM*#0" && jtag_cable_name =~ "Digilent Arty Z7 003017B3FA32A"} -index 0
dow D:/SingleDGH/ComputerEngineering/VivadoProject/image_rotation_project/image_rotation_project.sdk/image_rotation_app/Debug/image_rotation_app.elf
configparams force-mem-access 0
----------------End of Script----------------

10:26:31 INFO  : Memory regions updated for context APU
10:26:31 INFO  : Context for processor 'ps7_cortexa9_0' is selected.
10:26:31 INFO  : 'con' command is executed.
10:26:31 INFO  : ----------------XSDB Script (After Launch)----------------
targets -set -nocase -filter {name =~ "ARM*#0" && jtag_cable_name =~ "Digilent Arty Z7 003017B3FA32A"} -index 0
con
----------------End of Script----------------

10:26:31 INFO  : Launch script is exported to file 'D:\SingleDGH\ComputerEngineering\VivadoProject\image_rotation_project\image_rotation_project.sdk\.sdk\launch_scripts\xilinx_c-c++_application_(system_debugger)\system_debugger_using_debug_image_rotation_app.elf_on_local.tcl'
11:12:02 INFO  : SDK has detected change in the last modified timestamps for source hardware specification file Source:1765685470493,  Project:1765682269974
11:12:02 INFO  : Project image_rotation_design_wrapper_hw_platform_0's source hardware specification located at D:/SingleDGH/ComputerEngineering/VivadoProject/image_rotation_project/image_rotation_project.sdk/image_rotation_design_wrapper.hdf is now different from the local copy.
		 The local copy will be replaced with the source specification and your workspace will be updated.
11:12:07 INFO  : Project image_rotation_design_wrapper_hw_platform_0's source hardware specification location will not be monitored anymore.
11:12:10 INFO  : Disconnected from the channel tcfchan#2.
11:12:19 INFO  : Registering command handlers for SDK TCF services
11:12:19 INFO  : Launching XSCT server: xsct.bat -interactive D:\SingleDGH\ComputerEngineering\VivadoProject\image_rotation_project\image_rotation_project.sdk\temp_xsdb_launch_script.tcl
11:12:20 INFO  : XSCT server has started successfully.
11:12:20 INFO  : Successfully done setting XSCT server connection channel  
11:12:20 INFO  : Successfully done setting SDK workspace  
11:12:20 INFO  : Processing command line option -hwspec D:/SingleDGH/ComputerEngineering/VivadoProject/image_rotation_project/image_rotation_project.sdk/image_rotation_design_wrapper.hdf.
11:16:43 INFO  : Connected to target on host '127.0.0.1' and port '3121'.
11:16:43 INFO  : 'targets -set -filter {jtag_cable_name =~ "Digilent Arty Z7 003017B3FA32A" && level==0} -index 1' command is executed.
11:16:45 INFO  : FPGA configured successfully with bitstream "D:/SingleDGH/ComputerEngineering/VivadoProject/image_rotation_project/image_rotation_project.sdk/image_rotation_design_wrapper_hw_platform_0/image_rotation_design_wrapper.bit"
11:16:55 INFO  : 'targets -set -filter {jtag_cable_name =~ "Digilent Arty Z7 003017B3FA32A" && level==0} -index 1' command is executed.
11:16:55 INFO  : 'fpga -state' command is executed.
11:16:55 INFO  : Connected to target on host '127.0.0.1' and port '3121'.
11:16:55 INFO  : Jtag cable 'Digilent Arty Z7 003017B3FA32A' is selected.
11:16:55 INFO  : 'jtag frequency' command is executed.
11:16:55 INFO  : Sourcing of 'D:/SingleDGH/ComputerEngineering/VivadoProject/image_rotation_project/image_rotation_project.sdk/image_rotation_design_wrapper_hw_platform_0/ps7_init.tcl' is done.
11:16:55 INFO  : Context for 'APU' is selected.
11:16:55 INFO  : Hardware design information is loaded from 'D:/SingleDGH/ComputerEngineering/VivadoProject/image_rotation_project/image_rotation_project.sdk/image_rotation_design_wrapper_hw_platform_0/system.hdf'.
11:16:55 INFO  : 'configparams force-mem-access 1' command is executed.
11:16:55 INFO  : Context for 'APU' is selected.
11:16:55 INFO  : 'stop' command is executed.
11:16:55 INFO  : 'ps7_init' command is executed.
11:16:55 INFO  : 'ps7_post_config' command is executed.
11:16:55 INFO  : Context for processor 'ps7_cortexa9_0' is selected.
11:16:56 INFO  : Processor reset is completed for 'ps7_cortexa9_0'.
11:16:56 INFO  : Context for processor 'ps7_cortexa9_0' is selected.
11:16:56 INFO  : The application 'D:/SingleDGH/ComputerEngineering/VivadoProject/image_rotation_project/image_rotation_project.sdk/image_rotation_app/Debug/image_rotation_app.elf' is downloaded to processor 'ps7_cortexa9_0'.
11:16:56 INFO  : 'configparams force-mem-access 0' command is executed.
11:16:56 INFO  : ----------------XSDB Script----------------
connect -url tcp:127.0.0.1:3121
source D:/SingleDGH/ComputerEngineering/VivadoProject/image_rotation_project/image_rotation_project.sdk/image_rotation_design_wrapper_hw_platform_0/ps7_init.tcl
targets -set -nocase -filter {name =~"APU*" && jtag_cable_name =~ "Digilent Arty Z7 003017B3FA32A"} -index 0
loadhw -hw D:/SingleDGH/ComputerEngineering/VivadoProject/image_rotation_project/image_rotation_project.sdk/image_rotation_design_wrapper_hw_platform_0/system.hdf -mem-ranges [list {0x40000000 0xbfffffff}]
configparams force-mem-access 1
targets -set -nocase -filter {name =~"APU*" && jtag_cable_name =~ "Digilent Arty Z7 003017B3FA32A"} -index 0
stop
ps7_init
ps7_post_config
targets -set -nocase -filter {name =~ "ARM*#0" && jtag_cable_name =~ "Digilent Arty Z7 003017B3FA32A"} -index 0
rst -processor
targets -set -nocase -filter {name =~ "ARM*#0" && jtag_cable_name =~ "Digilent Arty Z7 003017B3FA32A"} -index 0
dow D:/SingleDGH/ComputerEngineering/VivadoProject/image_rotation_project/image_rotation_project.sdk/image_rotation_app/Debug/image_rotation_app.elf
configparams force-mem-access 0
----------------End of Script----------------

11:16:56 INFO  : Memory regions updated for context APU
11:16:56 INFO  : Context for processor 'ps7_cortexa9_0' is selected.
11:16:56 INFO  : 'con' command is executed.
11:16:56 INFO  : ----------------XSDB Script (After Launch)----------------
targets -set -nocase -filter {name =~ "ARM*#0" && jtag_cable_name =~ "Digilent Arty Z7 003017B3FA32A"} -index 0
con
----------------End of Script----------------

11:16:56 INFO  : Launch script is exported to file 'D:\SingleDGH\ComputerEngineering\VivadoProject\image_rotation_project\image_rotation_project.sdk\.sdk\launch_scripts\xilinx_c-c++_application_(system_debugger)\system_debugger_using_debug_image_rotation_app.elf_on_local.tcl'
11:23:15 INFO  : Disconnected from the channel tcfchan#1.
11:23:16 INFO  : 'targets -set -filter {jtag_cable_name =~ "Digilent Arty Z7 003017B3FA32A" && level==0} -index 1' command is executed.
11:23:16 INFO  : 'fpga -state' command is executed.
11:23:16 INFO  : Connected to target on host '127.0.0.1' and port '3121'.
11:23:16 INFO  : Jtag cable 'Digilent Arty Z7 003017B3FA32A' is selected.
11:23:16 INFO  : 'jtag frequency' command is executed.
11:23:16 INFO  : Sourcing of 'D:/SingleDGH/ComputerEngineering/VivadoProject/image_rotation_project/image_rotation_project.sdk/image_rotation_design_wrapper_hw_platform_0/ps7_init.tcl' is done.
11:23:16 INFO  : Context for 'APU' is selected.
11:23:17 INFO  : Hardware design information is loaded from 'D:/SingleDGH/ComputerEngineering/VivadoProject/image_rotation_project/image_rotation_project.sdk/image_rotation_design_wrapper_hw_platform_0/system.hdf'.
11:23:17 INFO  : 'configparams force-mem-access 1' command is executed.
11:23:17 INFO  : Context for 'APU' is selected.
11:23:17 INFO  : 'stop' command is executed.
11:23:17 INFO  : 'ps7_init' command is executed.
11:23:17 INFO  : 'ps7_post_config' command is executed.
11:23:17 INFO  : Context for processor 'ps7_cortexa9_0' is selected.
11:23:18 INFO  : Processor reset is completed for 'ps7_cortexa9_0'.
11:23:18 INFO  : Context for processor 'ps7_cortexa9_0' is selected.
11:23:18 INFO  : The application 'D:/SingleDGH/ComputerEngineering/VivadoProject/image_rotation_project/image_rotation_project.sdk/image_rotation_app/Debug/image_rotation_app.elf' is downloaded to processor 'ps7_cortexa9_0'.
11:23:18 INFO  : 'configparams force-mem-access 0' command is executed.
11:23:18 INFO  : ----------------XSDB Script----------------
connect -url tcp:127.0.0.1:3121
source D:/SingleDGH/ComputerEngineering/VivadoProject/image_rotation_project/image_rotation_project.sdk/image_rotation_design_wrapper_hw_platform_0/ps7_init.tcl
targets -set -nocase -filter {name =~"APU*" && jtag_cable_name =~ "Digilent Arty Z7 003017B3FA32A"} -index 0
loadhw -hw D:/SingleDGH/ComputerEngineering/VivadoProject/image_rotation_project/image_rotation_project.sdk/image_rotation_design_wrapper_hw_platform_0/system.hdf -mem-ranges [list {0x40000000 0xbfffffff}]
configparams force-mem-access 1
targets -set -nocase -filter {name =~"APU*" && jtag_cable_name =~ "Digilent Arty Z7 003017B3FA32A"} -index 0
stop
ps7_init
ps7_post_config
targets -set -nocase -filter {name =~ "ARM*#0" && jtag_cable_name =~ "Digilent Arty Z7 003017B3FA32A"} -index 0
rst -processor
targets -set -nocase -filter {name =~ "ARM*#0" && jtag_cable_name =~ "Digilent Arty Z7 003017B3FA32A"} -index 0
dow D:/SingleDGH/ComputerEngineering/VivadoProject/image_rotation_project/image_rotation_project.sdk/image_rotation_app/Debug/image_rotation_app.elf
configparams force-mem-access 0
----------------End of Script----------------

11:23:18 INFO  : Memory regions updated for context APU
11:23:18 INFO  : Context for processor 'ps7_cortexa9_0' is selected.
11:23:18 INFO  : 'con' command is executed.
11:23:18 INFO  : ----------------XSDB Script (After Launch)----------------
targets -set -nocase -filter {name =~ "ARM*#0" && jtag_cable_name =~ "Digilent Arty Z7 003017B3FA32A"} -index 0
con
----------------End of Script----------------

11:23:18 INFO  : Launch script is exported to file 'D:\SingleDGH\ComputerEngineering\VivadoProject\image_rotation_project\image_rotation_project.sdk\.sdk\launch_scripts\xilinx_c-c++_application_(system_debugger)\system_debugger_using_debug_image_rotation_app.elf_on_local.tcl'
11:30:40 INFO  : Disconnected from the channel tcfchan#2.
11:30:41 INFO  : 'targets -set -filter {jtag_cable_name =~ "Digilent Arty Z7 003017B3FA32A" && level==0} -index 1' command is executed.
11:30:41 INFO  : 'fpga -state' command is executed.
11:30:41 INFO  : Connected to target on host '127.0.0.1' and port '3121'.
11:30:41 INFO  : Jtag cable 'Digilent Arty Z7 003017B3FA32A' is selected.
11:30:41 INFO  : 'jtag frequency' command is executed.
11:30:41 INFO  : Sourcing of 'D:/SingleDGH/ComputerEngineering/VivadoProject/image_rotation_project/image_rotation_project.sdk/image_rotation_design_wrapper_hw_platform_0/ps7_init.tcl' is done.
11:30:41 INFO  : Context for 'APU' is selected.
11:30:41 INFO  : Hardware design information is loaded from 'D:/SingleDGH/ComputerEngineering/VivadoProject/image_rotation_project/image_rotation_project.sdk/image_rotation_design_wrapper_hw_platform_0/system.hdf'.
11:30:41 INFO  : 'configparams force-mem-access 1' command is executed.
11:30:41 INFO  : Context for 'APU' is selected.
11:30:41 INFO  : 'stop' command is executed.
11:30:41 INFO  : 'ps7_init' command is executed.
11:30:41 INFO  : 'ps7_post_config' command is executed.
11:30:41 INFO  : Context for processor 'ps7_cortexa9_0' is selected.
11:30:41 INFO  : Processor reset is completed for 'ps7_cortexa9_0'.
11:30:41 INFO  : Context for processor 'ps7_cortexa9_0' is selected.
11:30:42 INFO  : The application 'D:/SingleDGH/ComputerEngineering/VivadoProject/image_rotation_project/image_rotation_project.sdk/image_rotation_app/Debug/image_rotation_app.elf' is downloaded to processor 'ps7_cortexa9_0'.
11:30:42 INFO  : 'configparams force-mem-access 0' command is executed.
11:30:42 INFO  : ----------------XSDB Script----------------
connect -url tcp:127.0.0.1:3121
source D:/SingleDGH/ComputerEngineering/VivadoProject/image_rotation_project/image_rotation_project.sdk/image_rotation_design_wrapper_hw_platform_0/ps7_init.tcl
targets -set -nocase -filter {name =~"APU*" && jtag_cable_name =~ "Digilent Arty Z7 003017B3FA32A"} -index 0
loadhw -hw D:/SingleDGH/ComputerEngineering/VivadoProject/image_rotation_project/image_rotation_project.sdk/image_rotation_design_wrapper_hw_platform_0/system.hdf -mem-ranges [list {0x40000000 0xbfffffff}]
configparams force-mem-access 1
targets -set -nocase -filter {name =~"APU*" && jtag_cable_name =~ "Digilent Arty Z7 003017B3FA32A"} -index 0
stop
ps7_init
ps7_post_config
targets -set -nocase -filter {name =~ "ARM*#0" && jtag_cable_name =~ "Digilent Arty Z7 003017B3FA32A"} -index 0
rst -processor
targets -set -nocase -filter {name =~ "ARM*#0" && jtag_cable_name =~ "Digilent Arty Z7 003017B3FA32A"} -index 0
dow D:/SingleDGH/ComputerEngineering/VivadoProject/image_rotation_project/image_rotation_project.sdk/image_rotation_app/Debug/image_rotation_app.elf
configparams force-mem-access 0
----------------End of Script----------------

11:30:42 INFO  : Memory regions updated for context APU
11:30:42 INFO  : Context for processor 'ps7_cortexa9_0' is selected.
11:30:42 INFO  : 'con' command is executed.
11:30:42 INFO  : ----------------XSDB Script (After Launch)----------------
targets -set -nocase -filter {name =~ "ARM*#0" && jtag_cable_name =~ "Digilent Arty Z7 003017B3FA32A"} -index 0
con
----------------End of Script----------------

11:30:42 INFO  : Launch script is exported to file 'D:\SingleDGH\ComputerEngineering\VivadoProject\image_rotation_project\image_rotation_project.sdk\.sdk\launch_scripts\xilinx_c-c++_application_(system_debugger)\system_debugger_using_debug_image_rotation_app.elf_on_local.tcl'
11:34:44 INFO  : Disconnected from the channel tcfchan#3.
11:34:45 INFO  : 'targets -set -filter {jtag_cable_name =~ "Digilent Arty Z7 003017B3FA32A" && level==0} -index 1' command is executed.
11:34:45 INFO  : 'fpga -state' command is executed.
11:34:45 INFO  : Connected to target on host '127.0.0.1' and port '3121'.
11:34:46 INFO  : Jtag cable 'Digilent Arty Z7 003017B3FA32A' is selected.
11:34:46 INFO  : 'jtag frequency' command is executed.
11:34:46 INFO  : Sourcing of 'D:/SingleDGH/ComputerEngineering/VivadoProject/image_rotation_project/image_rotation_project.sdk/image_rotation_design_wrapper_hw_platform_0/ps7_init.tcl' is done.
11:34:46 INFO  : Context for 'APU' is selected.
11:34:46 INFO  : Hardware design information is loaded from 'D:/SingleDGH/ComputerEngineering/VivadoProject/image_rotation_project/image_rotation_project.sdk/image_rotation_design_wrapper_hw_platform_0/system.hdf'.
11:34:46 INFO  : 'configparams force-mem-access 1' command is executed.
11:34:46 INFO  : Context for 'APU' is selected.
11:34:46 INFO  : 'stop' command is executed.
11:34:46 INFO  : 'ps7_init' command is executed.
11:34:46 INFO  : 'ps7_post_config' command is executed.
11:34:46 INFO  : Context for processor 'ps7_cortexa9_0' is selected.
11:34:46 INFO  : Processor reset is completed for 'ps7_cortexa9_0'.
11:34:46 INFO  : Context for processor 'ps7_cortexa9_0' is selected.
11:34:46 INFO  : The application 'D:/SingleDGH/ComputerEngineering/VivadoProject/image_rotation_project/image_rotation_project.sdk/image_rotation_app/Debug/image_rotation_app.elf' is downloaded to processor 'ps7_cortexa9_0'.
11:34:46 INFO  : 'configparams force-mem-access 0' command is executed.
11:34:46 INFO  : ----------------XSDB Script----------------
connect -url tcp:127.0.0.1:3121
source D:/SingleDGH/ComputerEngineering/VivadoProject/image_rotation_project/image_rotation_project.sdk/image_rotation_design_wrapper_hw_platform_0/ps7_init.tcl
targets -set -nocase -filter {name =~"APU*" && jtag_cable_name =~ "Digilent Arty Z7 003017B3FA32A"} -index 0
loadhw -hw D:/SingleDGH/ComputerEngineering/VivadoProject/image_rotation_project/image_rotation_project.sdk/image_rotation_design_wrapper_hw_platform_0/system.hdf -mem-ranges [list {0x40000000 0xbfffffff}]
configparams force-mem-access 1
targets -set -nocase -filter {name =~"APU*" && jtag_cable_name =~ "Digilent Arty Z7 003017B3FA32A"} -index 0
stop
ps7_init
ps7_post_config
targets -set -nocase -filter {name =~ "ARM*#0" && jtag_cable_name =~ "Digilent Arty Z7 003017B3FA32A"} -index 0
rst -processor
targets -set -nocase -filter {name =~ "ARM*#0" && jtag_cable_name =~ "Digilent Arty Z7 003017B3FA32A"} -index 0
dow D:/SingleDGH/ComputerEngineering/VivadoProject/image_rotation_project/image_rotation_project.sdk/image_rotation_app/Debug/image_rotation_app.elf
configparams force-mem-access 0
----------------End of Script----------------

11:34:46 INFO  : Memory regions updated for context APU
11:34:46 INFO  : Context for processor 'ps7_cortexa9_0' is selected.
11:34:46 INFO  : 'con' command is executed.
11:34:46 INFO  : ----------------XSDB Script (After Launch)----------------
targets -set -nocase -filter {name =~ "ARM*#0" && jtag_cable_name =~ "Digilent Arty Z7 003017B3FA32A"} -index 0
con
----------------End of Script----------------

11:34:46 INFO  : Launch script is exported to file 'D:\SingleDGH\ComputerEngineering\VivadoProject\image_rotation_project\image_rotation_project.sdk\.sdk\launch_scripts\xilinx_c-c++_application_(system_debugger)\system_debugger_using_debug_image_rotation_app.elf_on_local.tcl'
11:38:54 INFO  : Disconnected from the channel tcfchan#4.
11:39:27 INFO  : Registering command handlers for SDK TCF services
11:39:27 INFO  : Launching XSCT server: xsct.bat -interactive D:\SingleDGH\ComputerEngineering\VivadoProject\image_rotation_project\image_rotation_project.sdk\temp_xsdb_launch_script.tcl
11:39:28 INFO  : XSCT server has started successfully.
11:39:28 INFO  : Successfully done setting XSCT server connection channel  
11:39:28 INFO  : Successfully done setting SDK workspace  
11:39:28 INFO  : Processing command line option -hwspec D:/SingleDGH/ComputerEngineering/VivadoProject/image_rotation_project/image_rotation_project.sdk/image_rotation_design_wrapper.hdf.
11:39:28 INFO  : Checking for hwspec changes in the project image_rotation_design_wrapper_hw_platform_1.
11:40:40 INFO  : 'targets -set -filter {jtag_cable_name =~ "Digilent Arty Z7 003017B3FA32A" && level==0} -index 1' command is executed.
11:40:40 INFO  : 'fpga -state' command is executed.
11:40:40 INFO  : Connected to target on host '127.0.0.1' and port '3121'.
11:40:40 INFO  : Jtag cable 'Digilent Arty Z7 003017B3FA32A' is selected.
11:40:40 INFO  : 'jtag frequency' command is executed.
11:40:40 INFO  : Sourcing of 'D:/SingleDGH/ComputerEngineering/VivadoProject/image_rotation_project/image_rotation_project.sdk/image_rotation_design_wrapper_hw_platform_0/ps7_init.tcl' is done.
11:40:40 INFO  : Context for 'APU' is selected.
11:40:40 INFO  : Hardware design information is loaded from 'D:/SingleDGH/ComputerEngineering/VivadoProject/image_rotation_project/image_rotation_project.sdk/image_rotation_design_wrapper_hw_platform_0/system.hdf'.
11:40:40 INFO  : 'configparams force-mem-access 1' command is executed.
11:40:40 INFO  : Context for 'APU' is selected.
11:40:40 INFO  : 'stop' command is executed.
11:40:40 INFO  : 'ps7_init' command is executed.
11:40:40 INFO  : 'ps7_post_config' command is executed.
11:40:40 INFO  : Context for processor 'ps7_cortexa9_0' is selected.
11:40:40 INFO  : Processor reset is completed for 'ps7_cortexa9_0'.
11:40:40 INFO  : Context for processor 'ps7_cortexa9_0' is selected.
11:40:41 INFO  : The application 'D:/SingleDGH/ComputerEngineering/VivadoProject/image_rotation_project/image_rotation_project.sdk/image_rotation_app/Debug/image_rotation_app.elf' is downloaded to processor 'ps7_cortexa9_0'.
11:40:41 INFO  : 'configparams force-mem-access 0' command is executed.
11:40:41 INFO  : ----------------XSDB Script----------------
connect -url tcp:127.0.0.1:3121
source D:/SingleDGH/ComputerEngineering/VivadoProject/image_rotation_project/image_rotation_project.sdk/image_rotation_design_wrapper_hw_platform_0/ps7_init.tcl
targets -set -nocase -filter {name =~"APU*" && jtag_cable_name =~ "Digilent Arty Z7 003017B3FA32A"} -index 0
loadhw -hw D:/SingleDGH/ComputerEngineering/VivadoProject/image_rotation_project/image_rotation_project.sdk/image_rotation_design_wrapper_hw_platform_0/system.hdf -mem-ranges [list {0x40000000 0xbfffffff}]
configparams force-mem-access 1
targets -set -nocase -filter {name =~"APU*" && jtag_cable_name =~ "Digilent Arty Z7 003017B3FA32A"} -index 0
stop
ps7_init
ps7_post_config
targets -set -nocase -filter {name =~ "ARM*#0" && jtag_cable_name =~ "Digilent Arty Z7 003017B3FA32A"} -index 0
rst -processor
targets -set -nocase -filter {name =~ "ARM*#0" && jtag_cable_name =~ "Digilent Arty Z7 003017B3FA32A"} -index 0
dow D:/SingleDGH/ComputerEngineering/VivadoProject/image_rotation_project/image_rotation_project.sdk/image_rotation_app/Debug/image_rotation_app.elf
configparams force-mem-access 0
----------------End of Script----------------

11:40:41 INFO  : Memory regions updated for context APU
11:40:41 INFO  : Context for processor 'ps7_cortexa9_0' is selected.
11:40:41 INFO  : 'con' command is executed.
11:40:41 INFO  : ----------------XSDB Script (After Launch)----------------
targets -set -nocase -filter {name =~ "ARM*#0" && jtag_cable_name =~ "Digilent Arty Z7 003017B3FA32A"} -index 0
con
----------------End of Script----------------

11:40:41 INFO  : Launch script is exported to file 'D:\SingleDGH\ComputerEngineering\VivadoProject\image_rotation_project\image_rotation_project.sdk\.sdk\launch_scripts\xilinx_c-c++_application_(system_debugger)\system_debugger_using_debug_image_rotation_app.elf_on_local.tcl'
11:40:54 INFO  : Disconnected from the channel tcfchan#1.
11:40:55 INFO  : 'targets -set -filter {jtag_cable_name =~ "Digilent Arty Z7 003017B3FA32A" && level==0} -index 1' command is executed.
11:40:56 INFO  : 'fpga -state' command is executed.
11:40:56 INFO  : Connected to target on host '127.0.0.1' and port '3121'.
11:40:56 INFO  : Jtag cable 'Digilent Arty Z7 003017B3FA32A' is selected.
11:40:56 INFO  : 'jtag frequency' command is executed.
11:40:56 INFO  : Sourcing of 'D:/SingleDGH/ComputerEngineering/VivadoProject/image_rotation_project/image_rotation_project.sdk/image_rotation_design_wrapper_hw_platform_0/ps7_init.tcl' is done.
11:40:56 INFO  : Context for 'APU' is selected.
11:40:57 INFO  : Hardware design information is loaded from 'D:/SingleDGH/ComputerEngineering/VivadoProject/image_rotation_project/image_rotation_project.sdk/image_rotation_design_wrapper_hw_platform_0/system.hdf'.
11:40:57 INFO  : 'configparams force-mem-access 1' command is executed.
11:40:57 INFO  : Context for 'APU' is selected.
11:40:57 INFO  : 'stop' command is executed.
11:40:57 INFO  : 'ps7_init' command is executed.
11:40:57 INFO  : 'ps7_post_config' command is executed.
11:40:57 INFO  : Context for processor 'ps7_cortexa9_0' is selected.
11:40:57 INFO  : Processor reset is completed for 'ps7_cortexa9_0'.
11:40:57 INFO  : Context for processor 'ps7_cortexa9_0' is selected.
11:40:58 INFO  : The application 'D:/SingleDGH/ComputerEngineering/VivadoProject/image_rotation_project/image_rotation_project.sdk/image_rotation_app/Debug/image_rotation_app.elf' is downloaded to processor 'ps7_cortexa9_0'.
11:40:58 INFO  : 'configparams force-mem-access 0' command is executed.
11:40:58 INFO  : ----------------XSDB Script----------------
connect -url tcp:127.0.0.1:3121
source D:/SingleDGH/ComputerEngineering/VivadoProject/image_rotation_project/image_rotation_project.sdk/image_rotation_design_wrapper_hw_platform_0/ps7_init.tcl
targets -set -nocase -filter {name =~"APU*" && jtag_cable_name =~ "Digilent Arty Z7 003017B3FA32A"} -index 0
loadhw -hw D:/SingleDGH/ComputerEngineering/VivadoProject/image_rotation_project/image_rotation_project.sdk/image_rotation_design_wrapper_hw_platform_0/system.hdf -mem-ranges [list {0x40000000 0xbfffffff}]
configparams force-mem-access 1
targets -set -nocase -filter {name =~"APU*" && jtag_cable_name =~ "Digilent Arty Z7 003017B3FA32A"} -index 0
stop
ps7_init
ps7_post_config
targets -set -nocase -filter {name =~ "ARM*#0" && jtag_cable_name =~ "Digilent Arty Z7 003017B3FA32A"} -index 0
rst -processor
targets -set -nocase -filter {name =~ "ARM*#0" && jtag_cable_name =~ "Digilent Arty Z7 003017B3FA32A"} -index 0
dow D:/SingleDGH/ComputerEngineering/VivadoProject/image_rotation_project/image_rotation_project.sdk/image_rotation_app/Debug/image_rotation_app.elf
configparams force-mem-access 0
----------------End of Script----------------

11:40:58 INFO  : Memory regions updated for context APU
11:40:58 INFO  : Context for processor 'ps7_cortexa9_0' is selected.
11:40:58 INFO  : 'con' command is executed.
11:40:58 INFO  : ----------------XSDB Script (After Launch)----------------
targets -set -nocase -filter {name =~ "ARM*#0" && jtag_cable_name =~ "Digilent Arty Z7 003017B3FA32A"} -index 0
con
----------------End of Script----------------

11:40:58 INFO  : Launch script is exported to file 'D:\SingleDGH\ComputerEngineering\VivadoProject\image_rotation_project\image_rotation_project.sdk\.sdk\launch_scripts\xilinx_c-c++_application_(system_debugger)\system_debugger_using_debug_image_rotation_app.elf_on_local.tcl'
11:41:52 INFO  : Connected to target on host '127.0.0.1' and port '3121'.
11:41:52 INFO  : 'targets -set -filter {jtag_cable_name =~ "Digilent Arty Z7 003017B3FA32A" && level==0} -index 1' command is executed.
11:41:54 INFO  : FPGA configured successfully with bitstream "D:/SingleDGH/ComputerEngineering/VivadoProject/image_rotation_project/image_rotation_project.sdk/image_rotation_design_wrapper_hw_platform_0/image_rotation_design_wrapper.bit"
11:42:12 INFO  : Disconnected from the channel tcfchan#2.
11:42:13 INFO  : 'targets -set -filter {jtag_cable_name =~ "Digilent Arty Z7 003017B3FA32A" && level==0} -index 1' command is executed.
11:42:13 INFO  : 'fpga -state' command is executed.
11:42:13 INFO  : Connected to target on host '127.0.0.1' and port '3121'.
11:42:13 INFO  : Jtag cable 'Digilent Arty Z7 003017B3FA32A' is selected.
11:42:13 INFO  : 'jtag frequency' command is executed.
11:42:13 INFO  : Sourcing of 'D:/SingleDGH/ComputerEngineering/VivadoProject/image_rotation_project/image_rotation_project.sdk/image_rotation_design_wrapper_hw_platform_0/ps7_init.tcl' is done.
11:42:13 INFO  : Context for 'APU' is selected.
11:42:13 INFO  : Hardware design information is loaded from 'D:/SingleDGH/ComputerEngineering/VivadoProject/image_rotation_project/image_rotation_project.sdk/image_rotation_design_wrapper_hw_platform_0/system.hdf'.
11:42:13 INFO  : 'configparams force-mem-access 1' command is executed.
11:42:13 INFO  : Context for 'APU' is selected.
11:42:13 INFO  : 'stop' command is executed.
11:42:14 INFO  : 'ps7_init' command is executed.
11:42:14 INFO  : 'ps7_post_config' command is executed.
11:42:14 INFO  : Context for processor 'ps7_cortexa9_0' is selected.
11:42:14 INFO  : Processor reset is completed for 'ps7_cortexa9_0'.
11:42:14 INFO  : Context for processor 'ps7_cortexa9_0' is selected.
11:42:14 INFO  : The application 'D:/SingleDGH/ComputerEngineering/VivadoProject/image_rotation_project/image_rotation_project.sdk/image_rotation_app/Debug/image_rotation_app.elf' is downloaded to processor 'ps7_cortexa9_0'.
11:42:14 INFO  : 'configparams force-mem-access 0' command is executed.
11:42:14 INFO  : ----------------XSDB Script----------------
connect -url tcp:127.0.0.1:3121
source D:/SingleDGH/ComputerEngineering/VivadoProject/image_rotation_project/image_rotation_project.sdk/image_rotation_design_wrapper_hw_platform_0/ps7_init.tcl
targets -set -nocase -filter {name =~"APU*" && jtag_cable_name =~ "Digilent Arty Z7 003017B3FA32A"} -index 0
loadhw -hw D:/SingleDGH/ComputerEngineering/VivadoProject/image_rotation_project/image_rotation_project.sdk/image_rotation_design_wrapper_hw_platform_0/system.hdf -mem-ranges [list {0x40000000 0xbfffffff}]
configparams force-mem-access 1
targets -set -nocase -filter {name =~"APU*" && jtag_cable_name =~ "Digilent Arty Z7 003017B3FA32A"} -index 0
stop
ps7_init
ps7_post_config
targets -set -nocase -filter {name =~ "ARM*#0" && jtag_cable_name =~ "Digilent Arty Z7 003017B3FA32A"} -index 0
rst -processor
targets -set -nocase -filter {name =~ "ARM*#0" && jtag_cable_name =~ "Digilent Arty Z7 003017B3FA32A"} -index 0
dow D:/SingleDGH/ComputerEngineering/VivadoProject/image_rotation_project/image_rotation_project.sdk/image_rotation_app/Debug/image_rotation_app.elf
configparams force-mem-access 0
----------------End of Script----------------

11:42:14 INFO  : Memory regions updated for context APU
11:42:14 INFO  : Context for processor 'ps7_cortexa9_0' is selected.
11:42:14 INFO  : 'con' command is executed.
11:42:14 INFO  : ----------------XSDB Script (After Launch)----------------
targets -set -nocase -filter {name =~ "ARM*#0" && jtag_cable_name =~ "Digilent Arty Z7 003017B3FA32A"} -index 0
con
----------------End of Script----------------

11:42:14 INFO  : Launch script is exported to file 'D:\SingleDGH\ComputerEngineering\VivadoProject\image_rotation_project\image_rotation_project.sdk\.sdk\launch_scripts\xilinx_c-c++_application_(system_debugger)\system_debugger_using_debug_image_rotation_app.elf_on_local.tcl'
11:45:16 INFO  : Disconnected from the channel tcfchan#3.
11:48:47 INFO  : Registering command handlers for SDK TCF services
11:48:47 INFO  : Launching XSCT server: xsct.bat -interactive D:\SingleDGH\ComputerEngineering\VivadoProject\image_rotation_project\image_rotation_project.sdk\temp_xsdb_launch_script.tcl
11:48:48 INFO  : XSCT server has started successfully.
11:48:48 INFO  : Successfully done setting XSCT server connection channel  
11:48:48 INFO  : Successfully done setting SDK workspace  
11:48:48 INFO  : Processing command line option -hwspec D:/SingleDGH/ComputerEngineering/VivadoProject/image_rotation_project/image_rotation_project.sdk/image_rotation_design_wrapper.hdf.
11:48:48 INFO  : Checking for hwspec changes in the project image_rotation_design_wrapper_hw_platform_1.
11:49:25 INFO  : Connected to target on host '127.0.0.1' and port '3121'.
11:49:25 INFO  : 'targets -set -filter {jtag_cable_name =~ "Digilent Arty Z7 003017B3FA32A" && level==0} -index 1' command is executed.
11:49:28 INFO  : FPGA configured successfully with bitstream "D:/SingleDGH/ComputerEngineering/VivadoProject/image_rotation_project/image_rotation_project.sdk/image_rotation_design_wrapper_hw_platform_0/image_rotation_design_wrapper.bit"
11:49:35 INFO  : 'targets -set -filter {jtag_cable_name =~ "Digilent Arty Z7 003017B3FA32A" && level==0} -index 1' command is executed.
11:49:35 INFO  : 'fpga -state' command is executed.
11:49:35 INFO  : Connected to target on host '127.0.0.1' and port '3121'.
11:49:35 INFO  : Jtag cable 'Digilent Arty Z7 003017B3FA32A' is selected.
11:49:35 INFO  : 'jtag frequency' command is executed.
11:49:35 INFO  : Sourcing of 'D:/SingleDGH/ComputerEngineering/VivadoProject/image_rotation_project/image_rotation_project.sdk/image_rotation_design_wrapper_hw_platform_0/ps7_init.tcl' is done.
11:49:35 INFO  : Context for 'APU' is selected.
11:49:35 INFO  : Hardware design information is loaded from 'D:/SingleDGH/ComputerEngineering/VivadoProject/image_rotation_project/image_rotation_project.sdk/image_rotation_design_wrapper_hw_platform_0/system.hdf'.
11:49:35 INFO  : 'configparams force-mem-access 1' command is executed.
11:49:35 INFO  : Context for 'APU' is selected.
11:49:35 INFO  : 'stop' command is executed.
11:49:36 INFO  : 'ps7_init' command is executed.
11:49:36 INFO  : 'ps7_post_config' command is executed.
11:49:36 INFO  : Context for processor 'ps7_cortexa9_0' is selected.
11:49:36 INFO  : Processor reset is completed for 'ps7_cortexa9_0'.
11:49:36 INFO  : Context for processor 'ps7_cortexa9_0' is selected.
11:49:36 INFO  : The application 'D:/SingleDGH/ComputerEngineering/VivadoProject/image_rotation_project/image_rotation_project.sdk/image_rotation_app/Debug/image_rotation_app.elf' is downloaded to processor 'ps7_cortexa9_0'.
11:49:36 INFO  : 'configparams force-mem-access 0' command is executed.
11:49:36 INFO  : ----------------XSDB Script----------------
connect -url tcp:127.0.0.1:3121
source D:/SingleDGH/ComputerEngineering/VivadoProject/image_rotation_project/image_rotation_project.sdk/image_rotation_design_wrapper_hw_platform_0/ps7_init.tcl
targets -set -nocase -filter {name =~"APU*" && jtag_cable_name =~ "Digilent Arty Z7 003017B3FA32A"} -index 0
loadhw -hw D:/SingleDGH/ComputerEngineering/VivadoProject/image_rotation_project/image_rotation_project.sdk/image_rotation_design_wrapper_hw_platform_0/system.hdf -mem-ranges [list {0x40000000 0xbfffffff}]
configparams force-mem-access 1
targets -set -nocase -filter {name =~"APU*" && jtag_cable_name =~ "Digilent Arty Z7 003017B3FA32A"} -index 0
stop
ps7_init
ps7_post_config
targets -set -nocase -filter {name =~ "ARM*#0" && jtag_cable_name =~ "Digilent Arty Z7 003017B3FA32A"} -index 0
rst -processor
targets -set -nocase -filter {name =~ "ARM*#0" && jtag_cable_name =~ "Digilent Arty Z7 003017B3FA32A"} -index 0
dow D:/SingleDGH/ComputerEngineering/VivadoProject/image_rotation_project/image_rotation_project.sdk/image_rotation_app/Debug/image_rotation_app.elf
configparams force-mem-access 0
----------------End of Script----------------

11:49:36 INFO  : Memory regions updated for context APU
11:49:36 INFO  : Context for processor 'ps7_cortexa9_0' is selected.
11:49:36 INFO  : 'con' command is executed.
11:49:36 INFO  : ----------------XSDB Script (After Launch)----------------
targets -set -nocase -filter {name =~ "ARM*#0" && jtag_cable_name =~ "Digilent Arty Z7 003017B3FA32A"} -index 0
con
----------------End of Script----------------

11:49:36 INFO  : Launch script is exported to file 'D:\SingleDGH\ComputerEngineering\VivadoProject\image_rotation_project\image_rotation_project.sdk\.sdk\launch_scripts\xilinx_c-c++_application_(system_debugger)\system_debugger_using_debug_image_rotation_app.elf_on_local.tcl'
11:53:45 INFO  : Disconnected from the channel tcfchan#1.
15:50:40 INFO  : Registering command handlers for SDK TCF services
15:50:41 INFO  : Launching XSCT server: xsct.bat -interactive D:\SingleDGH\ComputerEngineering\VivadoProject\image_rotation_project\image_rotation_project.sdk\temp_xsdb_launch_script.tcl
15:50:43 INFO  : XSCT server has started successfully.
15:50:43 INFO  : Successfully done setting XSCT server connection channel  
15:50:43 INFO  : Successfully done setting SDK workspace  
15:50:43 INFO  : Processing command line option -hwspec D:/SingleDGH/ComputerEngineering/VivadoProject/image_rotation_project/image_rotation_project.sdk/image_rotation_design_wrapper.hdf.
15:50:43 INFO  : Checking for hwspec changes in the project image_rotation_design_wrapper_hw_platform_1.
15:50:46 INFO  : SDK has detected change in the last modified timestamps for source hardware specification file Source:1765702154806,  Project:1765685470493
15:50:46 INFO  : The hardware specification for project 'image_rotation_design_wrapper_hw_platform_1' is different from D:/SingleDGH/ComputerEngineering/VivadoProject/image_rotation_project/image_rotation_project.sdk/image_rotation_design_wrapper.hdf.
15:50:46 INFO  : Copied contents of D:/SingleDGH/ComputerEngineering/VivadoProject/image_rotation_project/image_rotation_project.sdk/image_rotation_design_wrapper.hdf into \image_rotation_design_wrapper_hw_platform_1\system.hdf.
15:50:48 INFO  : Synchronizing projects in the workspace with the hardware platform specification changes.
15:50:48 INFO  : Clearing existing target manager status.
15:50:48 INFO  : Workspace synchronized with the new hardware specification file. Cleaning dependent projects...
15:50:48 WARN  : Linker script will not be updated automatically. Users need to update it manually.
15:51:26 INFO  : Connected to target on host '127.0.0.1' and port '3121'.
15:51:27 INFO  : 'targets -set -filter {jtag_cable_name =~ "Digilent Arty Z7 003017B3FA32A" && level==0} -index 1' command is executed.
15:51:29 INFO  : FPGA configured successfully with bitstream "D:/SingleDGH/ComputerEngineering/VivadoProject/image_rotation_project/image_rotation_project.sdk/image_rotation_design_wrapper_hw_platform_0/image_rotation_design_wrapper.bit"
15:51:46 INFO  : 'targets -set -filter {jtag_cable_name =~ "Digilent Arty Z7 003017B3FA32A" && level==0} -index 1' command is executed.
15:51:46 INFO  : 'fpga -state' command is executed.
15:51:46 INFO  : Connected to target on host '127.0.0.1' and port '3121'.
15:51:46 INFO  : Jtag cable 'Digilent Arty Z7 003017B3FA32A' is selected.
15:51:46 INFO  : 'jtag frequency' command is executed.
15:51:46 INFO  : Sourcing of 'D:/SingleDGH/ComputerEngineering/VivadoProject/image_rotation_project/image_rotation_project.sdk/image_rotation_design_wrapper_hw_platform_0/ps7_init.tcl' is done.
15:51:46 INFO  : Context for 'APU' is selected.
15:51:46 INFO  : Hardware design information is loaded from 'D:/SingleDGH/ComputerEngineering/VivadoProject/image_rotation_project/image_rotation_project.sdk/image_rotation_design_wrapper_hw_platform_0/system.hdf'.
15:51:46 INFO  : 'configparams force-mem-access 1' command is executed.
15:51:46 INFO  : Context for 'APU' is selected.
15:51:47 INFO  : 'stop' command is executed.
15:51:47 INFO  : 'ps7_init' command is executed.
15:51:47 INFO  : 'ps7_post_config' command is executed.
15:51:47 INFO  : Context for processor 'ps7_cortexa9_0' is selected.
15:51:47 INFO  : Processor reset is completed for 'ps7_cortexa9_0'.
15:51:47 INFO  : Context for processor 'ps7_cortexa9_0' is selected.
15:51:47 INFO  : The application 'D:/SingleDGH/ComputerEngineering/VivadoProject/image_rotation_project/image_rotation_project.sdk/image_rotation_app/Debug/image_rotation_app.elf' is downloaded to processor 'ps7_cortexa9_0'.
15:51:47 INFO  : 'configparams force-mem-access 0' command is executed.
15:51:47 INFO  : ----------------XSDB Script----------------
connect -url tcp:127.0.0.1:3121
source D:/SingleDGH/ComputerEngineering/VivadoProject/image_rotation_project/image_rotation_project.sdk/image_rotation_design_wrapper_hw_platform_0/ps7_init.tcl
targets -set -nocase -filter {name =~"APU*" && jtag_cable_name =~ "Digilent Arty Z7 003017B3FA32A"} -index 0
loadhw -hw D:/SingleDGH/ComputerEngineering/VivadoProject/image_rotation_project/image_rotation_project.sdk/image_rotation_design_wrapper_hw_platform_0/system.hdf -mem-ranges [list {0x40000000 0xbfffffff}]
configparams force-mem-access 1
targets -set -nocase -filter {name =~"APU*" && jtag_cable_name =~ "Digilent Arty Z7 003017B3FA32A"} -index 0
stop
ps7_init
ps7_post_config
targets -set -nocase -filter {name =~ "ARM*#0" && jtag_cable_name =~ "Digilent Arty Z7 003017B3FA32A"} -index 0
rst -processor
targets -set -nocase -filter {name =~ "ARM*#0" && jtag_cable_name =~ "Digilent Arty Z7 003017B3FA32A"} -index 0
dow D:/SingleDGH/ComputerEngineering/VivadoProject/image_rotation_project/image_rotation_project.sdk/image_rotation_app/Debug/image_rotation_app.elf
configparams force-mem-access 0
----------------End of Script----------------

15:51:47 INFO  : Memory regions updated for context APU
15:51:47 INFO  : Context for processor 'ps7_cortexa9_0' is selected.
15:51:48 INFO  : 'con' command is executed.
15:51:48 INFO  : ----------------XSDB Script (After Launch)----------------
targets -set -nocase -filter {name =~ "ARM*#0" && jtag_cable_name =~ "Digilent Arty Z7 003017B3FA32A"} -index 0
con
----------------End of Script----------------

15:51:48 INFO  : Launch script is exported to file 'D:\SingleDGH\ComputerEngineering\VivadoProject\image_rotation_project\image_rotation_project.sdk\.sdk\launch_scripts\xilinx_c-c++_application_(system_debugger)\system_debugger_using_debug_image_rotation_app.elf_on_local.tcl'
15:56:09 INFO  : Disconnected from the channel tcfchan#1.
15:56:10 INFO  : 'targets -set -filter {jtag_cable_name =~ "Digilent Arty Z7 003017B3FA32A" && level==0} -index 1' command is executed.
15:56:10 INFO  : 'fpga -state' command is executed.
15:56:10 INFO  : Connected to target on host '127.0.0.1' and port '3121'.
15:56:10 INFO  : Jtag cable 'Digilent Arty Z7 003017B3FA32A' is selected.
15:56:10 INFO  : 'jtag frequency' command is executed.
15:56:10 INFO  : Sourcing of 'D:/SingleDGH/ComputerEngineering/VivadoProject/image_rotation_project/image_rotation_project.sdk/image_rotation_design_wrapper_hw_platform_0/ps7_init.tcl' is done.
15:56:11 INFO  : Context for 'APU' is selected.
15:56:12 INFO  : Hardware design information is loaded from 'D:/SingleDGH/ComputerEngineering/VivadoProject/image_rotation_project/image_rotation_project.sdk/image_rotation_design_wrapper_hw_platform_0/system.hdf'.
15:56:12 INFO  : 'configparams force-mem-access 1' command is executed.
15:56:12 INFO  : Context for 'APU' is selected.
15:56:12 INFO  : 'stop' command is executed.
15:56:13 INFO  : 'ps7_init' command is executed.
15:56:13 INFO  : 'ps7_post_config' command is executed.
15:56:13 INFO  : Context for processor 'ps7_cortexa9_0' is selected.
15:56:13 INFO  : Processor reset is completed for 'ps7_cortexa9_0'.
15:56:13 INFO  : Context for processor 'ps7_cortexa9_0' is selected.
15:56:13 INFO  : The application 'D:/SingleDGH/ComputerEngineering/VivadoProject/image_rotation_project/image_rotation_project.sdk/image_rotation_app/Debug/image_rotation_app.elf' is downloaded to processor 'ps7_cortexa9_0'.
15:56:13 INFO  : 'configparams force-mem-access 0' command is executed.
15:56:13 INFO  : ----------------XSDB Script----------------
connect -url tcp:127.0.0.1:3121
source D:/SingleDGH/ComputerEngineering/VivadoProject/image_rotation_project/image_rotation_project.sdk/image_rotation_design_wrapper_hw_platform_0/ps7_init.tcl
targets -set -nocase -filter {name =~"APU*" && jtag_cable_name =~ "Digilent Arty Z7 003017B3FA32A"} -index 0
loadhw -hw D:/SingleDGH/ComputerEngineering/VivadoProject/image_rotation_project/image_rotation_project.sdk/image_rotation_design_wrapper_hw_platform_0/system.hdf -mem-ranges [list {0x40000000 0xbfffffff}]
configparams force-mem-access 1
targets -set -nocase -filter {name =~"APU*" && jtag_cable_name =~ "Digilent Arty Z7 003017B3FA32A"} -index 0
stop
ps7_init
ps7_post_config
targets -set -nocase -filter {name =~ "ARM*#0" && jtag_cable_name =~ "Digilent Arty Z7 003017B3FA32A"} -index 0
rst -processor
targets -set -nocase -filter {name =~ "ARM*#0" && jtag_cable_name =~ "Digilent Arty Z7 003017B3FA32A"} -index 0
dow D:/SingleDGH/ComputerEngineering/VivadoProject/image_rotation_project/image_rotation_project.sdk/image_rotation_app/Debug/image_rotation_app.elf
configparams force-mem-access 0
----------------End of Script----------------

15:56:13 INFO  : Memory regions updated for context APU
15:56:13 INFO  : Context for processor 'ps7_cortexa9_0' is selected.
15:56:13 INFO  : 'con' command is executed.
15:56:13 INFO  : ----------------XSDB Script (After Launch)----------------
targets -set -nocase -filter {name =~ "ARM*#0" && jtag_cable_name =~ "Digilent Arty Z7 003017B3FA32A"} -index 0
con
----------------End of Script----------------

15:56:13 INFO  : Launch script is exported to file 'D:\SingleDGH\ComputerEngineering\VivadoProject\image_rotation_project\image_rotation_project.sdk\.sdk\launch_scripts\xilinx_c-c++_application_(system_debugger)\system_debugger_using_debug_image_rotation_app.elf_on_local.tcl'
16:09:46 INFO  : Disconnected from the channel tcfchan#2.
16:11:54 INFO  : Registering command handlers for SDK TCF services
16:11:55 INFO  : Launching XSCT server: xsct.bat -interactive D:\SingleDGH\ComputerEngineering\VivadoProject\image_rotation_project\image_rotation_project.sdk\temp_xsdb_launch_script.tcl
16:11:57 INFO  : XSCT server has started successfully.
16:11:57 INFO  : Successfully done setting XSCT server connection channel  
16:11:57 INFO  : Processing command line option -hwspec D:/SingleDGH/ComputerEngineering/VivadoProject/image_rotation_project/image_rotation_project.sdk/image_rotation_design_wrapper.hdf.
16:11:57 INFO  : Successfully done setting SDK workspace  
16:11:57 INFO  : Checking for hwspec changes in the project image_rotation_design_wrapper_hw_platform_1.
16:12:00 INFO  : SDK has detected change in the last modified timestamps for source hardware specification file Source:1765703485643,  Project:1765702154806
16:12:00 INFO  : The hardware specification for project 'image_rotation_design_wrapper_hw_platform_1' is different from D:/SingleDGH/ComputerEngineering/VivadoProject/image_rotation_project/image_rotation_project.sdk/image_rotation_design_wrapper.hdf.
16:12:00 INFO  : Copied contents of D:/SingleDGH/ComputerEngineering/VivadoProject/image_rotation_project/image_rotation_project.sdk/image_rotation_design_wrapper.hdf into \image_rotation_design_wrapper_hw_platform_1\system.hdf.
16:12:02 INFO  : Synchronizing projects in the workspace with the hardware platform specification changes.
16:12:02 INFO  : Clearing existing target manager status.
16:12:02 INFO  : Workspace synchronized with the new hardware specification file. Cleaning dependent projects...
16:12:02 WARN  : Linker script will not be updated automatically. Users need to update it manually.
16:12:16 INFO  : Connected to target on host '127.0.0.1' and port '3121'.
16:12:16 INFO  : 'targets -set -filter {jtag_cable_name =~ "Digilent Arty Z7 003017B3FA32A" && level==0} -index 1' command is executed.
16:12:18 INFO  : FPGA configured successfully with bitstream "D:/SingleDGH/ComputerEngineering/VivadoProject/image_rotation_project/image_rotation_project.sdk/image_rotation_design_wrapper_hw_platform_0/image_rotation_design_wrapper.bit"
16:12:34 INFO  : 'targets -set -filter {jtag_cable_name =~ "Digilent Arty Z7 003017B3FA32A" && level==0} -index 1' command is executed.
16:12:34 INFO  : 'fpga -state' command is executed.
16:12:34 INFO  : Connected to target on host '127.0.0.1' and port '3121'.
16:12:34 INFO  : Jtag cable 'Digilent Arty Z7 003017B3FA32A' is selected.
16:12:34 INFO  : 'jtag frequency' command is executed.
16:12:34 INFO  : Sourcing of 'D:/SingleDGH/ComputerEngineering/VivadoProject/image_rotation_project/image_rotation_project.sdk/image_rotation_design_wrapper_hw_platform_0/ps7_init.tcl' is done.
16:12:34 INFO  : Context for 'APU' is selected.
16:12:34 INFO  : Hardware design information is loaded from 'D:/SingleDGH/ComputerEngineering/VivadoProject/image_rotation_project/image_rotation_project.sdk/image_rotation_design_wrapper_hw_platform_0/system.hdf'.
16:12:34 INFO  : 'configparams force-mem-access 1' command is executed.
16:12:34 INFO  : Context for 'APU' is selected.
16:12:34 INFO  : 'stop' command is executed.
16:12:35 INFO  : 'ps7_init' command is executed.
16:12:35 INFO  : 'ps7_post_config' command is executed.
16:12:35 INFO  : Context for processor 'ps7_cortexa9_0' is selected.
16:12:35 INFO  : Processor reset is completed for 'ps7_cortexa9_0'.
16:12:35 INFO  : Context for processor 'ps7_cortexa9_0' is selected.
16:12:35 INFO  : The application 'D:/SingleDGH/ComputerEngineering/VivadoProject/image_rotation_project/image_rotation_project.sdk/image_rotation_app/Debug/image_rotation_app.elf' is downloaded to processor 'ps7_cortexa9_0'.
16:12:35 INFO  : 'configparams force-mem-access 0' command is executed.
16:12:35 INFO  : ----------------XSDB Script----------------
connect -url tcp:127.0.0.1:3121
source D:/SingleDGH/ComputerEngineering/VivadoProject/image_rotation_project/image_rotation_project.sdk/image_rotation_design_wrapper_hw_platform_0/ps7_init.tcl
targets -set -nocase -filter {name =~"APU*" && jtag_cable_name =~ "Digilent Arty Z7 003017B3FA32A"} -index 0
loadhw -hw D:/SingleDGH/ComputerEngineering/VivadoProject/image_rotation_project/image_rotation_project.sdk/image_rotation_design_wrapper_hw_platform_0/system.hdf -mem-ranges [list {0x40000000 0xbfffffff}]
configparams force-mem-access 1
targets -set -nocase -filter {name =~"APU*" && jtag_cable_name =~ "Digilent Arty Z7 003017B3FA32A"} -index 0
stop
ps7_init
ps7_post_config
targets -set -nocase -filter {name =~ "ARM*#0" && jtag_cable_name =~ "Digilent Arty Z7 003017B3FA32A"} -index 0
rst -processor
targets -set -nocase -filter {name =~ "ARM*#0" && jtag_cable_name =~ "Digilent Arty Z7 003017B3FA32A"} -index 0
dow D:/SingleDGH/ComputerEngineering/VivadoProject/image_rotation_project/image_rotation_project.sdk/image_rotation_app/Debug/image_rotation_app.elf
configparams force-mem-access 0
----------------End of Script----------------

16:12:35 INFO  : Memory regions updated for context APU
16:12:35 INFO  : Context for processor 'ps7_cortexa9_0' is selected.
16:12:35 INFO  : 'con' command is executed.
16:12:35 INFO  : ----------------XSDB Script (After Launch)----------------
targets -set -nocase -filter {name =~ "ARM*#0" && jtag_cable_name =~ "Digilent Arty Z7 003017B3FA32A"} -index 0
con
----------------End of Script----------------

16:12:35 INFO  : Launch script is exported to file 'D:\SingleDGH\ComputerEngineering\VivadoProject\image_rotation_project\image_rotation_project.sdk\.sdk\launch_scripts\xilinx_c-c++_application_(system_debugger)\system_debugger_using_debug_image_rotation_app.elf_on_local.tcl'
16:23:42 INFO  : Disconnected from the channel tcfchan#1.
