#-----------------------------------------------------------
# Vivado v2023.2 (64-bit)
# SW Build 4029153 on Fri Oct 13 20:14:34 MDT 2023
# IP Build 4028589 on Sat Oct 14 00:45:43 MDT 2023
# SharedData Build 4025554 on Tue Oct 10 17:18:54 MDT 2023
# Start of session at: Tue Dec 23 14:25:03 2025
# Process ID: 5288
# Current directory: C:/Users/5490 i7/Downloads/Logic-Design-Project-ImageRot-Mir-HCMUT-251/main_project/img_rot_project
# Command line: vivado.exe -gui_launcher_event rodinguilauncherevent24564 C:\Users\5490 i7\Downloads\Logic-Design-Project-ImageRot-Mir-HCMUT-251\main_project\img_rot_project\img_rot_project.xpr
# Log file: C:/Users/5490 i7/Downloads/Logic-Design-Project-ImageRot-Mir-HCMUT-251/main_project/img_rot_project/vivado.log
# Journal file: C:/Users/5490 i7/Downloads/Logic-Design-Project-ImageRot-Mir-HCMUT-251/main_project/img_rot_project\vivado.jou
# Running On: DESKTOP-U9UFEVV, OS: Windows, CPU Frequency: 2112 MHz, CPU Physical cores: 4, Host memory: 17031 MB
#-----------------------------------------------------------
start_gui
open_project {C:/Users/5490 i7/Downloads/Logic-Design-Project-ImageRot-Mir-HCMUT-251/main_project/img_rot_project/img_rot_project.xpr}
INFO: [ProjectBase 1-489] The host OS only allows 260 characters in a normal path. The project is stored in a path with more than 80 characters. If you experience issues with IP, Block Designs, or files not being found, please consider moving the project to a location with a shorter path. Alternately consider using the OS subst command to map part of the path to a drive letter.
Current project path is 'C:/Users/5490 i7/Downloads/Logic-Design-Project-ImageRot-Mir-HCMUT-251/main_project/img_rot_project'
WARNING: [Board 49-26] cannot add Board Part xilinx.com:ac701:part0:1.4 available at C:/Xilinx/Vivado/2023.2/data/xhub/boards/XilinxBoardStore/boards/Xilinx/ac701/1.4/board.xml as part xc7a200tfbg676-2 specified in board_part file is either invalid or not available
WARNING: [Board 49-26] cannot add Board Part xilinx.com:kc705:part0:1.6 available at C:/Xilinx/Vivado/2023.2/data/xhub/boards/XilinxBoardStore/boards/Xilinx/kc705/1.6/board.xml as part xc7k325tffg900-2 specified in board_part file is either invalid or not available
WARNING: [Board 49-26] cannot add Board Part xilinx.com:kcu105:part0:1.6 available at C:/Xilinx/Vivado/2023.2/data/xhub/boards/XilinxBoardStore/boards/Xilinx/kcu105/1.6/board.xml as part xcku040-ffva1156-2-e specified in board_part file is either invalid or not available
WARNING: [Board 49-26] cannot add Board Part xilinx.com:kcu105:part0:1.7 available at C:/Xilinx/Vivado/2023.2/data/xhub/boards/XilinxBoardStore/boards/Xilinx/kcu105/1.7/board.xml as part xcku040-ffva1156-2-e specified in board_part file is either invalid or not available
WARNING: [Board 49-26] cannot add Board Part xilinx.com:kcu116:part0:1.4 available at C:/Xilinx/Vivado/2023.2/data/xhub/boards/XilinxBoardStore/boards/Xilinx/kcu116/1.4/board.xml as part xcku5p-ffvb676-2-e specified in board_part file is either invalid or not available
WARNING: [Board 49-26] cannot add Board Part xilinx.com:kcu116:part0:1.5 available at C:/Xilinx/Vivado/2023.2/data/xhub/boards/XilinxBoardStore/boards/Xilinx/kcu116/1.5/board.xml as part xcku5p-ffvb676-2-e specified in board_part file is either invalid or not available
WARNING: [Board 49-26] cannot add Board Part xilinx.com:kcu1500:part0:1.2 available at C:/Xilinx/Vivado/2023.2/data/xhub/boards/XilinxBoardStore/boards/Xilinx/kcu1500/1.2/board.xml as part xcku115-flvb2104-2-e specified in board_part file is either invalid or not available
WARNING: [Board 49-26] cannot add Board Part xilinx.com:sp701:part0:1.0 available at C:/Xilinx/Vivado/2023.2/data/xhub/boards/XilinxBoardStore/boards/Xilinx/sp701/1.0/board.xml as part xc7s100fgga676-2 specified in board_part file is either invalid or not available
WARNING: [Board 49-26] cannot add Board Part xilinx.com:sp701:part0:1.1 available at C:/Xilinx/Vivado/2023.2/data/xhub/boards/XilinxBoardStore/boards/Xilinx/sp701/1.1/board.xml as part xc7s100fgga676-2 specified in board_part file is either invalid or not available
WARNING: [Board 49-26] cannot add Board Part xilinx.com:vc707:part0:1.4 available at C:/Xilinx/Vivado/2023.2/data/xhub/boards/XilinxBoardStore/boards/Xilinx/vc707/1.4/board.xml as part xc7vx485tffg1761-2 specified in board_part file is either invalid or not available
WARNING: [Board 49-26] cannot add Board Part xilinx.com:vc709:part0:1.8 available at C:/Xilinx/Vivado/2023.2/data/xhub/boards/XilinxBoardStore/boards/Xilinx/vc709/1.8/board.xml as part xc7vx690tffg1761-2 specified in board_part file is either invalid or not available
WARNING: [Board 49-26] cannot add Board Part xilinx.com:vck190:part0:2.2 available at C:/Xilinx/Vivado/2023.2/data/xhub/boards/XilinxBoardStore/boards/Xilinx/vck190/production/2.2/board.xml as part xcvc1902-vsva2197-2mp-e-s specified in board_part file is either invalid or not available
WARNING: [Board 49-26] cannot add Board Part xilinx.com:vck190:part0:3.0 available at C:/Xilinx/Vivado/2023.2/data/xhub/boards/XilinxBoardStore/boards/Xilinx/vck190/production/3.0/board.xml as part xcvc1902-vsva2197-2mp-e-s specified in board_part file is either invalid or not available
WARNING: [Board 49-26] cannot add Board Part xilinx.com:vck190:part0:3.1 available at C:/Xilinx/Vivado/2023.2/data/xhub/boards/XilinxBoardStore/boards/Xilinx/vck190/production/3.1/board.xml as part xcvc1902-vsva2197-2mp-e-s specified in board_part file is either invalid or not available
WARNING: [Board 49-26] cannot add Board Part xilinx.com:vck190:part0:3.2 available at C:/Xilinx/Vivado/2023.2/data/xhub/boards/XilinxBoardStore/boards/Xilinx/vck190/production/3.2/board.xml as part xcvc1902-vsva2197-2mp-e-s specified in board_part file is either invalid or not available
WARNING: [Board 49-26] cannot add Board Part xilinx.com:vck190_newl:part0:1.0 available at C:/Xilinx/Vivado/2023.2/data/xhub/boards/XilinxBoardStore/boards/Xilinx/vck190_newl/production/1.0/board.xml as part xcvc1902-vsva2197-2mp-e-s specified in board_part file is either invalid or not available
WARNING: [Board 49-26] cannot add Board Part xilinx.com:vck190_newl:part0:1.1 available at C:/Xilinx/Vivado/2023.2/data/xhub/boards/XilinxBoardStore/boards/Xilinx/vck190_newl/production/1.1/board.xml as part xcvc1902-vsva2197-2mp-e-s specified in board_part file is either invalid or not available
WARNING: [Board 49-26] cannot add Board Part xilinx.com:vcu108:part0:1.6 available at C:/Xilinx/Vivado/2023.2/data/xhub/boards/XilinxBoardStore/boards/Xilinx/vcu108/1.6/board.xml as part xcvu095-ffva2104-2-e specified in board_part file is either invalid or not available
WARNING: [Board 49-26] cannot add Board Part xilinx.com:vcu108:part0:1.7 available at C:/Xilinx/Vivado/2023.2/data/xhub/boards/XilinxBoardStore/boards/Xilinx/vcu108/1.7/board.xml as part xcvu095-ffva2104-2-e specified in board_part file is either invalid or not available
WARNING: [Board 49-26] cannot add Board Part xilinx.com:vcu110:part0:1.4 available at C:/Xilinx/Vivado/2023.2/data/xhub/boards/XilinxBoardStore/boards/Xilinx/vcu110/1.4/board.xml as part xcvu190-flgc2104-2-e specified in board_part file is either invalid or not available
WARNING: [Board 49-26] cannot add Board Part xilinx.com:vcu118:part0:2.0 available at C:/Xilinx/Vivado/2023.2/data/xhub/boards/XilinxBoardStore/boards/Xilinx/vcu118/2.0/board.xml as part xcvu9p-flga2104-2l-e specified in board_part file is either invalid or not available
WARNING: [Board 49-26] cannot add Board Part xilinx.com:vcu118:part0:2.3 available at C:/Xilinx/Vivado/2023.2/data/xhub/boards/XilinxBoardStore/boards/Xilinx/vcu118/2.3/board.xml as part xcvu9p-flga2104-2l-e specified in board_part file is either invalid or not available
WARNING: [Board 49-26] cannot add Board Part xilinx.com:vcu118:part0:2.4 available at C:/Xilinx/Vivado/2023.2/data/xhub/boards/XilinxBoardStore/boards/Xilinx/vcu118/2.4/board.xml as part xcvu9p-flga2104-2l-e specified in board_part file is either invalid or not available
WARNING: [Board 49-26] cannot add Board Part xilinx.com:vcu128:part0:1.0 available at C:/Xilinx/Vivado/2023.2/data/xhub/boards/XilinxBoardStore/boards/Xilinx/vcu128/production/1.0/board.xml as part xcvu37p-fsvh2892-2l-e specified in board_part file is either invalid or not available
WARNING: [Board 49-26] cannot add Board Part xilinx.com:vcu129:part0:1.0 available at C:/Xilinx/Vivado/2023.2/data/xhub/boards/XilinxBoardStore/boards/Xilinx/vcu129/production/1.0/board.xml as part xcvu29p-fsga2577-2l-e specified in board_part file is either invalid or not available
WARNING: [Board 49-26] cannot add Board Part xilinx.com:vcu1525:part0:1.3 available at C:/Xilinx/Vivado/2023.2/data/xhub/boards/XilinxBoardStore/boards/Xilinx/vcu1525/1.3/board.xml as part xcvu9p-fsgd2104-2l-e specified in board_part file is either invalid or not available
WARNING: [Board 49-26] cannot add Board Part xilinx.com:vek280:part0:1.0 available at C:/Xilinx/Vivado/2023.2/data/xhub/boards/XilinxBoardStore/boards/Xilinx/vek280/production/1.0/board.xml as part xcve2802-vsvh1760-2mp-e-s specified in board_part file is either invalid or not available
WARNING: [Board 49-26] cannot add Board Part xilinx.com:vek280_es:part0:1.0 available at C:/Xilinx/Vivado/2023.2/data/xhub/boards/XilinxBoardStore/boards/Xilinx/vek280/es/rev_a/1.0/board.xml as part xcve2802-vsvh1760-2lp-e-s-es1 specified in board_part file is either invalid or not available
WARNING: [Board 49-26] cannot add Board Part xilinx.com:vek280_es:part0:1.1 available at C:/Xilinx/Vivado/2023.2/data/xhub/boards/XilinxBoardStore/boards/Xilinx/vek280/es/rev_a/1.1/board.xml as part xcve2802-vsvh1760-2lp-e-s-es1 specified in board_part file is either invalid or not available
WARNING: [Board 49-26] cannot add Board Part xilinx.com:vek280_es_revb:part0:1.0 available at C:/Xilinx/Vivado/2023.2/data/xhub/boards/XilinxBoardStore/boards/Xilinx/vek280/es/rev_b/1.0/board.xml as part xcve2802-vsvh1760-2mp-e-s-es1 specified in board_part file is either invalid or not available
WARNING: [Board 49-26] cannot add Board Part xilinx.com:vek280_es_revb:part0:1.1 available at C:/Xilinx/Vivado/2023.2/data/xhub/boards/XilinxBoardStore/boards/Xilinx/vek280/es/rev_b/1.1/board.xml as part xcve2802-vsvh1760-2mp-e-s-es1 specified in board_part file is either invalid or not available
WARNING: [Board 49-26] cannot add Board Part xilinx.com:vermeo_t1_mpsoc:part0:1.0 available at C:/Xilinx/Vivado/2023.2/data/xhub/boards/XilinxBoardStore/boards/Xilinx/vermeo_t1_mpsoc/1.0/board.xml as part xczu19eg-ffvd1760-2l-e specified in board_part file is either invalid or not available
WARNING: [Board 49-26] cannot add Board Part xilinx.com:vermeo_t1_rfsoc:part0:1.0 available at C:/Xilinx/Vivado/2023.2/data/xhub/boards/XilinxBoardStore/boards/Xilinx/vermeo_t1_rfsoc/1.0/board.xml as part xczu21dr-ffvd1156-2l-e specified in board_part file is either invalid or not available
WARNING: [Board 49-26] cannot add Board Part xilinx.com:vhk158:part0:1.0 available at C:/Xilinx/Vivado/2023.2/data/xhub/boards/XilinxBoardStore/boards/Xilinx/vhk158/production/1.0/board.xml as part xcvh1582-vsva3697-2mp-e-s specified in board_part file is either invalid or not available
WARNING: [Board 49-26] cannot add Board Part xilinx.com:vhk158:part0:1.1 available at C:/Xilinx/Vivado/2023.2/data/xhub/boards/XilinxBoardStore/boards/Xilinx/vhk158/production/1.1/board.xml as part xcvh1582-vsva3697-2mp-e-s specified in board_part file is either invalid or not available
WARNING: [Board 49-26] cannot add Board Part xilinx.com:vhk158_es:part0:1.0 available at C:/Xilinx/Vivado/2023.2/data/xhub/boards/XilinxBoardStore/boards/Xilinx/vhk158/es/1.0/board.xml as part xcvh1582-vsva3697-2mp-e-s-es1 specified in board_part file is either invalid or not available
WARNING: [Board 49-26] cannot add Board Part xilinx.com:vhk158_es:part0:1.1 available at C:/Xilinx/Vivado/2023.2/data/xhub/boards/XilinxBoardStore/boards/Xilinx/vhk158/es/1.1/board.xml as part xcvh1582-vsva3697-2mp-e-s-es1 specified in board_part file is either invalid or not available
WARNING: [Board 49-26] cannot add Board Part xilinx.com:vmk180:part0:2.2 available at C:/Xilinx/Vivado/2023.2/data/xhub/boards/XilinxBoardStore/boards/Xilinx/vmk180/production/2.2/board.xml as part xcvm1802-vsva2197-2mp-e-s specified in board_part file is either invalid or not available
WARNING: [Board 49-26] cannot add Board Part xilinx.com:vmk180:part0:3.0 available at C:/Xilinx/Vivado/2023.2/data/xhub/boards/XilinxBoardStore/boards/Xilinx/vmk180/production/3.0/board.xml as part xcvm1802-vsva2197-2mp-e-s specified in board_part file is either invalid or not available
WARNING: [Board 49-26] cannot add Board Part xilinx.com:vmk180:part0:3.1 available at C:/Xilinx/Vivado/2023.2/data/xhub/boards/XilinxBoardStore/boards/Xilinx/vmk180/production/3.1/board.xml as part xcvm1802-vsva2197-2mp-e-s specified in board_part file is either invalid or not available
WARNING: [Board 49-26] cannot add Board Part xilinx.com:vmk180:part0:3.2 available at C:/Xilinx/Vivado/2023.2/data/xhub/boards/XilinxBoardStore/boards/Xilinx/vmk180/production/3.2/board.xml as part xcvm1802-vsva2197-2mp-e-s specified in board_part file is either invalid or not available
WARNING: [Board 49-26] cannot add Board Part xilinx.com:vmk180_newl:part0:1.0 available at C:/Xilinx/Vivado/2023.2/data/xhub/boards/XilinxBoardStore/boards/Xilinx/vmk180_newl/production/1.0/board.xml as part xcvm1802-vsva2197-2mp-e-s specified in board_part file is either invalid or not available
WARNING: [Board 49-26] cannot add Board Part xilinx.com:vmk180_newl:part0:1.1 available at C:/Xilinx/Vivado/2023.2/data/xhub/boards/XilinxBoardStore/boards/Xilinx/vmk180_newl/production/1.1/board.xml as part xcvm1802-vsva2197-2mp-e-s specified in board_part file is either invalid or not available
WARNING: [Board 49-26] cannot add Board Part xilinx.com:vpk120:part0:1.0 available at C:/Xilinx/Vivado/2023.2/data/xhub/boards/XilinxBoardStore/boards/Xilinx/vpk120/production/1.0/board.xml as part xcvp1202-vsva2785-2mp-e-s specified in board_part file is either invalid or not available
WARNING: [Board 49-26] cannot add Board Part xilinx.com:vpk120:part0:1.1 available at C:/Xilinx/Vivado/2023.2/data/xhub/boards/XilinxBoardStore/boards/Xilinx/vpk120/production/1.1/board.xml as part xcvp1202-vsva2785-2mp-e-s specified in board_part file is either invalid or not available
WARNING: [Board 49-26] cannot add Board Part xilinx.com:vpk120:part0:1.2 available at C:/Xilinx/Vivado/2023.2/data/xhub/boards/XilinxBoardStore/boards/Xilinx/vpk120/production/1.2/board.xml as part xcvp1202-vsva2785-2mp-e-s specified in board_part file is either invalid or not available
WARNING: [Board 49-26] cannot add Board Part xilinx.com:vpk180:part0:1.0 available at C:/Xilinx/Vivado/2023.2/data/xhub/boards/XilinxBoardStore/boards/Xilinx/vpk180/production/1.0/board.xml as part xcvp1802-lsvc4072-2mp-e-s specified in board_part file is either invalid or not available
WARNING: [Board 49-26] cannot add Board Part xilinx.com:vpk180:part0:1.1 available at C:/Xilinx/Vivado/2023.2/data/xhub/boards/XilinxBoardStore/boards/Xilinx/vpk180/production/1.1/board.xml as part xcvp1802-lsvc4072-2mp-e-s specified in board_part file is either invalid or not available
WARNING: [Board 49-26] cannot add Board Part xilinx.com:zc706:part0:1.4 available at C:/Xilinx/Vivado/2023.2/data/xhub/boards/XilinxBoardStore/boards/Xilinx/zc706/1.4/board.xml as part xc7z045ffg900-2 specified in board_part file is either invalid or not available
WARNING: [Board 49-26] cannot add Board Part xilinx.com:zcu102:part0:3.3 available at C:/Xilinx/Vivado/2023.2/data/xhub/boards/XilinxBoardStore/boards/Xilinx/zcu102/3.3/board.xml as part xczu9eg-ffvb1156-2-e specified in board_part file is either invalid or not available
WARNING: [Board 49-26] cannot add Board Part xilinx.com:zcu102:part0:3.4 available at C:/Xilinx/Vivado/2023.2/data/xhub/boards/XilinxBoardStore/boards/Xilinx/zcu102/3.4/board.xml as part xczu9eg-ffvb1156-2-e specified in board_part file is either invalid or not available
WARNING: [Board 49-26] cannot add Board Part xilinx.com:zcu104:part0:1.1 available at C:/Xilinx/Vivado/2023.2/data/xhub/boards/XilinxBoardStore/boards/Xilinx/zcu104/1.1/board.xml as part xczu7ev-ffvc1156-2-e specified in board_part file is either invalid or not available
WARNING: [Board 49-26] cannot add Board Part xilinx.com:zcu106:part0:2.4 available at C:/Xilinx/Vivado/2023.2/data/xhub/boards/XilinxBoardStore/boards/Xilinx/zcu106/2.4/board.xml as part xczu7ev-ffvc1156-2-e specified in board_part file is either invalid or not available
WARNING: [Board 49-26] cannot add Board Part xilinx.com:zcu106:part0:2.5 available at C:/Xilinx/Vivado/2023.2/data/xhub/boards/XilinxBoardStore/boards/Xilinx/zcu106/2.5/board.xml as part xczu7ev-ffvc1156-2-e specified in board_part file is either invalid or not available
WARNING: [Board 49-26] cannot add Board Part xilinx.com:zcu106:part0:2.6 available at C:/Xilinx/Vivado/2023.2/data/xhub/boards/XilinxBoardStore/boards/Xilinx/zcu106/2.6/board.xml as part xczu7ev-ffvc1156-2-e specified in board_part file is either invalid or not available
WARNING: [Board 49-26] cannot add Board Part xilinx.com:zcu111:part0:1.2 available at C:/Xilinx/Vivado/2023.2/data/xhub/boards/XilinxBoardStore/boards/Xilinx/zcu111/1.2/board.xml as part xczu28dr-ffvg1517-2-e specified in board_part file is either invalid or not available
WARNING: [Board 49-26] cannot add Board Part xilinx.com:zcu111:part0:1.3 available at C:/Xilinx/Vivado/2023.2/data/xhub/boards/XilinxBoardStore/boards/Xilinx/zcu111/1.3/board.xml as part xczu28dr-ffvg1517-2-e specified in board_part file is either invalid or not available
WARNING: [Board 49-26] cannot add Board Part xilinx.com:zcu111:part0:1.4 available at C:/Xilinx/Vivado/2023.2/data/xhub/boards/XilinxBoardStore/boards/Xilinx/zcu111/1.4/board.xml as part xczu28dr-ffvg1517-2-e specified in board_part file is either invalid or not available
WARNING: [Board 49-26] cannot add Board Part xilinx.com:zcu1275:part0:1.0 available at C:/Xilinx/Vivado/2023.2/data/xhub/boards/XilinxBoardStore/boards/Xilinx/zcu1275/1.0/board.xml as part xczu29dr-ffvf1760-2-e specified in board_part file is either invalid or not available
WARNING: [Board 49-26] cannot add Board Part xilinx.com:zcu1285:part0:1.0 available at C:/Xilinx/Vivado/2023.2/data/xhub/boards/XilinxBoardStore/boards/Xilinx/zcu1285/1.0/board.xml as part xczu39dr-ffvf1760-2-i specified in board_part file is either invalid or not available
WARNING: [Board 49-26] cannot add Board Part xilinx.com:zcu208:part0:2.0 available at C:/Xilinx/Vivado/2023.2/data/xhub/boards/XilinxBoardStore/boards/Xilinx/zcu208/production/2.0/board.xml as part xczu48dr-fsvg1517-2-e specified in board_part file is either invalid or not available
WARNING: [Board 49-26] cannot add Board Part xilinx.com:zcu208ld:part0:2.0 available at C:/Xilinx/Vivado/2023.2/data/xhub/boards/XilinxBoardStore/boards/Xilinx/zcu208ld/production/2.0/board.xml as part xczu58dr-fsvg1517-2-i specified in board_part file is either invalid or not available
WARNING: [Board 49-26] cannot add Board Part xilinx.com:zcu216:part0:2.0 available at C:/Xilinx/Vivado/2023.2/data/xhub/boards/XilinxBoardStore/boards/Xilinx/zcu216/production/2.0/board.xml as part xczu49dr-ffvf1760-2-e specified in board_part file is either invalid or not available
WARNING: [Board 49-26] cannot add Board Part xilinx.com:zcu216ld:part0:2.0 available at C:/Xilinx/Vivado/2023.2/data/xhub/boards/XilinxBoardStore/boards/Xilinx/zcu216ld/production/2.0/board.xml as part xczu59dr-ffvf1760-2-i specified in board_part file is either invalid or not available
WARNING: [Board 49-26] cannot add Board Part xilinx.com:zcu670:part0:2.0 available at C:/Xilinx/Vivado/2023.2/data/xhub/boards/XilinxBoardStore/boards/Xilinx/zcu670/2.0/board.xml as part xczu67dr-fsve1156-2-i specified in board_part file is either invalid or not available
WARNING: [Board 49-26] cannot add Board Part xilinx.com:zcu670ld:part0:1.0 available at C:/Xilinx/Vivado/2023.2/data/xhub/boards/XilinxBoardStore/boards/Xilinx/zcu670ld/1.0/board.xml as part xczu57dr-fsve1156-2-i specified in board_part file is either invalid or not available
INFO: [Project 1-313] Project file moved from 'Z:/img_rot_project_old' since last save.
Scanning sources...
Finished scanning sources
INFO: [IP_Flow 19-234] Refreshing IP repositories
INFO: [IP_Flow 19-1700] Loaded user IP repository 'c:/Users/5490 i7/Downloads/Logic-Design-Project-ImageRot-Mir-HCMUT-251/main_project/ip_repo'.
INFO: [IP_Flow 19-2313] Loaded Vivado IP repository 'C:/Xilinx/Vivado/2023.2/data/ip'.
ERROR: [Common 17-680] Path length exceeds 260-Byte maximum allowed by Windows: c:/Users/5490 i7/Downloads/Logic-Design-Project-ImageRot-Mir-HCMUT-251/main_project/img_rot_project/img_rot_project.srcs/sources_1/bd/image_rotator_design/ip/image_rotator_design_processing_system7_0_0/hdl/verilog/image_rotator_design_processing_system7_0_0.hwdef
Please consider using the OS subst command to shorten the path length by mapping part of the path to a virtual drive letter. See Answer Record AR52787 for more information.
Resolution: In Windows 7 or later, the mklink command can also be used to create a symbolic link and shorten the path.
ERROR: [Common 17-680] Path length exceeds 260-Byte maximum allowed by Windows: c:/Users/5490 i7/Downloads/Logic-Design-Project-ImageRot-Mir-HCMUT-251/main_project/img_rot_project/img_rot_project.srcs/sources_1/bd/image_rotator_design/ip/image_rotator_design_processing_system7_0_0/image_rotator_design_processing_system7_0_0_sim_netlist.vhdl
Please consider using the OS subst command to shorten the path length by mapping part of the path to a virtual drive letter. See Answer Record AR52787 for more information.
Resolution: In Windows 7 or later, the mklink command can also be used to create a symbolic link and shorten the path.
WARNING: [IP_Flow 19-3664] IP 'image_rotator_design_axi_image_rotator_0_0' generated file not found 'c:/Users/5490 i7/Downloads/Logic-Design-Project-ImageRot-Mir-HCMUT-251/main_project/img_rot_project/img_rot_project.srcs/sources_1/bd/image_rotator_design/ipshared/b5bc/src/defines.v'. Please regenerate to continue.
WARNING: [IP_Flow 19-3664] IP 'image_rotator_design_axi_image_rotator_0_0' generated file not found 'c:/Users/5490 i7/Downloads/Logic-Design-Project-ImageRot-Mir-HCMUT-251/main_project/img_rot_project/img_rot_project.srcs/sources_1/bd/image_rotator_design/ipshared/b5bc/src/axi_image_rotator.v'. Please regenerate to continue.
WARNING: [IP_Flow 19-3664] IP 'image_rotator_design_axi_image_rotator_0_0' generated file not found 'c:/Users/5490 i7/Downloads/Logic-Design-Project-ImageRot-Mir-HCMUT-251/main_project/img_rot_project/img_rot_project.srcs/sources_1/bd/image_rotator_design/ipshared/b5bc/src/defines.v'. Please regenerate to continue.
WARNING: [IP_Flow 19-3664] IP 'image_rotator_design_axi_image_rotator_0_0' generated file not found 'c:/Users/5490 i7/Downloads/Logic-Design-Project-ImageRot-Mir-HCMUT-251/main_project/img_rot_project/img_rot_project.srcs/sources_1/bd/image_rotator_design/ipshared/b5bc/src/axi_image_rotator.v'. Please regenerate to continue.
ERROR: [Common 17-680] Path length exceeds 260-Byte maximum allowed by Windows: c:/Users/5490 i7/Downloads/Logic-Design-Project-ImageRot-Mir-HCMUT-251/main_project/img_rot_project/img_rot_project.srcs/sources_1/bd/image_rotator_design/ip/image_rotator_design_axi_image_rotator_0_0/image_rotator_design_axi_image_rotator_0_0_sim_netlist.vhdl
Please consider using the OS subst command to shorten the path length by mapping part of the path to a virtual drive letter. See Answer Record AR52787 for more information.
Resolution: In Windows 7 or later, the mklink command can also be used to create a symbolic link and shorten the path.
WARNING: [BD 41-1661] One or more IPs have been locked in the design 'image_rotator_design.bd'. Please run report_ip_status for more details and recommendations on how to fix this issue.
List of locked IPs:
image_rotator_design_axi_image_rotator_0_0
image_rotator_design_axi_dma_0_0
image_rotator_design_auto_pc_0
image_rotator_design_axi_gpio_0_0
image_rotator_design_proc_sys_reset_0_0
image_rotator_design_xbar_1
image_rotator_design_ps7_0_axi_periph_0
image_rotator_design_xlslice_1_0
image_rotator_design_smartconnect_0_0
image_rotator_design_xlslice_0_0

open_project: Time (s): cpu = 00:00:41 ; elapsed = 00:00:19 . Memory (MB): peak = 1538.906 ; gain = 427.746
ERROR: [Common 17-39] 'open_project' failed due to earlier errors.
update_compile_order -fileset sources_1
launch_simulation
Command: launch_simulation 
INFO: [Vivado 12-12493] Simulation top is 'tb_axi_image_rotator'
WARNING: [Vivado 12-13340] Unable to auto find GCC executables from simulator install path! (path not set)
INFO: [Vivado 12-5698] Checking validity of IPs in the design for the 'XSim' simulator...
INFO: [Vivado 12-5682] Launching behavioral simulation in 'C:/Users/5490 i7/Downloads/Logic-Design-Project-ImageRot-Mir-HCMUT-251/main_project/img_rot_project/img_rot_project.sim/sim_1/behav/xsim'
INFO: [Vivado 12-13660] Precompiled IP simulation library mode is enabled (default). The design IP libraries will be referenced from the compiled library path. Please note that if the precompiled version of the library is not found from the path or the IP is in locked state, then the library source files for these IPs will be compiled locally as part of the compile order.
INFO: [Vivado 12-4795] Using compiled simulation libraries for IPs
INFO: [SIM-utils-51] Simulation object is 'sim_1'
INFO: [SIM-utils-72] Using boost library from 'C:/Xilinx/Vivado/2023.2/tps/boost_1_72_0'
INFO: [USF-XSim-7] Finding pre-compiled libraries...
INFO: [USF-XSim-11] File 'C:/Xilinx/Vivado/2023.2/data/xsim/xsim.ini' copied to run dir:'C:/Users/5490 i7/Downloads/Logic-Design-Project-ImageRot-Mir-HCMUT-251/main_project/img_rot_project/img_rot_project.sim/sim_1/behav/xsim'
INFO: [SIM-utils-20] The project contains locked or custom IPs. The pre-compiled version of these IPs will not be referenced and the sources from these IP libraries will be compiled locally.
INFO: [SIM-utils-54] Inspecting design source files for 'tb_axi_image_rotator' in fileset 'sim_1'...
INFO: [SIM-utils-43] Exported 'C:/Users/5490 i7/Downloads/Logic-Design-Project-ImageRot-Mir-HCMUT-251/main_project/img_rot_project/img_rot_project.sim/sim_1/behav/xsim/samples_in.mem'
INFO: [SIM-utils-43] Exported 'C:/Users/5490 i7/Downloads/Logic-Design-Project-ImageRot-Mir-HCMUT-251/main_project/img_rot_project/img_rot_project.sim/sim_1/behav/xsim/samples_in.mem'
INFO: [USF-XSim-97] Finding global include files...
INFO: [USF-XSim-98] Fetching design files from 'sim_1'...
INFO: [USF-XSim-2] XSim::Compile design
INFO: [USF-XSim-61] Executing 'COMPILE and ANALYZE' step in 'C:/Users/5490 i7/Downloads/Logic-Design-Project-ImageRot-Mir-HCMUT-251/main_project/img_rot_project/img_rot_project.sim/sim_1/behav/xsim'
"xvlog --incr --relax -L axi_vip_v1_1_15 -L processing_system7_vip_v1_0_17 -L axi_vip_v1_1_4 -L processing_system7_vip_v1_0_6 -L smartconnect_v1_0 -L xilinx_vip -prj tb_axi_image_rotator_vlog.prj"
ECHO is off.
ECHO is off.
INFO: [VRFC 10-2263] Analyzing Verilog file "C:/Users/5490 i7/Downloads/Logic-Design-Project-ImageRot-Mir-HCMUT-251/main_project/img_rot_project/img_rot_project.srcs/sources_1/new/defines.v" into library xil_defaultlib
INFO: [VRFC 10-2263] Analyzing Verilog file "C:/Users/5490 i7/Downloads/Logic-Design-Project-ImageRot-Mir-HCMUT-251/main_project/img_rot_project/img_rot_project.srcs/sources_1/new/defines.v" into library xil_defaultlib
INFO: [VRFC 10-2263] Analyzing Verilog file "C:/Users/5490 i7/Downloads/Logic-Design-Project-ImageRot-Mir-HCMUT-251/main_project/img_rot_project/img_rot_project.srcs/sources_1/new/axi_image_rotator.v" into library xil_defaultlib
INFO: [VRFC 10-311] analyzing module axi_image_rotator
INFO: [VRFC 10-2263] Analyzing Verilog file "C:/Users/5490 i7/Downloads/Logic-Design-Project-ImageRot-Mir-HCMUT-251/main_project/img_rot_project/img_rot_project.srcs/sources_1/new/axi_image_rotator_tb.v" into library xil_defaultlib
INFO: [VRFC 10-311] analyzing module tb_axi_image_rotator
INFO: [VRFC 10-2263] Analyzing Verilog file "C:/Users/5490 i7/Downloads/Logic-Design-Project-ImageRot-Mir-HCMUT-251/main_project/img_rot_project/img_rot_project.sim/sim_1/behav/xsim/glbl.v" into library xil_defaultlib
INFO: [VRFC 10-311] analyzing module glbl
INFO: [USF-XSim-69] 'compile' step finished in '2' seconds
INFO: [USF-XSim-3] XSim::Elaborate design
INFO: [USF-XSim-61] Executing 'ELABORATE' step in 'C:/Users/5490 i7/Downloads/Logic-Design-Project-ImageRot-Mir-HCMUT-251/main_project/img_rot_project/img_rot_project.sim/sim_1/behav/xsim'
"xelab --incr --debug typical --relax --mt 2 -L xil_defaultlib -L xilinx_vip -L unisims_ver -L unimacro_ver -L secureip -L xpm --snapshot tb_axi_image_rotator_behav xil_defaultlib.tb_axi_image_rotator xil_defaultlib.glbl -log elaborate.log"
ECHO is off.
ECHO is off.
Vivado Simulator v2023.2
Copyright 1986-2022 Xilinx, Inc. All Rights Reserved.
Copyright 2022-2023 Advanced Micro Devices, Inc. All Rights Reserved.
Running: C:/Xilinx/Vivado/2023.2/bin/unwrapped/win64.o/xelab.exe --incr --debug typical --relax --mt 2 -L xil_defaultlib -L xilinx_vip -L unisims_ver -L unimacro_ver -L secureip -L xpm --snapshot tb_axi_image_rotator_behav xil_defaultlib.tb_axi_image_rotator xil_defaultlib.glbl -log elaborate.log 
Using 2 slave threads.
Starting static elaboration
Pass Through NonSizing Optimizer
Completed static elaboration
Starting simulation data flow analysis
Completed simulation data flow analysis
Time Resolution for simulation is 1ps
Compiling module xil_defaultlib.axi_image_rotator
Compiling module xil_defaultlib.tb_axi_image_rotator
Compiling module xil_defaultlib.glbl
Built simulation snapshot tb_axi_image_rotator_behav
INFO: [USF-XSim-69] 'elaborate' step finished in '4' seconds
INFO: [USF-XSim-4] XSim::Simulate design
INFO: [USF-XSim-61] Executing 'SIMULATE' step in 'C:/Users/5490 i7/Downloads/Logic-Design-Project-ImageRot-Mir-HCMUT-251/main_project/img_rot_project/img_rot_project.sim/sim_1/behav/xsim'
INFO: [USF-XSim-98] *** Running xsim
   with args "tb_axi_image_rotator_behav -key {Behavioral:sim_1:Functional:tb_axi_image_rotator} -tclbatch {tb_axi_image_rotator.tcl} -protoinst "protoinst_files/bd_e485.protoinst" -protoinst "protoinst_files/image_rotator_design.protoinst" -log {simulate.log}"
INFO: [USF-XSim-8] Loading simulator feature
INFO: [Wavedata 42-565] Reading protoinst file protoinst_files/bd_e485.protoinst
WARNING: [Wavedata 42-558] Couldn't load one or more protocol instances from protoinst file protoinst_files/bd_e485.protoinst for the following reason(s):
There are no instances of module "bd_e485" in the design.

INFO: [Wavedata 42-565] Reading protoinst file protoinst_files/image_rotator_design.protoinst
WARNING: [Wavedata 42-558] Couldn't load one or more protocol instances from protoinst file protoinst_files/image_rotator_design.protoinst for the following reason(s):
There are no instances of module "image_rotator_design" in the design.

Time resolution is 1 ps
source tb_axi_image_rotator.tcl
# set curr_wave [current_wave_config]
# if { [string length $curr_wave] == 0 } {
#   if { [llength [get_objects]] > 0} {
#     add_wave /
#     set_property needs_save false [current_wave_config]
#   } else {
#      send_msg_id Add_Wave-1 WARNING "No top level signals found. Simulator will start without a wave window. If you want to open a wave window go to 'File->New Waveform Configuration' or type 'create_wave_config' in the TCL console."
#   }
# }
WARNING: [Wavedata 42-489] Can't add object "/tb_axi_image_rotator/buffer_din" to the wave window because it has 8388608 bits, which exceeds the display limit of 65536 bits.  To change the display limit, use the command "set_property display_limit <new limit> [current_wave_config]".
WARNING: [Wavedata 42-489] Can't add object "/tb_axi_image_rotator/buffer_dout" to the wave window because it has 2097152 bits, which exceeds the display limit of 65536 bits.  To change the display limit, use the command "set_property display_limit <new limit> [current_wave_config]".
# run 10ms


================================================================
           AXI IMAGE ROTATOR TESTBENCH
================================================================
Mode:  MIRROR_VERTICAL
Input  dimensions: 28 x 66 (H x W)
Output dimensions: 28 x 66 (H x W)
Total pixels: 1848
================================================================

=== INPUT IMAGE MATRIX (28x66) ===
166  26  39 184  77 238  89  77 243 178  53  97 251  79 187 120 191 194  16 159 215  59  12 182 253 207  37  85  62  70 171  88  95 160  97 106 143  88 223  64  61 118   4 170 186 205  62 189 198 186  20 149 161  58 253 169  83 220  13 255 162  36 204   0  18 154 
229  49  83 109 250 169 234 186 226 173  65 182 101 111 178 163 185  83 174  44  59 194  90 103  57 250 145  52 112 253 138  19   5 167  93  49 231 234  89 165 124  72  25  62 101   1 203  66 169   3  93  21 225  45  95 109 201 135  19  71  48  15 198 114  70  15 
234  83 222  45 229 137  84  67 161  27 110 120 245  21 141 148  60 133  91  92 252 193  71   2 254 149  58 198 210 144  38  48  99  30 142 246  37 105 143 208  65  73  68 149  16 140 162 243 132 185 104  91 155 205 206  84 118 204 253 111  62  97  45  33 130  33 
111  70 148 152 177  33 111  98 105  40 140  60 102  62 215  97  64  83  19  84 249  31 190 120 111 233 171 168 154  87 230   0 105   8 190  22 160  45 251 111 126 210  57 160 172  88 195 209 139 215 149  68 247 251 123 210 103  45 243   7  35  29 174  43  53  30 
107 198 164 134  46 180 129 128 165 206  88  32  72   6 225 201 124  27  59  81 197 133  82 142 128 217 172 170 211  58 162 217 182  11 112 234  81   3 200 183  98  73 183 225 227 138  69 185  62 185  51  81  19 135  86 207 212 241 145  56 201  47 119 233  13 251 
152  78 134 175 167 202 243 171  37 221  91  63 148  11  50  89  70 101  40  71  75 121  52 121 223 142   1  91 192  39 126  73 159 215 102 237  64   8 255 244  84 128 188 204  24 246 165 107 250  86  69  77 155 116  30 237  42  33 200  67  46 108 220 132  44 230 
192 220  98 109 158  53 154 113  47 110 169  64 156 158 189 219  13 110 101 232  62  74 217 209  90  79  80 122  24 246  74 245 115 156 235 140  48  50  19  88  99 162 234 195  84 162 243 115 187 115  95 233  60  75 229 202 191 136 249 206  49  90  87  35 237 169 
  9 142 191 123 203 182 184  35 251 162  84 187 231  49   7 240  77 194 245 248  76  97 248  25  74 243 158  24  61  30 216  37 126 111  49 149  68 188 139 195 249  44 179 233  70 194 253 163  86 136  12 127 119 139  39 142 175  36  17 160 182 175  37 185 209 214 
199  25 220 208 234 104  64  72  10  88  74  99   6   7 157 203 124 130 139 113  24 168  48 127 188  64 207 140  77 247 239 128 198  27  19 186 221  92 215 231  47 239  15 100  76 135 240  24 192  96 227  15 150  88 117 122 172 171 211 166 114  98 147  95 235 135 
164  33 216 168 164  65 163  23 211 174 219 249 216  64 178 177 182 190 124  19 151  54 170 200 100 172 159 218  28 137 213 139 237  64 122   0  31 199 255  51  35   3  39   2 136  79 164 112  64 133 246 152  33 254 116 216 232  36  18 196   7  65 224 195 183 172 
186 118 170  50  24 156  61 157 178 118  31 214   0 239  44 131  60 248 131 233  24  44 171 129 128  50 172 204 114 210 197  89 122  82 202 204  72  86  38 102 242 220 190 161 253 181  46 238  11 188 144 194 176 198 106 161 201  19 225 165  94 109 172  36  95 137 
152 181  98 140 145 202 252 246   7 136  36 219 204 148 145 220 144 255 220  33  53 251 123  54 118  19  87 150  50  35 175 207 160 187 186  71  61 204 212 187  66 121 226 114  50 155  44 169 107 116  38  27  61 111 115 163  78  50  69   1 120  14  81 150 219  14 
 12   0 218 248 125  45 100   3 253  85 136 154 160 201 117  73 207  62  25  21 149  84 234 130  79 142 207 128 113 227 158  16   8  12 138 101 112 192 130 135 195  53  23 245 115 224 174  43 248  63  78  70 188  97 145  92 189 252 217 216  81  44 183 112 168 224 
 69 132  98  29  76 125  22  96 214  50  89 221 192  22 216 173 182 173 255  83 202 169  57 194 223 248 138 149 248 134 216 149  36 122 116 127  17  64   1 195  98 228  54 169  77 101 240 198  37 238 148  62 178  85  78 162 122 159  65 236 245 133 181  97 216   6 
 65 184  92 106  19 222  94 159 196 207 148  13 195 252 105 113 230 113 253 107 206  34 228 196  21   3 172 129 137  52 141  35 158 180 220 246  69 115  57 220  24   4 121  15  81 223  97 183 188 249  65 131 238  13 205 138 242  53  39 214 245 238  69  93 104  24 
  7 211 197 243 183 111  16 121 179  65 253 245  11 205  91  23  64 193 185  64  13 174 171 213 103  50 199  24  36 147   9  79 134 186  92 139  34 191 197 102 252 162 169  13  96 179 101 228 179 221 206 215 113 128  72  80 214 201  20 225 200  41  53 121 218  29 
 19 160 124 117  76 132 251   1  92  14 206 228  85 101 131 231 142 155 179 188 223 231 181 233  16 253 255   5 162 240 191 142 148 137 225  11 160 153   9  94  49 220  24 162  59  72  15 169  55  71 135  51 143  51 138  31  11 199 128 193  56   1 216  18   3 223 
123 252 148  14  33 155  71  15  41 113 134   6  73 179  64 232 174  62  94  96 142  47 249  63 122 165 211 184 164  36 252  54 170   1 244  51 169 165 172 140  55   9  74 126 153 231 218 172 134 241 226 124  12 236 235  68  61 250 169 106  86  25  44 165  27  30 
 12 191 136  43   9  53  43 188  81 113 202 242  47 237  91  99 154  22 215  88 132  21 223 202  14  33 106  43  39 194 129 179  80 196 233   6   8 205 165 166 202 245 117  75  14 235  89 144 175 133  20   2 186 134 254  53 223 144   4 249  71  42  33 106 227 219 
  1 228  33 229 146 208 245  74 174  42 157 118 235 235 171 102 164  66 108  29 103   9  27 145 168  11 199 186 202 224  50 225  71   4  18 176  77  30 201   0 146  39 181 203 152   5  62 133 166 100  80 146  51 189 244 222  96  11 237  31   2 107 226 162 135 241 
158  72 119 173 196 191  26 153  13 250  34  61  40 252  12 243  26 183 152 142 166  89 253 210  49   5 225  90 224 220  51  89  77  80 139 213  23 151 155  74  70 165 100  60 171 223 228 174 156 175  34  48 159 178  65  99 243  28 135 113   8  89 160  91 232  76 
100 234 239  41   6 251  87  19 170  72  87 183  76  16 179  97 118 193 119  89  56  52  64  35 105  79 221  31 188 245   6  79  81  89  13  99 215 182 255  90 204 131  63  38  59 159 209 227  90 255 207  85 118  48 192 180  68 253 228 117  50   0 100 169 193 160 
 24 112 112   1 150  16 120 151 192  80  46 219  50 245 118 150  98 205 105 241 251  40  61 185  25 184  30   9  62 197 208 186 225 149 178 134 152 127   9 218 157 149 158  67  69  59 159 120 150 239 231   0  84 199 121 242   7 166  81  21 166 168  61  86 135  55 
214  65 232 243 230 135 185 117 245  22 247  35 181 138 120 214 106  52  51 115  13 134  40 241  27 192 180 233 132  49  22  15 252 219 123 223  32 245   8 214 245 214 170 209   1 230  12  81 178 104 246 139 255  17  12 130 217  65  48  67 102  19 242 212 108  52 
151 252  53  54 207  90 154   1  90 232  75 131  91 225  48  74 204  54 154 143  79 201 114  90  68 199  29  67 229  15 159 188  80 158 124  80  13 110 115 197  20 187 189  72  83 218 254  90 155 122 207  38  58  30 210  55  96 175 153 105  30 166  37  83  17 104 
255 212 121 251 149 122 110  38  27   9  84  42  77  27  74  97 194 189  33  34  82 173  66 246  59 221 201  14 148 231 102 117  54 176 254  57 217  90 155 209 214 194 138 139 251 246  98  74  27  60  44 147 142 248 227  88   0 109 151 199  85  10 251 118 134  33 
240 116 136 239  41 181 243  33  45  40  54  15 220 135  10  19 234 155 133 146  76  84 245  38  39 113 182 214 192 142 203 194 180  52  27   9 251 168 254  91 198 246  99  60 157  71  60 102  28 122 214  59  73 176 147  69  64  12  19  84 146  24  91 199  76 152 
249 177 206  99  34 111 235  97  30  32 136  38  52 150 248 165 118 157 102 255 230 150  79  13  60 203  97 161 255 140  76  77  30 105 192 239  97 184 210 163 202  20 178 146 190 148 247  22  87 102 193 186 128 182  67 154 151  95 188  70 186 246  42 210 154 136 

=== Sending 1848 pixels ===
=== Receiving pixels ===
=== Transfer complete ===

=== OUTPUT IMAGE MATRIX (28x66) ===
249 177 206  99  34 111 235  97  30  32 136  38  52 150 248 165 118 157 102 255 230 150  79  13  60 203  97 161 255 140  76  77  30 105 192 239  97 184 210 163 202  20 178 146 190 148 247  22  87 102 193 186 128 182  67 154 151  95 188  70 186 246  42 210 154 136 
240 116 136 239  41 181 243  33  45  40  54  15 220 135  10  19 234 155 133 146  76  84 245  38  39 113 182 214 192 142 203 194 180  52  27   9 251 168 254  91 198 246  99  60 157  71  60 102  28 122 214  59  73 176 147  69  64  12  19  84 146  24  91 199  76 152 
255 212 121 251 149 122 110  38  27   9  84  42  77  27  74  97 194 189  33  34  82 173  66 246  59 221 201  14 148 231 102 117  54 176 254  57 217  90 155 209 214 194 138 139 251 246  98  74  27  60  44 147 142 248 227  88   0 109 151 199  85  10 251 118 134  33 
151 252  53  54 207  90 154   1  90 232  75 131  91 225  48  74 204  54 154 143  79 201 114  90  68 199  29  67 229  15 159 188  80 158 124  80  13 110 115 197  20 187 189  72  83 218 254  90 155 122 207  38  58  30 210  55  96 175 153 105  30 166  37  83  17 104 
214  65 232 243 230 135 185 117 245  22 247  35 181 138 120 214 106  52  51 115  13 134  40 241  27 192 180 233 132  49  22  15 252 219 123 223  32 245   8 214 245 214 170 209   1 230  12  81 178 104 246 139 255  17  12 130 217  65  48  67 102  19 242 212 108  52 
 24 112 112   1 150  16 120 151 192  80  46 219  50 245 118 150  98 205 105 241 251  40  61 185  25 184  30   9  62 197 208 186 225 149 178 134 152 127   9 218 157 149 158  67  69  59 159 120 150 239 231   0  84 199 121 242   7 166  81  21 166 168  61  86 135  55 
100 234 239  41   6 251  87  19 170  72  87 183  76  16 179  97 118 193 119  89  56  52  64  35 105  79 221  31 188 245   6  79  81  89  13  99 215 182 255  90 204 131  63  38  59 159 209 227  90 255 207  85 118  48 192 180  68 253 228 117  50   0 100 169 193 160 
158  72 119 173 196 191  26 153  13 250  34  61  40 252  12 243  26 183 152 142 166  89 253 210  49   5 225  90 224 220  51  89  77  80 139 213  23 151 155  74  70 165 100  60 171 223 228 174 156 175  34  48 159 178  65  99 243  28 135 113   8  89 160  91 232  76 
  1 228  33 229 146 208 245  74 174  42 157 118 235 235 171 102 164  66 108  29 103   9  27 145 168  11 199 186 202 224  50 225  71   4  18 176  77  30 201   0 146  39 181 203 152   5  62 133 166 100  80 146  51 189 244 222  96  11 237  31   2 107 226 162 135 241 
 12 191 136  43   9  53  43 188  81 113 202 242  47 237  91  99 154  22 215  88 132  21 223 202  14  33 106  43  39 194 129 179  80 196 233   6   8 205 165 166 202 245 117  75  14 235  89 144 175 133  20   2 186 134 254  53 223 144   4 249  71  42  33 106 227 219 
123 252 148  14  33 155  71  15  41 113 134   6  73 179  64 232 174  62  94  96 142  47 249  63 122 165 211 184 164  36 252  54 170   1 244  51 169 165 172 140  55   9  74 126 153 231 218 172 134 241 226 124  12 236 235  68  61 250 169 106  86  25  44 165  27  30 
 19 160 124 117  76 132 251   1  92  14 206 228  85 101 131 231 142 155 179 188 223 231 181 233  16 253 255   5 162 240 191 142 148 137 225  11 160 153   9  94  49 220  24 162  59  72  15 169  55  71 135  51 143  51 138  31  11 199 128 193  56   1 216  18   3 223 
  7 211 197 243 183 111  16 121 179  65 253 245  11 205  91  23  64 193 185  64  13 174 171 213 103  50 199  24  36 147   9  79 134 186  92 139  34 191 197 102 252 162 169  13  96 179 101 228 179 221 206 215 113 128  72  80 214 201  20 225 200  41  53 121 218  29 
 65 184  92 106  19 222  94 159 196 207 148  13 195 252 105 113 230 113 253 107 206  34 228 196  21   3 172 129 137  52 141  35 158 180 220 246  69 115  57 220  24   4 121  15  81 223  97 183 188 249  65 131 238  13 205 138 242  53  39 214 245 238  69  93 104  24 
 69 132  98  29  76 125  22  96 214  50  89 221 192  22 216 173 182 173 255  83 202 169  57 194 223 248 138 149 248 134 216 149  36 122 116 127  17  64   1 195  98 228  54 169  77 101 240 198  37 238 148  62 178  85  78 162 122 159  65 236 245 133 181  97 216   6 
 12   0 218 248 125  45 100   3 253  85 136 154 160 201 117  73 207  62  25  21 149  84 234 130  79 142 207 128 113 227 158  16   8  12 138 101 112 192 130 135 195  53  23 245 115 224 174  43 248  63  78  70 188  97 145  92 189 252 217 216  81  44 183 112 168 224 
152 181  98 140 145 202 252 246   7 136  36 219 204 148 145 220 144 255 220  33  53 251 123  54 118  19  87 150  50  35 175 207 160 187 186  71  61 204 212 187  66 121 226 114  50 155  44 169 107 116  38  27  61 111 115 163  78  50  69   1 120  14  81 150 219  14 
186 118 170  50  24 156  61 157 178 118  31 214   0 239  44 131  60 248 131 233  24  44 171 129 128  50 172 204 114 210 197  89 122  82 202 204  72  86  38 102 242 220 190 161 253 181  46 238  11 188 144 194 176 198 106 161 201  19 225 165  94 109 172  36  95 137 
164  33 216 168 164  65 163  23 211 174 219 249 216  64 178 177 182 190 124  19 151  54 170 200 100 172 159 218  28 137 213 139 237  64 122   0  31 199 255  51  35   3  39   2 136  79 164 112  64 133 246 152  33 254 116 216 232  36  18 196   7  65 224 195 183 172 
199  25 220 208 234 104  64  72  10  88  74  99   6   7 157 203 124 130 139 113  24 168  48 127 188  64 207 140  77 247 239 128 198  27  19 186 221  92 215 231  47 239  15 100  76 135 240  24 192  96 227  15 150  88 117 122 172 171 211 166 114  98 147  95 235 135 
  9 142 191 123 203 182 184  35 251 162  84 187 231  49   7 240  77 194 245 248  76  97 248  25  74 243 158  24  61  30 216  37 126 111  49 149  68 188 139 195 249  44 179 233  70 194 253 163  86 136  12 127 119 139  39 142 175  36  17 160 182 175  37 185 209 214 
192 220  98 109 158  53 154 113  47 110 169  64 156 158 189 219  13 110 101 232  62  74 217 209  90  79  80 122  24 246  74 245 115 156 235 140  48  50  19  88  99 162 234 195  84 162 243 115 187 115  95 233  60  75 229 202 191 136 249 206  49  90  87  35 237 169 
152  78 134 175 167 202 243 171  37 221  91  63 148  11  50  89  70 101  40  71  75 121  52 121 223 142   1  91 192  39 126  73 159 215 102 237  64   8 255 244  84 128 188 204  24 246 165 107 250  86  69  77 155 116  30 237  42  33 200  67  46 108 220 132  44 230 
107 198 164 134  46 180 129 128 165 206  88  32  72   6 225 201 124  27  59  81 197 133  82 142 128 217 172 170 211  58 162 217 182  11 112 234  81   3 200 183  98  73 183 225 227 138  69 185  62 185  51  81  19 135  86 207 212 241 145  56 201  47 119 233  13 251 
111  70 148 152 177  33 111  98 105  40 140  60 102  62 215  97  64  83  19  84 249  31 190 120 111 233 171 168 154  87 230   0 105   8 190  22 160  45 251 111 126 210  57 160 172  88 195 209 139 215 149  68 247 251 123 210 103  45 243   7  35  29 174  43  53  30 
234  83 222  45 229 137  84  67 161  27 110 120 245  21 141 148  60 133  91  92 252 193  71   2 254 149  58 198 210 144  38  48  99  30 142 246  37 105 143 208  65  73  68 149  16 140 162 243 132 185 104  91 155 205 206  84 118 204 253 111  62  97  45  33 130  33 
229  49  83 109 250 169 234 186 226 173  65 182 101 111 178 163 185  83 174  44  59 194  90 103  57 250 145  52 112 253 138  19   5 167  93  49 231 234  89 165 124  72  25  62 101   1 203  66 169   3  93  21 225  45  95 109 201 135  19  71  48  15 198 114  70  15 
166  26  39 184  77 238  89  77 243 178  53  97 251  79 187 120 191 194  16 159 215  59  12 182 253 207  37  85  62  70 171  88  95 160  97 106 143  88 223  64  61 118   4 170 186 205  62 189 198 186  20 149 161  58 253 169  83 220  13 255 162  36 204   0  18 154 

================================================================
                    SIMULATION SUMMARY
================================================================
Mode:                MIRROR_VERTICAL
Input dimensions:   28 x 66 (H x W)
Output dimensions:  28 x 66 (H x W)
Pixels processed:   1848
Output file:        samples_out.pgm
================================================================

$finish called at time : 37035 ns : File "C:/Users/5490 i7/Downloads/Logic-Design-Project-ImageRot-Mir-HCMUT-251/main_project/img_rot_project/img_rot_project.srcs/sources_1/new/axi_image_rotator_tb.v" Line 196
xsim: Time (s): cpu = 00:00:15 ; elapsed = 00:00:08 . Memory (MB): peak = 1700.102 ; gain = 28.426
INFO: [USF-XSim-96] XSim completed. Design snapshot 'tb_axi_image_rotator_behav' loaded.
INFO: [USF-XSim-97] XSim simulation ran for 10ms
launch_simulation: Time (s): cpu = 00:00:26 ; elapsed = 00:00:19 . Memory (MB): peak = 1700.102 ; gain = 39.328
close_sim
INFO: [Simtcl 6-16] Simulation closed
WARNING: [filemgmt 56-199] Attempt to get parsing info during refresh. "On-the-fly" syntax checking information may be incorrect. [C:\Users\5490 i7\Downloads\Logic-Design-Project-ImageRot-Mir-HCMUT-251\main_project\img_rot_project\img_rot_project.srcs\sources_1\new\axi_image_rotator_tb.v:]
WARNING: [filemgmt 56-199] Attempt to get parsing info during refresh. "On-the-fly" syntax checking information may be incorrect. [C:\Users\5490 i7\Downloads\Logic-Design-Project-ImageRot-Mir-HCMUT-251\main_project\img_rot_project\img_rot_project.srcs\sources_1\new\axi_image_rotator.v:]
launch_simulation
Command: launch_simulation 
INFO: [Vivado 12-12493] Simulation top is 'tb_axi_image_rotator'
WARNING: [Vivado 12-13340] Unable to auto find GCC executables from simulator install path! (path not set)
INFO: [Vivado 12-5698] Checking validity of IPs in the design for the 'XSim' simulator...
INFO: [Vivado 12-5682] Launching behavioral simulation in 'C:/Users/5490 i7/Downloads/Logic-Design-Project-ImageRot-Mir-HCMUT-251/main_project/img_rot_project/img_rot_project.sim/sim_1/behav/xsim'
INFO: [Vivado 12-13660] Precompiled IP simulation library mode is enabled (default). The design IP libraries will be referenced from the compiled library path. Please note that if the precompiled version of the library is not found from the path or the IP is in locked state, then the library source files for these IPs will be compiled locally as part of the compile order.
INFO: [Vivado 12-4795] Using compiled simulation libraries for IPs
INFO: [SIM-utils-51] Simulation object is 'sim_1'
INFO: [SIM-utils-72] Using boost library from 'C:/Xilinx/Vivado/2023.2/tps/boost_1_72_0'
INFO: [USF-XSim-7] Finding pre-compiled libraries...
INFO: [USF-XSim-11] File 'C:/Xilinx/Vivado/2023.2/data/xsim/xsim.ini' copied to run dir:'C:/Users/5490 i7/Downloads/Logic-Design-Project-ImageRot-Mir-HCMUT-251/main_project/img_rot_project/img_rot_project.sim/sim_1/behav/xsim'
INFO: [SIM-utils-20] The project contains locked or custom IPs. The pre-compiled version of these IPs will not be referenced and the sources from these IP libraries will be compiled locally.
INFO: [SIM-utils-54] Inspecting design source files for 'tb_axi_image_rotator' in fileset 'sim_1'...
INFO: [SIM-utils-43] Exported 'C:/Users/5490 i7/Downloads/Logic-Design-Project-ImageRot-Mir-HCMUT-251/main_project/img_rot_project/img_rot_project.sim/sim_1/behav/xsim/samples_in.mem'
INFO: [SIM-utils-43] Exported 'C:/Users/5490 i7/Downloads/Logic-Design-Project-ImageRot-Mir-HCMUT-251/main_project/img_rot_project/img_rot_project.sim/sim_1/behav/xsim/samples_in.mem'
INFO: [USF-XSim-97] Finding global include files...
INFO: [USF-XSim-98] Fetching design files from 'sim_1'...
INFO: [USF-XSim-2] XSim::Compile design
INFO: [USF-XSim-61] Executing 'COMPILE and ANALYZE' step in 'C:/Users/5490 i7/Downloads/Logic-Design-Project-ImageRot-Mir-HCMUT-251/main_project/img_rot_project/img_rot_project.sim/sim_1/behav/xsim'
"xvlog --incr --relax -L axi_vip_v1_1_15 -L processing_system7_vip_v1_0_17 -L axi_vip_v1_1_4 -L processing_system7_vip_v1_0_6 -L smartconnect_v1_0 -L xilinx_vip -prj tb_axi_image_rotator_vlog.prj"
ECHO is off.
ECHO is off.
INFO: [VRFC 10-2263] Analyzing Verilog file "C:/Users/5490 i7/Downloads/Logic-Design-Project-ImageRot-Mir-HCMUT-251/main_project/img_rot_project/img_rot_project.srcs/sources_1/new/defines.v" into library xil_defaultlib
INFO: [VRFC 10-2263] Analyzing Verilog file "C:/Users/5490 i7/Downloads/Logic-Design-Project-ImageRot-Mir-HCMUT-251/main_project/img_rot_project/img_rot_project.srcs/sources_1/new/defines.v" into library xil_defaultlib
INFO: [VRFC 10-2263] Analyzing Verilog file "C:/Users/5490 i7/Downloads/Logic-Design-Project-ImageRot-Mir-HCMUT-251/main_project/img_rot_project/img_rot_project.srcs/sources_1/new/axi_image_rotator_tb.v" into library xil_defaultlib
INFO: [VRFC 10-311] analyzing module tb_axi_image_rotator
INFO: [USF-XSim-69] 'compile' step finished in '2' seconds
INFO: [USF-XSim-3] XSim::Elaborate design
INFO: [USF-XSim-61] Executing 'ELABORATE' step in 'C:/Users/5490 i7/Downloads/Logic-Design-Project-ImageRot-Mir-HCMUT-251/main_project/img_rot_project/img_rot_project.sim/sim_1/behav/xsim'
"xelab --incr --debug typical --relax --mt 2 -L xil_defaultlib -L xilinx_vip -L unisims_ver -L unimacro_ver -L secureip -L xpm --snapshot tb_axi_image_rotator_behav xil_defaultlib.tb_axi_image_rotator xil_defaultlib.glbl -log elaborate.log"
ECHO is off.
ECHO is off.
Vivado Simulator v2023.2
Copyright 1986-2022 Xilinx, Inc. All Rights Reserved.
Copyright 2022-2023 Advanced Micro Devices, Inc. All Rights Reserved.
Running: C:/Xilinx/Vivado/2023.2/bin/unwrapped/win64.o/xelab.exe --incr --debug typical --relax --mt 2 -L xil_defaultlib -L xilinx_vip -L unisims_ver -L unimacro_ver -L secureip -L xpm --snapshot tb_axi_image_rotator_behav xil_defaultlib.tb_axi_image_rotator xil_defaultlib.glbl -log elaborate.log 
Using 2 slave threads.
Starting static elaboration
Pass Through NonSizing Optimizer
Completed static elaboration
Starting simulation data flow analysis
Completed simulation data flow analysis
Time Resolution for simulation is 1ps
Compiling module xil_defaultlib.axi_image_rotator
Compiling module xil_defaultlib.tb_axi_image_rotator
Compiling module xil_defaultlib.glbl
Built simulation snapshot tb_axi_image_rotator_behav
INFO: [USF-XSim-69] 'elaborate' step finished in '3' seconds
INFO: [USF-XSim-4] XSim::Simulate design
INFO: [USF-XSim-61] Executing 'SIMULATE' step in 'C:/Users/5490 i7/Downloads/Logic-Design-Project-ImageRot-Mir-HCMUT-251/main_project/img_rot_project/img_rot_project.sim/sim_1/behav/xsim'
INFO: [USF-XSim-98] *** Running xsim
   with args "tb_axi_image_rotator_behav -key {Behavioral:sim_1:Functional:tb_axi_image_rotator} -tclbatch {tb_axi_image_rotator.tcl} -protoinst "protoinst_files/bd_e485.protoinst" -protoinst "protoinst_files/image_rotator_design.protoinst" -log {simulate.log}"
INFO: [USF-XSim-8] Loading simulator feature
INFO: [Wavedata 42-565] Reading protoinst file protoinst_files/bd_e485.protoinst
WARNING: [Wavedata 42-558] Couldn't load one or more protocol instances from protoinst file protoinst_files/bd_e485.protoinst for the following reason(s):
There are no instances of module "bd_e485" in the design.

INFO: [Wavedata 42-565] Reading protoinst file protoinst_files/image_rotator_design.protoinst
WARNING: [Wavedata 42-558] Couldn't load one or more protocol instances from protoinst file protoinst_files/image_rotator_design.protoinst for the following reason(s):
There are no instances of module "image_rotator_design" in the design.

Time resolution is 1 ps
source tb_axi_image_rotator.tcl
# set curr_wave [current_wave_config]
# if { [string length $curr_wave] == 0 } {
#   if { [llength [get_objects]] > 0} {
#     add_wave /
#     set_property needs_save false [current_wave_config]
#   } else {
#      send_msg_id Add_Wave-1 WARNING "No top level signals found. Simulator will start without a wave window. If you want to open a wave window go to 'File->New Waveform Configuration' or type 'create_wave_config' in the TCL console."
#   }
# }
WARNING: [Wavedata 42-489] Can't add object "/tb_axi_image_rotator/buffer_din" to the wave window because it has 8388608 bits, which exceeds the display limit of 65536 bits.  To change the display limit, use the command "set_property display_limit <new limit> [current_wave_config]".
WARNING: [Wavedata 42-489] Can't add object "/tb_axi_image_rotator/buffer_dout" to the wave window because it has 2097152 bits, which exceeds the display limit of 65536 bits.  To change the display limit, use the command "set_property display_limit <new limit> [current_wave_config]".
# run 10ms


================================================================
           AXI IMAGE ROTATOR TESTBENCH
================================================================
Mode:  (90 clockwise)
Input  dimensions: 28 x 66 (H x W)
Output dimensions: 66 x 28 (H x W)
Total pixels: 1848
================================================================

=== INPUT IMAGE MATRIX (28x66) ===
166  26  39 184  77 238  89  77 243 178  53  97 251  79 187 120 191 194  16 159 215  59  12 182 253 207  37  85  62  70 171  88  95 160  97 106 143  88 223  64  61 118   4 170 186 205  62 189 198 186  20 149 161  58 253 169  83 220  13 255 162  36 204   0  18 154 
229  49  83 109 250 169 234 186 226 173  65 182 101 111 178 163 185  83 174  44  59 194  90 103  57 250 145  52 112 253 138  19   5 167  93  49 231 234  89 165 124  72  25  62 101   1 203  66 169   3  93  21 225  45  95 109 201 135  19  71  48  15 198 114  70  15 
234  83 222  45 229 137  84  67 161  27 110 120 245  21 141 148  60 133  91  92 252 193  71   2 254 149  58 198 210 144  38  48  99  30 142 246  37 105 143 208  65  73  68 149  16 140 162 243 132 185 104  91 155 205 206  84 118 204 253 111  62  97  45  33 130  33 
111  70 148 152 177  33 111  98 105  40 140  60 102  62 215  97  64  83  19  84 249  31 190 120 111 233 171 168 154  87 230   0 105   8 190  22 160  45 251 111 126 210  57 160 172  88 195 209 139 215 149  68 247 251 123 210 103  45 243   7  35  29 174  43  53  30 
107 198 164 134  46 180 129 128 165 206  88  32  72   6 225 201 124  27  59  81 197 133  82 142 128 217 172 170 211  58 162 217 182  11 112 234  81   3 200 183  98  73 183 225 227 138  69 185  62 185  51  81  19 135  86 207 212 241 145  56 201  47 119 233  13 251 
152  78 134 175 167 202 243 171  37 221  91  63 148  11  50  89  70 101  40  71  75 121  52 121 223 142   1  91 192  39 126  73 159 215 102 237  64   8 255 244  84 128 188 204  24 246 165 107 250  86  69  77 155 116  30 237  42  33 200  67  46 108 220 132  44 230 
192 220  98 109 158  53 154 113  47 110 169  64 156 158 189 219  13 110 101 232  62  74 217 209  90  79  80 122  24 246  74 245 115 156 235 140  48  50  19  88  99 162 234 195  84 162 243 115 187 115  95 233  60  75 229 202 191 136 249 206  49  90  87  35 237 169 
  9 142 191 123 203 182 184  35 251 162  84 187 231  49   7 240  77 194 245 248  76  97 248  25  74 243 158  24  61  30 216  37 126 111  49 149  68 188 139 195 249  44 179 233  70 194 253 163  86 136  12 127 119 139  39 142 175  36  17 160 182 175  37 185 209 214 
199  25 220 208 234 104  64  72  10  88  74  99   6   7 157 203 124 130 139 113  24 168  48 127 188  64 207 140  77 247 239 128 198  27  19 186 221  92 215 231  47 239  15 100  76 135 240  24 192  96 227  15 150  88 117 122 172 171 211 166 114  98 147  95 235 135 
164  33 216 168 164  65 163  23 211 174 219 249 216  64 178 177 182 190 124  19 151  54 170 200 100 172 159 218  28 137 213 139 237  64 122   0  31 199 255  51  35   3  39   2 136  79 164 112  64 133 246 152  33 254 116 216 232  36  18 196   7  65 224 195 183 172 
186 118 170  50  24 156  61 157 178 118  31 214   0 239  44 131  60 248 131 233  24  44 171 129 128  50 172 204 114 210 197  89 122  82 202 204  72  86  38 102 242 220 190 161 253 181  46 238  11 188 144 194 176 198 106 161 201  19 225 165  94 109 172  36  95 137 
152 181  98 140 145 202 252 246   7 136  36 219 204 148 145 220 144 255 220  33  53 251 123  54 118  19  87 150  50  35 175 207 160 187 186  71  61 204 212 187  66 121 226 114  50 155  44 169 107 116  38  27  61 111 115 163  78  50  69   1 120  14  81 150 219  14 
 12   0 218 248 125  45 100   3 253  85 136 154 160 201 117  73 207  62  25  21 149  84 234 130  79 142 207 128 113 227 158  16   8  12 138 101 112 192 130 135 195  53  23 245 115 224 174  43 248  63  78  70 188  97 145  92 189 252 217 216  81  44 183 112 168 224 
 69 132  98  29  76 125  22  96 214  50  89 221 192  22 216 173 182 173 255  83 202 169  57 194 223 248 138 149 248 134 216 149  36 122 116 127  17  64   1 195  98 228  54 169  77 101 240 198  37 238 148  62 178  85  78 162 122 159  65 236 245 133 181  97 216   6 
 65 184  92 106  19 222  94 159 196 207 148  13 195 252 105 113 230 113 253 107 206  34 228 196  21   3 172 129 137  52 141  35 158 180 220 246  69 115  57 220  24   4 121  15  81 223  97 183 188 249  65 131 238  13 205 138 242  53  39 214 245 238  69  93 104  24 
  7 211 197 243 183 111  16 121 179  65 253 245  11 205  91  23  64 193 185  64  13 174 171 213 103  50 199  24  36 147   9  79 134 186  92 139  34 191 197 102 252 162 169  13  96 179 101 228 179 221 206 215 113 128  72  80 214 201  20 225 200  41  53 121 218  29 
 19 160 124 117  76 132 251   1  92  14 206 228  85 101 131 231 142 155 179 188 223 231 181 233  16 253 255   5 162 240 191 142 148 137 225  11 160 153   9  94  49 220  24 162  59  72  15 169  55  71 135  51 143  51 138  31  11 199 128 193  56   1 216  18   3 223 
123 252 148  14  33 155  71  15  41 113 134   6  73 179  64 232 174  62  94  96 142  47 249  63 122 165 211 184 164  36 252  54 170   1 244  51 169 165 172 140  55   9  74 126 153 231 218 172 134 241 226 124  12 236 235  68  61 250 169 106  86  25  44 165  27  30 
 12 191 136  43   9  53  43 188  81 113 202 242  47 237  91  99 154  22 215  88 132  21 223 202  14  33 106  43  39 194 129 179  80 196 233   6   8 205 165 166 202 245 117  75  14 235  89 144 175 133  20   2 186 134 254  53 223 144   4 249  71  42  33 106 227 219 
  1 228  33 229 146 208 245  74 174  42 157 118 235 235 171 102 164  66 108  29 103   9  27 145 168  11 199 186 202 224  50 225  71   4  18 176  77  30 201   0 146  39 181 203 152   5  62 133 166 100  80 146  51 189 244 222  96  11 237  31   2 107 226 162 135 241 
158  72 119 173 196 191  26 153  13 250  34  61  40 252  12 243  26 183 152 142 166  89 253 210  49   5 225  90 224 220  51  89  77  80 139 213  23 151 155  74  70 165 100  60 171 223 228 174 156 175  34  48 159 178  65  99 243  28 135 113   8  89 160  91 232  76 
100 234 239  41   6 251  87  19 170  72  87 183  76  16 179  97 118 193 119  89  56  52  64  35 105  79 221  31 188 245   6  79  81  89  13  99 215 182 255  90 204 131  63  38  59 159 209 227  90 255 207  85 118  48 192 180  68 253 228 117  50   0 100 169 193 160 
 24 112 112   1 150  16 120 151 192  80  46 219  50 245 118 150  98 205 105 241 251  40  61 185  25 184  30   9  62 197 208 186 225 149 178 134 152 127   9 218 157 149 158  67  69  59 159 120 150 239 231   0  84 199 121 242   7 166  81  21 166 168  61  86 135  55 
214  65 232 243 230 135 185 117 245  22 247  35 181 138 120 214 106  52  51 115  13 134  40 241  27 192 180 233 132  49  22  15 252 219 123 223  32 245   8 214 245 214 170 209   1 230  12  81 178 104 246 139 255  17  12 130 217  65  48  67 102  19 242 212 108  52 
151 252  53  54 207  90 154   1  90 232  75 131  91 225  48  74 204  54 154 143  79 201 114  90  68 199  29  67 229  15 159 188  80 158 124  80  13 110 115 197  20 187 189  72  83 218 254  90 155 122 207  38  58  30 210  55  96 175 153 105  30 166  37  83  17 104 
255 212 121 251 149 122 110  38  27   9  84  42  77  27  74  97 194 189  33  34  82 173  66 246  59 221 201  14 148 231 102 117  54 176 254  57 217  90 155 209 214 194 138 139 251 246  98  74  27  60  44 147 142 248 227  88   0 109 151 199  85  10 251 118 134  33 
240 116 136 239  41 181 243  33  45  40  54  15 220 135  10  19 234 155 133 146  76  84 245  38  39 113 182 214 192 142 203 194 180  52  27   9 251 168 254  91 198 246  99  60 157  71  60 102  28 122 214  59  73 176 147  69  64  12  19  84 146  24  91 199  76 152 
249 177 206  99  34 111 235  97  30  32 136  38  52 150 248 165 118 157 102 255 230 150  79  13  60 203  97 161 255 140  76  77  30 105 192 239  97 184 210 163 202  20 178 146 190 148 247  22  87 102 193 186 128 182  67 154 151  95 188  70 186 246  42 210 154 136 

=== Sending 1848 pixels ===
=== Receiving pixels ===
=== Transfer complete ===

=== OUTPUT IMAGE MATRIX (66x28) ===
249 240 255 151 214  24 100 158   1  12 123  19   7  65  69  12 152 186 164 199   9 192 152 107 111 234 229 166 
177 116 212 252  65 112 234  72 228 191 252 160 211 184 132   0 181 118  33  25 142 220  78 198  70  83  49  26 
206 136 121  53 232 112 239 119  33 136 148 124 197  92  98 218  98 170 216 220 191  98 134 164 148 222  83  39 
 99 239 251  54 243   1  41 173 229  43  14 117 243 106  29 248 140  50 168 208 123 109 175 134 152  45 109 184 
 34  41 149 207 230 150   6 196 146   9  33  76 183  19  76 125 145  24 164 234 203 158 167  46 177 229 250  77 
111 181 122  90 135  16 251 191 208  53 155 132 111 222 125  45 202 156  65 104 182  53 202 180  33 137 169 238 
235 243 110 154 185 120  87  26 245  43  71 251  16  94  22 100 252  61 163  64 184 154 243 129 111  84 234  89 
 97  33  38   1 117 151  19 153  74 188  15   1 121 159  96   3 246 157  23  72  35 113 171 128  98  67 186  77 
 30  45  27  90 245 192 170  13 174  81  41  92 179 196 214 253   7 178 211  10 251  47  37 165 105 161 226 243 
 32  40   9 232  22  80  72 250  42 113 113  14  65 207  50  85 136 118 174  88 162 110 221 206  40  27 173 178 
136  54  84  75 247  46  87  34 157 202 134 206 253 148  89 136  36  31 219  74  84 169  91  88 140 110  65  53 
 38  15  42 131  35 219 183  61 118 242   6 228 245  13 221 154 219 214 249  99 187  64  63  32  60 120 182  97 
 52 220  77  91 181  50  76  40 235  47  73  85  11 195 192 160 204   0 216   6 231 156 148  72 102 245 101 251 
150 135  27 225 138 245  16 252 235 237 179 101 205 252  22 201 148 239  64   7  49 158  11   6  62  21 111  79 
248  10  74  48 120 118 179  12 171  91  64 131  91 105 216 117 145  44 178 157   7 189  50 225 215 141 178 187 
165  19  97  74 214 150  97 243 102  99 232 231  23 113 173  73 220 131 177 203 240 219  89 201  97 148 163 120 
118 234 194 204 106  98 118  26 164 154 174 142  64 230 182 207 144  60 182 124  77  13  70 124  64  60 185 191 
157 155 189  54  52 205 193 183  66  22  62 155 193 113 173  62 255 248 190 130 194 110 101  27  83 133  83 194 
102 133  33 154  51 105 119 152 108 215  94 179 185 253 255  25 220 131 124 139 245 101  40  59  19  91 174  16 
255 146  34 143 115 241  89 142  29  88  96 188  64 107  83  21  33 233  19 113 248 232  71  81  84  92  44 159 
230  76  82  79  13 251  56 166 103 132 142 223  13 206 202 149  53  24 151  24  76  62  75 197 249 252  59 215 
150  84 173 201 134  40  52  89   9  21  47 231 174  34 169  84 251  44  54 168  97  74 121 133  31 193 194  59 
 79 245  66 114  40  61  64 253  27 223 249 181 171 228  57 234 123 171 170  48 248 217  52  82 190  71  90  12 
 13  38 246  90 241 185  35 210 145 202  63 233 213 196 194 130  54 129 200 127  25 209 121 142 120   2 103 182 
 60  39  59  68  27  25 105  49 168  14 122  16 103  21 223  79 118 128 100 188  74  90 223 128 111 254  57 253 
203 113 221 199 192 184  79   5  11  33 165 253  50   3 248 142  19  50 172  64 243  79 142 217 233 149 250 207 
 97 182 201  29 180  30 221 225 199 106 211 255 199 172 138 207  87 172 159 207 158  80   1 172 171  58 145  37 
161 214  14  67 233   9  31  90 186  43 184   5  24 129 149 128 150 204 218 140  24 122  91 170 168 198  52  85 
255 192 148 229 132  62 188 224 202  39 164 162  36 137 248 113  50 114  28  77  61  24 192 211 154 210 112  62 
140 142 231  15  49 197 245 220 224 194  36 240 147  52 134 227  35 210 137 247  30 246  39  58  87 144 253  70 
 76 203 102 159  22 208   6  51  50 129 252 191   9 141 216 158 175 197 213 239 216  74 126 162 230  38 138 171 
 77 194 117 188  15 186  79  89 225 179  54 142  79  35 149  16 207  89 139 128  37 245  73 217   0  48  19  88 
 30 180  54  80 252 225  81  77  71  80 170 148 134 158  36   8 160 122 237 198 126 115 159 182 105  99   5  95 
105  52 176 158 219 149  89  80   4 196   1 137 186 180 122  12 187  82  64  27 111 156 215  11   8  30 167 160 
192  27 254 124 123 178  13 139  18 233 244 225  92 220 116 138 186 202 122  19  49 235 102 112 190 142  93  97 
239   9  57  80 223 134  99 213 176   6  51  11 139 246 127 101  71 204   0 186 149 140 237 234  22 246  49 106 
 97 251 217  13  32 152 215  23  77   8 169 160  34  69  17 112  61  72  31 221  68  48  64  81 160  37 231 143 
184 168  90 110 245 127 182 151  30 205 165 153 191 115  64 192 204  86 199  92 188  50   8   3  45 105 234  88 
210 254 155 115   8   9 255 155 201 165 172   9 197  57   1 130 212  38 255 215 139  19 255 200 251 143  89 223 
163  91 209 197 214 218  90  74   0 166 140  94 102 220 195 135 187 102  51 231 195  88 244 183 111 208 165  64 
202 198 214  20 245 157 204  70 146 202  55  49 252  24  98 195  66 242  35  47 249  99  84  98 126  65 124  61 
 20 246 194 187 214 149 131 165  39 245   9 220 162   4 228  53 121 220   3 239  44 162 128  73 210  73  72 118 
178  99 138 189 170 158  63 100 181 117  74  24 169 121  54  23 226 190  39  15 179 234 188 183  57  68  25   4 
146  60 139  72 209  67  38  60 203  75 126 162  13  15 169 245 114 161   2 100 233 195 204 225 160 149  62 170 
190 157 251  83   1  69  59 171 152  14 153  59  96  81  77 115  50 253 136  76  70  84  24 227 172  16 101 186 
148  71 246 218 230  59 159 223   5 235 231  72 179 223 101 224 155 181  79 135 194 162 246 138  88 140   1 205 
247  60  98 254  12 159 209 228  62  89 218  15 101  97 240 174  44  46 164 240 253 243 165  69 195 162 203  62 
 22 102  74  90  81 120 227 174 133 144 172 169 228 183 198  43 169 238 112  24 163 115 107 185 209 243  66 189 
 87  28  27 155 178 150  90 156 166 175 134  55 179 188  37 248 107  11  64 192  86 187 250  62 139 132 169 198 
102 122  60 122 104 239 255 175 100 133 241  71 221 249 238  63 116 188 133  96 136 115  86 185 215 185   3 186 
193 214  44 207 246 231 207  34  80  20 226 135 206  65 148  78  38 144 246 227  12  95  69  51 149 104  93  20 
186  59 147  38 139   0  85  48 146   2 124  51 215 131  62  70  27 194 152  15 127 233  77  81  68  91  21 149 
128  73 142  58 255  84 118 159  51 186  12 143 113 238 178 188  61 176  33 150 119  60 155  19 247 155 225 161 
182 176 248  30  17 199  48 178 189 134 236  51 128  13  85  97 111 198 254  88 139  75 116 135 251 205  45  58 
 67 147 227 210  12 121 192  65 244 254 235 138  72 205  78 145 115 106 116 117  39 229  30  86 123 206  95 253 
154  69  88  55 130 242 180  99 222  53  68  31  80 138 162  92 163 161 216 122 142 202 237 207 210  84 109 169 
151  64   0  96 217   7  68 243  96 223  61  11 214 242 122 189  78 201 232 172 175 191  42 212 103 118 201  83 
 95  12 109 175  65 166 253  28  11 144 250 199 201  53 159 252  50  19  36 171  36 136  33 241  45 204 135 220 
188  19 151 153  48  81 228 135 237   4 169 128  20  39  65 217  69 225  18 211  17 249 200 145 243 253  19  13 
 70  84 199 105  67  21 117 113  31 249 106 193 225 214 236 216   1 165 196 166 160 206  67  56   7 111  71 255 
186 146  85  30 102 166  50   8   2  71  86  56 200 245 245  81 120  94   7 114 182  49  46 201  35  62  48 162 
246  24  10 166  19 168   0  89 107  42  25   1  41 238 133  44  14 109  65  98 175  90 108  47  29  97  15  36 
 42  91 251  37 242  61 100 160 226  33  44 216  53  69 181 183  81 172 224 147  37  87 220 119 174  45 198 204 
210 199 118  83 212  86 169  91 162 106 165  18 121  93  97 112 150  36 195  95 185  35 132 233  43  33 114   0 
154  76 134  17 108 135 193 232 135 227  27   3 218 104 216 168 219  95 183 235 209 237  44  13  53 130  70  18 
136 152  33 104  52  55 160  76 241 219  30 223  29  24   6 224  14 137 172 135 214 169 230 251  30  33  15 154 

================================================================
                    SIMULATION SUMMARY
================================================================
Mode:                (90 clockwise)
Input dimensions:   28 x 66 (H x W)
Output dimensions:  66 x 28 (H x W)
Pixels processed:   1848
Output file:        samples_out.pgm
================================================================

$finish called at time : 37035 ns : File "C:/Users/5490 i7/Downloads/Logic-Design-Project-ImageRot-Mir-HCMUT-251/main_project/img_rot_project/img_rot_project.srcs/sources_1/new/axi_image_rotator_tb.v" Line 196
xsim: Time (s): cpu = 00:00:08 ; elapsed = 00:00:06 . Memory (MB): peak = 1700.102 ; gain = 0.000
INFO: [USF-XSim-96] XSim completed. Design snapshot 'tb_axi_image_rotator_behav' loaded.
INFO: [USF-XSim-97] XSim simulation ran for 10ms
launch_simulation: Time (s): cpu = 00:00:13 ; elapsed = 00:00:14 . Memory (MB): peak = 1700.102 ; gain = 0.000
close_sim
INFO: [Simtcl 6-16] Simulation closed
exit
INFO: [Common 17-206] Exiting Vivado at Tue Dec 23 14:31:47 2025...
