Copyright 1986-2018 Xilinx, Inc. All Rights Reserved.
------------------------------------------------------------------------------------
| Tool Version : Vivado v.2018.3 (win64) Build 2405991 Thu Dec  6 23:38:27 MST 2018
| Date         : Sun Dec 14 16:07:04 2025
| Host         : LAPTOP-DHS056N6 running 64-bit major release  (build 9200)
| Command      : upgrade_ip
| Device       : xc7z020clg400-1
------------------------------------------------------------------------------------

Upgrade Log for IP 'image_rotation_design_axi_ip_0_0'

1. Summary
----------

SUCCESS in the conversion of image_rotation_design_axi_ip_0_0 (xilinx.com:user:axi_ip:1.0 (Rev. 2)) to Vivado generation flows.






Copyright 1986-2018 Xilinx, Inc. All Rights Reserved.
------------------------------------------------------------------------------------
| Tool Version : Vivado v.2018.3 (win64) Build 2405991 Thu Dec  6 23:38:27 MST 2018
| Date         : Sun Dec 14 11:44:24 2025
| Host         : LAPTOP-DHS056N6 running 64-bit major release  (build 9200)
| Command      : upgrade_ip
| Device       : xc7z020clg400-1
------------------------------------------------------------------------------------

Upgrade Log for IP 'image_rotation_design_axi_ip_0_0'

1. Summary
----------

SUCCESS in the conversion of image_rotation_design_axi_ip_0_0 (xilinx.com:user:axi_ip:1.0 (Rev. 2)) to Vivado generation flows.






Copyright 1986-2018 Xilinx, Inc. All Rights Reserved.
------------------------------------------------------------------------------------
| Tool Version : Vivado v.2018.3 (win64) Build 2405991 Thu Dec  6 23:38:27 MST 2018
| Date         : Sun Dec 14 11:38:25 2025
| Host         : LAPTOP-DHS056N6 running 64-bit major release  (build 9200)
| Command      : upgrade_ip
| Device       : xc7z020clg400-1
------------------------------------------------------------------------------------

Upgrade Log for IP 'image_rotation_design_axi_ip_0_0'

1. Summary
----------

SUCCESS in the conversion of image_rotation_design_axi_ip_0_0 (xilinx.com:user:axi_ip:1.0 (Rev. 2)) to Vivado generation flows.






Copyright 1986-2018 Xilinx, Inc. All Rights Reserved.
------------------------------------------------------------------------------------
| Tool Version : Vivado v.2018.3 (win64) Build 2405991 Thu Dec  6 23:38:27 MST 2018
| Date         : Sun Dec 14 11:07:34 2025
| Host         : LAPTOP-DHS056N6 running 64-bit major release  (build 9200)
| Command      : upgrade_ip
| Device       : xc7z020clg400-1
------------------------------------------------------------------------------------

Upgrade Log for IP 'image_rotation_design_axi_ip_0_0'

1. Summary
----------

SUCCESS in the conversion of image_rotation_design_axi_ip_0_0 (xilinx.com:user:axi_ip:1.0 (Rev. 2)) to Vivado generation flows.






Copyright 1986-2018 Xilinx, Inc. All Rights Reserved.
------------------------------------------------------------------------------------
| Tool Version : Vivado v.2018.3 (win64) Build 2405991 Thu Dec  6 23:38:27 MST 2018
| Date         : Sat Dec 13 22:55:16 2025
| Host         : LAPTOP-DHS056N6 running 64-bit major release  (build 9200)
| Command      : upgrade_ip
| Device       : xc7z020clg400-1
------------------------------------------------------------------------------------

Upgrade Log for IP 'image_rotation_design_axi_ip_0_0'

1. Summary
----------

SUCCESS in the conversion of image_rotation_design_axi_ip_0_0 (xilinx.com:user:axi_ip:1.0 (Rev. 2)) to Vivado generation flows.






Copyright 1986-2018 Xilinx, Inc. All Rights Reserved.
------------------------------------------------------------------------------------
| Tool Version : Vivado v.2018.3 (win64) Build 2405991 Thu Dec  6 23:38:27 MST 2018
| Date         : Sat Dec 13 22:49:59 2025
| Host         : LAPTOP-DHS056N6 running 64-bit major release  (build 9200)
| Command      : upgrade_ip
| Device       : xc7z020clg400-1
------------------------------------------------------------------------------------

Upgrade Log for IP 'image_rotation_design_axi_ip_0_0'

1. Summary
----------

SUCCESS in the conversion of image_rotation_design_axi_ip_0_0 (xilinx.com:user:axi_ip:1.0 (Rev. 2)) to Vivado generation flows.






Copyright 1986-2018 Xilinx, Inc. All Rights Reserved.
------------------------------------------------------------------------------------
| Tool Version : Vivado v.2018.3 (win64) Build 2405991 Thu Dec  6 23:38:27 MST 2018
| Date         : Sat Dec 13 22:47:37 2025
| Host         : LAPTOP-DHS056N6 running 64-bit major release  (build 9200)
| Command      : upgrade_ip
| Device       : xc7z020clg400-1
------------------------------------------------------------------------------------

Upgrade Log for IP 'image_rotation_design_axi_ip_0_0'

1. Summary
----------

SUCCESS in the conversion of image_rotation_design_axi_ip_0_0 (xilinx.com:user:axi_ip:1.0 (Rev. 2)) to Vivado generation flows.






Copyright 1986-2018 Xilinx, Inc. All Rights Reserved.
------------------------------------------------------------------------------------
| Tool Version : Vivado v.2018.3 (win64) Build 2405991 Thu Dec  6 23:38:27 MST 2018
| Date         : Sat Dec 13 22:44:48 2025
| Host         : LAPTOP-DHS056N6 running 64-bit major release  (build 9200)
| Command      : upgrade_ip
| Device       : xc7z020clg400-1
------------------------------------------------------------------------------------

Upgrade Log for IP 'image_rotation_design_axi_ip_0_0'

1. Summary
----------

SUCCESS in the conversion of image_rotation_design_axi_ip_0_0 (xilinx.com:user:axi_ip:1.0 (Rev. 2)) to Vivado generation flows.

